<?xml version="1.0" encoding="UTF-8"?>
<!-- Generated by org.testng.reporters.JUnitReportReporter -->
<testsuite skipped="0" hostname="LAPTOP-2H3V8ME1" name="com.lmg_dubai.sahlastore.customer.KTC005" tests="1" failures="0" timestamp="2020-04-14T12:02:08 IST" time="172.319" errors="0">
  <testcase name="ktc004" time="172.319" classname="com.lmg_dubai.sahlastore.customer.KTC005"/>
  <system-out/>
</testsuite> <!-- com.lmg_dubai.sahlastore.customer.KTC005 -->
