<?xml version="1.0" encoding="UTF-8"?>
<!-- Generated by org.testng.reporters.JUnitReportReporter -->
<testsuite skipped="1" hostname="TYSS-4F-33" name="com.lmg_dubai.sahlastore.customer.KTC002" tests="1" failures="0" timestamp="2020-03-19T21:08:43 IST" time="0.000" errors="0">
  <testcase name="ktc002" time="0.000" classname="com.lmg_dubai.sahlastore.customer.KTC002">
    <skipped/>
  </testcase> <!-- ktc002 -->
</testsuite> <!-- com.lmg_dubai.sahlastore.customer.KTC002 -->
