<?xml version="1.0" encoding="UTF-8"?>
<!-- Generated by org.testng.reporters.JUnitReportReporter -->
<testsuite skipped="0" hostname="LAPTOP-2H3V8ME1" name="com.lmg_dubai.sahlastore.customer.Customer_GlobalSearchMobile_KTC015" tests="1" failures="0" timestamp="2020-04-16T14:15:55 IST" time="284.593" errors="0">
  <testcase name="ktc015" time="284.593" classname="com.lmg_dubai.sahlastore.customer.Customer_GlobalSearchMobile_KTC015"/>
  <system-out/>
</testsuite> <!-- com.lmg_dubai.sahlastore.customer.Customer_GlobalSearchMobile_KTC015 -->
