<?xml version="1.0" encoding="UTF-8"?>
<!-- Generated by org.testng.reporters.JUnitReportReporter -->
<testsuite skipped="0" hostname="TYSS-4F-33" name="com.appium.training.tests.AddToWishlistTest" tests="1" failures="0" timestamp="2020-02-18T16:22:54 IST" time="34.660" errors="0">
  <testcase name="addToWishlist" time="34.660" classname="com.appium.training.tests.AddToWishlistTest"/>
</testsuite> <!-- com.appium.training.tests.AddToWishlistTest -->
