<?xml version="1.0" encoding="UTF-8"?>
<!-- Generated by org.testng.reporters.JUnitReportReporter -->
<testsuite skipped="0" hostname="LAPTOP-2H3V8ME1" name="com.lmg_dubai.sahlastore.item.Item_GlobalSearchItem_RTC001" tests="1" failures="0" timestamp="2020-04-22T10:21:37 IST" time="47.205" errors="1">
  <testcase name="rtc001" time="47.205" classname="com.lmg_dubai.sahlastore.item.Item_GlobalSearchItem_RTC001">
    <error type="org.openqa.selenium.WebDriverException" message="An unknown server-side error occurred while processing the command. Original error: Could not proxy command to remote server. Original error: Error: socket hang up
Build info: version: &#039;3.4.0&#039;, revision: &#039;unknown&#039;, time: &#039;unknown&#039;
System info: host: &#039;LAPTOP-2H3V8ME1&#039;, ip: &#039;192.168.0.108&#039;, os.name: &#039;Windows 10&#039;, os.arch: &#039;amd64&#039;, os.version: &#039;10.0&#039;, java.version: &#039;1.8.0_162&#039;
Driver info: io.appium.java_client.android.AndroidDriver
Capabilities [{appPackage=com.landmarkgroup.sahla, statBarHeight=89.0, noReset=true, viewportRect={top=89.0, left=0.0, width=1080.0, height=1976.0}, deviceName=DRGID18082805715, fullReset=false, platform=ANDROID, deviceUDID=DRGID18082805715, desired={appPackage=com.landmarkgroup.sahla, noReset=true, allowDenyPermission=true, deviceName=Samsung, fullReset=false, platform=ANDROID, appActivity=crc646ee66886a7a00442.SplashScreen, newCommandTimeout=1200.0, platformVersion=10.0, adbExecTimeout=30000.0, automationName=UiAutomator2, autoGrantPermissions=true, autoAcceptAlert=true, platformName=Android, udid=DRGID18082805715}, newCommandTimeout=1200.0, platformVersion=10, webStorageEnabled=false, automationName=UiAutomator2, takesScreenshot=true, javascriptEnabled=true, autoAcceptAlert=true, platformName=Android, udid=DRGID18082805715, deviceApiLevel=29.0, deviceManufacturer=HMD Global, deviceScreenSize=1080x2280, networkConnectionEnabled=true, allowDenyPermission=true, warnings={}, databaseEnabled=false, appActivity=crc646ee66886a7a00442.SplashScreen, adbExecTimeout=30000.0, pixelRatio=2.625, locationContextEnabled=false, autoGrantPermissions=true, deviceScreenDensity=420.0, deviceModel=Nokia 6.1 Plus}]
Session ID: 62885d43-dbfd-4aa4-ba07-eea1ab2652cf
*** Element info: {Using=xpath, value=//android.widget.EditText}">
      <![CDATA[org.openqa.selenium.WebDriverException: An unknown server-side error occurred while processing the command. Original error: Could not proxy command to remote server. Original error: Error: socket hang up
Build info: version: '3.4.0', revision: 'unknown', time: 'unknown'
System info: host: 'LAPTOP-2H3V8ME1', ip: '192.168.0.108', os.name: 'Windows 10', os.arch: 'amd64', os.version: '10.0', java.version: '1.8.0_162'
Driver info: io.appium.java_client.android.AndroidDriver
Capabilities [{appPackage=com.landmarkgroup.sahla, statBarHeight=89.0, noReset=true, viewportRect={top=89.0, left=0.0, width=1080.0, height=1976.0}, deviceName=DRGID18082805715, fullReset=false, platform=ANDROID, deviceUDID=DRGID18082805715, desired={appPackage=com.landmarkgroup.sahla, noReset=true, allowDenyPermission=true, deviceName=Samsung, fullReset=false, platform=ANDROID, appActivity=crc646ee66886a7a00442.SplashScreen, newCommandTimeout=1200.0, platformVersion=10.0, adbExecTimeout=30000.0, automationName=UiAutomator2, autoGrantPermissions=true, autoAcceptAlert=true, platformName=Android, udid=DRGID18082805715}, newCommandTimeout=1200.0, platformVersion=10, webStorageEnabled=false, automationName=UiAutomator2, takesScreenshot=true, javascriptEnabled=true, autoAcceptAlert=true, platformName=Android, udid=DRGID18082805715, deviceApiLevel=29.0, deviceManufacturer=HMD Global, deviceScreenSize=1080x2280, networkConnectionEnabled=true, allowDenyPermission=true, warnings={}, databaseEnabled=false, appActivity=crc646ee66886a7a00442.SplashScreen, adbExecTimeout=30000.0, pixelRatio=2.625, locationContextEnabled=false, autoGrantPermissions=true, deviceScreenDensity=420.0, deviceModel=Nokia 6.1 Plus}]
Session ID: 62885d43-dbfd-4aa4-ba07-eea1ab2652cf
*** Element info: {Using=xpath, value=//android.widget.EditText}
at sun.reflect.NativeConstructorAccessorImpl.newInstance0(Native Method)
at sun.reflect.NativeConstructorAccessorImpl.newInstance(Unknown Source)
at sun.reflect.DelegatingConstructorAccessorImpl.newInstance(Unknown Source)
at java.lang.reflect.Constructor.newInstance(Unknown Source)
at org.openqa.selenium.remote.http.W3CHttpResponseCodec.createException(W3CHttpResponseCodec.java:150)
at org.openqa.selenium.remote.http.W3CHttpResponseCodec.decode(W3CHttpResponseCodec.java:115)
at org.openqa.selenium.remote.http.W3CHttpResponseCodec.decode(W3CHttpResponseCodec.java:45)
at org.openqa.selenium.remote.HttpCommandExecutor.execute(HttpCommandExecutor.java:164)
at io.appium.java_client.remote.AppiumCommandExecutor.execute(AppiumCommandExecutor.java:69)
at org.openqa.selenium.remote.RemoteWebDriver.execute(RemoteWebDriver.java:637)
at io.appium.java_client.DefaultGenericMobileDriver.execute(DefaultGenericMobileDriver.java:40)
at io.appium.java_client.AppiumDriver.execute(AppiumDriver.java:1)
at io.appium.java_client.android.AndroidDriver.execute(AndroidDriver.java:1)
at org.openqa.selenium.remote.RemoteWebDriver.findElement(RemoteWebDriver.java:410)
at io.appium.java_client.DefaultGenericMobileDriver.findElement(DefaultGenericMobileDriver.java:56)
at io.appium.java_client.AppiumDriver.findElement(AppiumDriver.java:1)
at io.appium.java_client.android.AndroidDriver.findElement(AndroidDriver.java:1)
at org.openqa.selenium.remote.RemoteWebDriver.findElementByXPath(RemoteWebDriver.java:509)
at io.appium.java_client.DefaultGenericMobileDriver.findElementByXPath(DefaultGenericMobileDriver.java:134)
at io.appium.java_client.AppiumDriver.findElementByXPath(AppiumDriver.java:1)
at io.appium.java_client.android.AndroidDriver.findElementByXPath(AndroidDriver.java:1)
at org.openqa.selenium.By$ByXPath.findElement(By.java:361)
at org.openqa.selenium.remote.RemoteWebDriver.findElement(RemoteWebDriver.java:402)
at io.appium.java_client.DefaultGenericMobileDriver.findElement(DefaultGenericMobileDriver.java:52)
at io.appium.java_client.AppiumDriver.findElement(AppiumDriver.java:1)
at io.appium.java_client.android.AndroidDriver.findElement(AndroidDriver.java:1)
at org.openqa.selenium.support.pagefactory.DefaultElementLocator.findElement(DefaultElementLocator.java:69)
at org.openqa.selenium.support.pagefactory.internal.LocatingElementHandler.invoke(LocatingElementHandler.java:38)
at com.sun.proxy.$Proxy6.getText(Unknown Source)
at com.lmg_dubai.sahlasell.pages.ItemPage.typeAndclearTxtField(ItemPage.java:200)
at com.lmg_dubai.sahlastore.item.Item_GlobalSearchItem_RTC001.rtc001(Item_GlobalSearchItem_RTC001.java:20)
at sun.reflect.NativeMethodAccessorImpl.invoke0(Native Method)
at sun.reflect.NativeMethodAccessorImpl.invoke(Unknown Source)
at sun.reflect.DelegatingMethodAccessorImpl.invoke(Unknown Source)
at java.lang.reflect.Method.invoke(Unknown Source)
at org.testng.internal.MethodInvocationHelper.invokeMethod(MethodInvocationHelper.java:134)
at org.testng.internal.TestInvoker.invokeMethod(TestInvoker.java:597)
at org.testng.internal.TestInvoker.invokeTestMethod(TestInvoker.java:173)
at org.testng.internal.MethodRunner.runInSequence(MethodRunner.java:46)
at org.testng.internal.TestInvoker$MethodInvocationAgent.invoke(TestInvoker.java:816)
at org.testng.internal.TestInvoker.invokeTestMethods(TestInvoker.java:146)
at org.testng.internal.TestMethodWorker.invokeTestMethods(TestMethodWorker.java:146)
at org.testng.internal.TestMethodWorker.run(TestMethodWorker.java:128)
at java.util.ArrayList.forEach(Unknown Source)
at org.testng.TestRunner.privateRun(TestRunner.java:766)
at org.testng.TestRunner.run(TestRunner.java:587)
at org.testng.SuiteRunner.runTest(SuiteRunner.java:384)
at org.testng.SuiteRunner.runSequentially(SuiteRunner.java:378)
at org.testng.SuiteRunner.privateRun(SuiteRunner.java:337)
at org.testng.SuiteRunner.run(SuiteRunner.java:286)
at org.testng.SuiteRunnerWorker.runSuite(SuiteRunnerWorker.java:53)
at org.testng.SuiteRunnerWorker.run(SuiteRunnerWorker.java:96)
at org.testng.TestNG.runSuitesSequentially(TestNG.java:1187)
at org.testng.TestNG.runSuitesLocally(TestNG.java:1109)
at org.testng.TestNG.runSuites(TestNG.java:1039)
at org.testng.TestNG.run(TestNG.java:1007)
at org.testng.remote.AbstractRemoteTestNG.run(AbstractRemoteTestNG.java:115)
at org.testng.remote.RemoteTestNG.initAndRun(RemoteTestNG.java:251)
at org.testng.remote.RemoteTestNG.main(RemoteTestNG.java:77)
]]>
    </error>
  </testcase> <!-- rtc001 -->
  <system-out/>
</testsuite> <!-- com.lmg_dubai.sahlastore.item.Item_GlobalSearchItem_RTC001 -->
