<?xml version="1.0" encoding="UTF-8"?>
<!-- Generated by org.testng.reporters.JUnitReportReporter -->
<testsuite name="com.lmg_dubai.sahlastore.inventory.SStore_TS048_Inventory_SendStoreTransfer" tests="1" time="110.524" ignored="4" failures="0" timestamp="16 Sep 2020 04:46:53 GMT" skipped="0" hostname="LAPTOP-38LR7550" errors="1">
  <testcase name="ts048" time="110.524" classname="com.lmg_dubai.sahlastore.inventory.SStore_TS048_Inventory_SendStoreTransfer">
    <error type="java.lang.IndexOutOfBoundsException" message="Index: 0, Size: 0">
      <![CDATA[java.lang.IndexOutOfBoundsException: Index: 0, Size: 0
	at java.util.ArrayList.rangeCheck(Unknown Source)
	at java.util.ArrayList.get(Unknown Source)
	at sun.reflect.NativeMethodAccessorImpl.invoke0(Native Method)
	at sun.reflect.NativeMethodAccessorImpl.invoke(Unknown Source)
	at sun.reflect.DelegatingMethodAccessorImpl.invoke(Unknown Source)
	at java.lang.reflect.Method.invoke(Unknown Source)
	at org.openqa.selenium.support.pagefactory.internal.LocatingElementListHandler.invoke(LocatingElementListHandler.java:39)
	at com.sun.proxy.$Proxy12.get(Unknown Source)
	at com.lmg_dubai.sahlastore.pages.InventorySendStoreTransferPage.verifyCreatedStoreTranfer(InventorySendStoreTransferPage.java:494)
	at com.lmg_dubai.sahlastore.inventory.SStore_TS048_Inventory_SendStoreTransfer.ts048(SStore_TS048_Inventory_SendStoreTransfer.java:29)
	at sun.reflect.NativeMethodAccessorImpl.invoke0(Native Method)
	at sun.reflect.NativeMethodAccessorImpl.invoke(Unknown Source)
	at sun.reflect.DelegatingMethodAccessorImpl.invoke(Unknown Source)
	at java.lang.reflect.Method.invoke(Unknown Source)
	at org.testng.internal.MethodInvocationHelper.invokeMethod(MethodInvocationHelper.java:104)
	at org.testng.internal.Invoker.invokeMethod(Invoker.java:645)
	at org.testng.internal.Invoker.invokeTestMethod(Invoker.java:851)
	at org.testng.internal.Invoker.invokeTestMethods(Invoker.java:1177)
	at org.testng.internal.TestMethodWorker.invokeTestMethods(TestMethodWorker.java:129)
	at org.testng.internal.TestMethodWorker.run(TestMethodWorker.java:112)
	at org.testng.TestRunner.privateRun(TestRunner.java:756)
	at org.testng.TestRunner.run(TestRunner.java:610)
	at org.testng.SuiteRunner.runTest(SuiteRunner.java:387)
	at org.testng.SuiteRunner.runSequentially(SuiteRunner.java:382)
	at org.testng.SuiteRunner.privateRun(SuiteRunner.java:340)
	at org.testng.SuiteRunner.run(SuiteRunner.java:289)
	at org.testng.SuiteRunnerWorker.runSuite(SuiteRunnerWorker.java:52)
	at org.testng.SuiteRunnerWorker.run(SuiteRunnerWorker.java:86)
	at org.testng.TestNG.runSuitesSequentially(TestNG.java:1293)
	at org.testng.TestNG.runSuitesLocally(TestNG.java:1218)
	at org.testng.TestNG.runSuites(TestNG.java:1133)
	at org.testng.TestNG.run(TestNG.java:1104)
	at org.testng.remote.AbstractRemoteTestNG.run(AbstractRemoteTestNG.java:115)
	at org.testng.remote.RemoteTestNG.initAndRun(RemoteTestNG.java:251)
	at org.testng.remote.RemoteTestNG.main(RemoteTestNG.java:77)
]]>
    </error>
  </testcase> <!-- ts048 -->
  <testcase name="finish" classname="com.lmg_dubai.sahlastore.library.BaseLib">
    <skipped/>
  </testcase> <!-- finish -->
  <testcase name="finish" classname="com.lmg_dubai.sahlastore.library.BaseLib">
    <skipped/>
  </testcase> <!-- finish -->
  <testcase name="createSheet" classname="com.lmg_dubai.sahlastore.library.BaseLib">
    <skipped/>
  </testcase> <!-- createSheet -->
  <testcase name="createSheet" classname="com.lmg_dubai.sahlastore.library.BaseLib">
    <skipped/>
  </testcase> <!-- createSheet -->
</testsuite> <!-- com.lmg_dubai.sahlastore.inventory.SStore_TS048_Inventory_SendStoreTransfer -->
