<?xml version="1.0" encoding="UTF-8"?>
<!-- Generated by org.testng.reporters.JUnitReportReporter -->
<testsuite skipped="0" hostname="LAPTOP-2H3V8ME1" name="com.lmg_dubai.sahlastore.customer.KTC017" tests="1" failures="0" timestamp="2020-04-14T12:02:08 IST" time="215.937" errors="0">
  <testcase name="test" time="215.937" classname="com.lmg_dubai.sahlastore.customer.KTC017"/>
  <system-out/>
</testsuite> <!-- com.lmg_dubai.sahlastore.customer.KTC017 -->
