<?xml version="1.0" encoding="UTF-8"?>
<!-- Generated by org.testng.reporters.JUnitReportReporter -->
<testsuite name="com.lmg_dubai.sahlastore.item.SStore_TS043_ITEM_PrintLabel" tests="1" time="94.331" ignored="4" failures="0" timestamp="25 Oct 2020 13:50:18 GMT" skipped="0" hostname="LAPTOP-38LR7550" errors="0">
  <testcase name="ts043" time="94.331" classname="com.lmg_dubai.sahlastore.item.SStore_TS043_ITEM_PrintLabel"/>
  <testcase name="finish" classname="com.lmg_dubai.sahlastore.library.BaseLib">
    <skipped/>
  </testcase> <!-- finish -->
  <testcase name="finish" classname="com.lmg_dubai.sahlastore.library.BaseLib">
    <skipped/>
  </testcase> <!-- finish -->
  <testcase name="createSheet" classname="com.lmg_dubai.sahlastore.library.BaseLib">
    <skipped/>
  </testcase> <!-- createSheet -->
  <testcase name="createSheet" classname="com.lmg_dubai.sahlastore.library.BaseLib">
    <skipped/>
  </testcase> <!-- createSheet -->
</testsuite> <!-- com.lmg_dubai.sahlastore.item.SStore_TS043_ITEM_PrintLabel -->
