<?xml version="1.0" encoding="UTF-8"?>
<!-- Generated by org.testng.reporters.JUnitReportReporter -->
<testsuite skipped="1" hostname="LAPTOP-2H3V8ME1" name="com.lmg_dubai.sahlastore.inventory.Inventory_Receive_TransferIn_STC015" tests="1" failures="0" timestamp="2020-04-29T20:15:39 IST" time="0.000" errors="0">
  <testcase name="stc022" time="0.000" classname="com.lmg_dubai.sahlastore.inventory.Inventory_Receive_TransferIn_STC015">
    <skipped/>
  </testcase> <!-- stc022 -->
  <system-out/>
</testsuite> <!-- com.lmg_dubai.sahlastore.inventory.Inventory_Receive_TransferIn_STC015 -->
