<?xml version="1.0" encoding="UTF-8"?>
<!-- Generated by org.testng.reporters.JUnitReportReporter -->
<testsuite name="com.lmg_dubai.sahlastore.inventory.SStore_TS133_Count_UnitStockCount" tests="1" time="320.869" ignored="2" failures="0" timestamp="26 Oct 2020 10:13:04 GMT" skipped="0" hostname="LAPTOP-38LR7550" errors="0">
  <testcase name="ts133" time="320.869" classname="com.lmg_dubai.sahlastore.inventory.SStore_TS133_Count_UnitStockCount"/>
  <testcase name="finish" classname="com.lmg_dubai.sahlastore.library.BaseLib">
    <skipped/>
  </testcase> <!-- finish -->
  <testcase name="createSheet" classname="com.lmg_dubai.sahlastore.library.BaseLib">
    <skipped/>
  </testcase> <!-- createSheet -->
</testsuite> <!-- com.lmg_dubai.sahlastore.inventory.SStore_TS133_Count_UnitStockCount -->
