<?xml version="1.0" encoding="UTF-8"?>
<!-- Generated by org.testng.reporters.JUnitReportReporter -->
<testsuite skipped="0" hostname="TYSS-4F-33" name="com.appium.training.tests.TC_01" tests="1" failures="0" timestamp="2020-02-07T18:13:47 IST" time="34.956" errors="0">
  <testcase name="TC_001" time="34.956" classname="com.appium.training.tests.TC_01"/>
</testsuite> <!-- com.appium.training.tests.TC_01 -->
