<?xml version="1.0" encoding="UTF-8"?>
<!-- Generated by org.testng.reporters.JUnitReportReporter -->
<testsuite skipped="0" hostname="TYSS-4F-33" name="com.appium.training.tests.TC_03" tests="1" failures="0" timestamp="2020-02-05T12:08:52 IST" time="1.749" errors="0">
  <testcase name="stratServer" time="1.749" classname="com.appium.training.tests.TC_03"/>
</testsuite> <!-- com.appium.training.tests.TC_03 -->
