<?xml version="1.0" encoding="UTF-8"?>
<!-- Generated by org.testng.reporters.JUnitReportReporter -->
<testsuite name="com.lmg_dubai.sahlastore.inventory.SStore_TS51885_Inventory_Consolidate" tests="1" time="225.008" ignored="0" failures="0" timestamp="24 Oct 2020 08:04:56 GMT" skipped="0" hostname="LAPTOP-38LR7550" errors="0">
  <testcase name="ts51885" time="225.008" classname="com.lmg_dubai.sahlastore.inventory.SStore_TS51885_Inventory_Consolidate"/>
</testsuite> <!-- com.lmg_dubai.sahlastore.inventory.SStore_TS51885_Inventory_Consolidate -->
