<?xml version="1.0" encoding="UTF-8"?>
<!-- Generated by org.testng.reporters.JUnitReportReporter -->
<testsuite name="com.lmg_dubai.sahlastore.inventory.SStore_TS058_Inventory_TransferIn" tests="1" time="143.009" ignored="256" failures="0" timestamp="19 Oct 2020 21:44:22 GMT" skipped="0" hostname="LAPTOP-38LR7550" errors="0">
  <testcase name="ts058" time="143.009" classname="com.lmg_dubai.sahlastore.inventory.SStore_TS058_Inventory_TransferIn"/>
  <testcase name="finish" classname="com.lmg_dubai.sahlastore.library.BaseLib">
    <skipped/>
  </testcase> <!-- finish -->
  <testcase name="finish" classname="com.lmg_dubai.sahlastore.library.BaseLib">
    <skipped/>
  </testcase> <!-- finish -->
  <testcase name="finish" classname="com.lmg_dubai.sahlastore.library.BaseLib">
    <skipped/>
  </testcase> <!-- finish -->
  <testcase name="finish" classname="com.lmg_dubai.sahlastore.library.BaseLib">
    <skipped/>
  </testcase> <!-- finish -->
  <testcase name="finish" classname="com.lmg_dubai.sahlastore.library.BaseLib">
    <skipped/>
  </testcase> <!-- finish -->
  <testcase name="finish" classname="com.lmg_dubai.sahlastore.library.BaseLib">
    <skipped/>
  </testcase> <!-- finish -->
  <testcase name="finish" classname="com.lmg_dubai.sahlastore.library.BaseLib">
    <skipped/>
  </testcase> <!-- finish -->
  <testcase name="finish" classname="com.lmg_dubai.sahlastore.library.BaseLib">
    <skipped/>
  </testcase> <!-- finish -->
  <testcase name="finish" classname="com.lmg_dubai.sahlastore.library.BaseLib">
    <skipped/>
  </testcase> <!-- finish -->
  <testcase name="finish" classname="com.lmg_dubai.sahlastore.library.BaseLib">
    <skipped/>
  </testcase> <!-- finish -->
  <testcase name="finish" classname="com.lmg_dubai.sahlastore.library.BaseLib">
    <skipped/>
  </testcase> <!-- finish -->
  <testcase name="finish" classname="com.lmg_dubai.sahlastore.library.BaseLib">
    <skipped/>
  </testcase> <!-- finish -->
  <testcase name="finish" classname="com.lmg_dubai.sahlastore.library.BaseLib">
    <skipped/>
  </testcase> <!-- finish -->
  <testcase name="finish" classname="com.lmg_dubai.sahlastore.library.BaseLib">
    <skipped/>
  </testcase> <!-- finish -->
  <testcase name="finish" classname="com.lmg_dubai.sahlastore.library.BaseLib">
    <skipped/>
  </testcase> <!-- finish -->
  <testcase name="finish" classname="com.lmg_dubai.sahlastore.library.BaseLib">
    <skipped/>
  </testcase> <!-- finish -->
  <testcase name="finish" classname="com.lmg_dubai.sahlastore.library.BaseLib">
    <skipped/>
  </testcase> <!-- finish -->
  <testcase name="finish" classname="com.lmg_dubai.sahlastore.library.BaseLib">
    <skipped/>
  </testcase> <!-- finish -->
  <testcase name="finish" classname="com.lmg_dubai.sahlastore.library.BaseLib">
    <skipped/>
  </testcase> <!-- finish -->
  <testcase name="finish" classname="com.lmg_dubai.sahlastore.library.BaseLib">
    <skipped/>
  </testcase> <!-- finish -->
  <testcase name="finish" classname="com.lmg_dubai.sahlastore.library.BaseLib">
    <skipped/>
  </testcase> <!-- finish -->
  <testcase name="finish" classname="com.lmg_dubai.sahlastore.library.BaseLib">
    <skipped/>
  </testcase> <!-- finish -->
  <testcase name="finish" classname="com.lmg_dubai.sahlastore.library.BaseLib">
    <skipped/>
  </testcase> <!-- finish -->
  <testcase name="finish" classname="com.lmg_dubai.sahlastore.library.BaseLib">
    <skipped/>
  </testcase> <!-- finish -->
  <testcase name="finish" classname="com.lmg_dubai.sahlastore.library.BaseLib">
    <skipped/>
  </testcase> <!-- finish -->
  <testcase name="finish" classname="com.lmg_dubai.sahlastore.library.BaseLib">
    <skipped/>
  </testcase> <!-- finish -->
  <testcase name="finish" classname="com.lmg_dubai.sahlastore.library.BaseLib">
    <skipped/>
  </testcase> <!-- finish -->
  <testcase name="finish" classname="com.lmg_dubai.sahlastore.library.BaseLib">
    <skipped/>
  </testcase> <!-- finish -->
  <testcase name="finish" classname="com.lmg_dubai.sahlastore.library.BaseLib">
    <skipped/>
  </testcase> <!-- finish -->
  <testcase name="finish" classname="com.lmg_dubai.sahlastore.library.BaseLib">
    <skipped/>
  </testcase> <!-- finish -->
  <testcase name="finish" classname="com.lmg_dubai.sahlastore.library.BaseLib">
    <skipped/>
  </testcase> <!-- finish -->
  <testcase name="finish" classname="com.lmg_dubai.sahlastore.library.BaseLib">
    <skipped/>
  </testcase> <!-- finish -->
  <testcase name="finish" classname="com.lmg_dubai.sahlastore.library.BaseLib">
    <skipped/>
  </testcase> <!-- finish -->
  <testcase name="finish" classname="com.lmg_dubai.sahlastore.library.BaseLib">
    <skipped/>
  </testcase> <!-- finish -->
  <testcase name="finish" classname="com.lmg_dubai.sahlastore.library.BaseLib">
    <skipped/>
  </testcase> <!-- finish -->
  <testcase name="finish" classname="com.lmg_dubai.sahlastore.library.BaseLib">
    <skipped/>
  </testcase> <!-- finish -->
  <testcase name="finish" classname="com.lmg_dubai.sahlastore.library.BaseLib">
    <skipped/>
  </testcase> <!-- finish -->
  <testcase name="finish" classname="com.lmg_dubai.sahlastore.library.BaseLib">
    <skipped/>
  </testcase> <!-- finish -->
  <testcase name="finish" classname="com.lmg_dubai.sahlastore.library.BaseLib">
    <skipped/>
  </testcase> <!-- finish -->
  <testcase name="finish" classname="com.lmg_dubai.sahlastore.library.BaseLib">
    <skipped/>
  </testcase> <!-- finish -->
  <testcase name="finish" classname="com.lmg_dubai.sahlastore.library.BaseLib">
    <skipped/>
  </testcase> <!-- finish -->
  <testcase name="finish" classname="com.lmg_dubai.sahlastore.library.BaseLib">
    <skipped/>
  </testcase> <!-- finish -->
  <testcase name="finish" classname="com.lmg_dubai.sahlastore.library.BaseLib">
    <skipped/>
  </testcase> <!-- finish -->
  <testcase name="finish" classname="com.lmg_dubai.sahlastore.library.BaseLib">
    <skipped/>
  </testcase> <!-- finish -->
  <testcase name="finish" classname="com.lmg_dubai.sahlastore.library.BaseLib">
    <skipped/>
  </testcase> <!-- finish -->
  <testcase name="finish" classname="com.lmg_dubai.sahlastore.library.BaseLib">
    <skipped/>
  </testcase> <!-- finish -->
  <testcase name="finish" classname="com.lmg_dubai.sahlastore.library.BaseLib">
    <skipped/>
  </testcase> <!-- finish -->
  <testcase name="finish" classname="com.lmg_dubai.sahlastore.library.BaseLib">
    <skipped/>
  </testcase> <!-- finish -->
  <testcase name="finish" classname="com.lmg_dubai.sahlastore.library.BaseLib">
    <skipped/>
  </testcase> <!-- finish -->
  <testcase name="finish" classname="com.lmg_dubai.sahlastore.library.BaseLib">
    <skipped/>
  </testcase> <!-- finish -->
  <testcase name="finish" classname="com.lmg_dubai.sahlastore.library.BaseLib">
    <skipped/>
  </testcase> <!-- finish -->
  <testcase name="finish" classname="com.lmg_dubai.sahlastore.library.BaseLib">
    <skipped/>
  </testcase> <!-- finish -->
  <testcase name="finish" classname="com.lmg_dubai.sahlastore.library.BaseLib">
    <skipped/>
  </testcase> <!-- finish -->
  <testcase name="finish" classname="com.lmg_dubai.sahlastore.library.BaseLib">
    <skipped/>
  </testcase> <!-- finish -->
  <testcase name="finish" classname="com.lmg_dubai.sahlastore.library.BaseLib">
    <skipped/>
  </testcase> <!-- finish -->
  <testcase name="finish" classname="com.lmg_dubai.sahlastore.library.BaseLib">
    <skipped/>
  </testcase> <!-- finish -->
  <testcase name="finish" classname="com.lmg_dubai.sahlastore.library.BaseLib">
    <skipped/>
  </testcase> <!-- finish -->
  <testcase name="finish" classname="com.lmg_dubai.sahlastore.library.BaseLib">
    <skipped/>
  </testcase> <!-- finish -->
  <testcase name="finish" classname="com.lmg_dubai.sahlastore.library.BaseLib">
    <skipped/>
  </testcase> <!-- finish -->
  <testcase name="finish" classname="com.lmg_dubai.sahlastore.library.BaseLib">
    <skipped/>
  </testcase> <!-- finish -->
  <testcase name="finish" classname="com.lmg_dubai.sahlastore.library.BaseLib">
    <skipped/>
  </testcase> <!-- finish -->
  <testcase name="finish" classname="com.lmg_dubai.sahlastore.library.BaseLib">
    <skipped/>
  </testcase> <!-- finish -->
  <testcase name="finish" classname="com.lmg_dubai.sahlastore.library.BaseLib">
    <skipped/>
  </testcase> <!-- finish -->
  <testcase name="finish" classname="com.lmg_dubai.sahlastore.library.BaseLib">
    <skipped/>
  </testcase> <!-- finish -->
  <testcase name="finish" classname="com.lmg_dubai.sahlastore.library.BaseLib">
    <skipped/>
  </testcase> <!-- finish -->
  <testcase name="finish" classname="com.lmg_dubai.sahlastore.library.BaseLib">
    <skipped/>
  </testcase> <!-- finish -->
  <testcase name="finish" classname="com.lmg_dubai.sahlastore.library.BaseLib">
    <skipped/>
  </testcase> <!-- finish -->
  <testcase name="finish" classname="com.lmg_dubai.sahlastore.library.BaseLib">
    <skipped/>
  </testcase> <!-- finish -->
  <testcase name="finish" classname="com.lmg_dubai.sahlastore.library.BaseLib">
    <skipped/>
  </testcase> <!-- finish -->
  <testcase name="finish" classname="com.lmg_dubai.sahlastore.library.BaseLib">
    <skipped/>
  </testcase> <!-- finish -->
  <testcase name="finish" classname="com.lmg_dubai.sahlastore.library.BaseLib">
    <skipped/>
  </testcase> <!-- finish -->
  <testcase name="finish" classname="com.lmg_dubai.sahlastore.library.BaseLib">
    <skipped/>
  </testcase> <!-- finish -->
  <testcase name="finish" classname="com.lmg_dubai.sahlastore.library.BaseLib">
    <skipped/>
  </testcase> <!-- finish -->
  <testcase name="finish" classname="com.lmg_dubai.sahlastore.library.BaseLib">
    <skipped/>
  </testcase> <!-- finish -->
  <testcase name="finish" classname="com.lmg_dubai.sahlastore.library.BaseLib">
    <skipped/>
  </testcase> <!-- finish -->
  <testcase name="finish" classname="com.lmg_dubai.sahlastore.library.BaseLib">
    <skipped/>
  </testcase> <!-- finish -->
  <testcase name="finish" classname="com.lmg_dubai.sahlastore.library.BaseLib">
    <skipped/>
  </testcase> <!-- finish -->
  <testcase name="finish" classname="com.lmg_dubai.sahlastore.library.BaseLib">
    <skipped/>
  </testcase> <!-- finish -->
  <testcase name="finish" classname="com.lmg_dubai.sahlastore.library.BaseLib">
    <skipped/>
  </testcase> <!-- finish -->
  <testcase name="finish" classname="com.lmg_dubai.sahlastore.library.BaseLib">
    <skipped/>
  </testcase> <!-- finish -->
  <testcase name="finish" classname="com.lmg_dubai.sahlastore.library.BaseLib">
    <skipped/>
  </testcase> <!-- finish -->
  <testcase name="finish" classname="com.lmg_dubai.sahlastore.library.BaseLib">
    <skipped/>
  </testcase> <!-- finish -->
  <testcase name="finish" classname="com.lmg_dubai.sahlastore.library.BaseLib">
    <skipped/>
  </testcase> <!-- finish -->
  <testcase name="finish" classname="com.lmg_dubai.sahlastore.library.BaseLib">
    <skipped/>
  </testcase> <!-- finish -->
  <testcase name="finish" classname="com.lmg_dubai.sahlastore.library.BaseLib">
    <skipped/>
  </testcase> <!-- finish -->
  <testcase name="finish" classname="com.lmg_dubai.sahlastore.library.BaseLib">
    <skipped/>
  </testcase> <!-- finish -->
  <testcase name="finish" classname="com.lmg_dubai.sahlastore.library.BaseLib">
    <skipped/>
  </testcase> <!-- finish -->
  <testcase name="finish" classname="com.lmg_dubai.sahlastore.library.BaseLib">
    <skipped/>
  </testcase> <!-- finish -->
  <testcase name="finish" classname="com.lmg_dubai.sahlastore.library.BaseLib">
    <skipped/>
  </testcase> <!-- finish -->
  <testcase name="finish" classname="com.lmg_dubai.sahlastore.library.BaseLib">
    <skipped/>
  </testcase> <!-- finish -->
  <testcase name="finish" classname="com.lmg_dubai.sahlastore.library.BaseLib">
    <skipped/>
  </testcase> <!-- finish -->
  <testcase name="finish" classname="com.lmg_dubai.sahlastore.library.BaseLib">
    <skipped/>
  </testcase> <!-- finish -->
  <testcase name="finish" classname="com.lmg_dubai.sahlastore.library.BaseLib">
    <skipped/>
  </testcase> <!-- finish -->
  <testcase name="finish" classname="com.lmg_dubai.sahlastore.library.BaseLib">
    <skipped/>
  </testcase> <!-- finish -->
  <testcase name="finish" classname="com.lmg_dubai.sahlastore.library.BaseLib">
    <skipped/>
  </testcase> <!-- finish -->
  <testcase name="finish" classname="com.lmg_dubai.sahlastore.library.BaseLib">
    <skipped/>
  </testcase> <!-- finish -->
  <testcase name="finish" classname="com.lmg_dubai.sahlastore.library.BaseLib">
    <skipped/>
  </testcase> <!-- finish -->
  <testcase name="finish" classname="com.lmg_dubai.sahlastore.library.BaseLib">
    <skipped/>
  </testcase> <!-- finish -->
  <testcase name="finish" classname="com.lmg_dubai.sahlastore.library.BaseLib">
    <skipped/>
  </testcase> <!-- finish -->
  <testcase name="finish" classname="com.lmg_dubai.sahlastore.library.BaseLib">
    <skipped/>
  </testcase> <!-- finish -->
  <testcase name="finish" classname="com.lmg_dubai.sahlastore.library.BaseLib">
    <skipped/>
  </testcase> <!-- finish -->
  <testcase name="finish" classname="com.lmg_dubai.sahlastore.library.BaseLib">
    <skipped/>
  </testcase> <!-- finish -->
  <testcase name="finish" classname="com.lmg_dubai.sahlastore.library.BaseLib">
    <skipped/>
  </testcase> <!-- finish -->
  <testcase name="finish" classname="com.lmg_dubai.sahlastore.library.BaseLib">
    <skipped/>
  </testcase> <!-- finish -->
  <testcase name="finish" classname="com.lmg_dubai.sahlastore.library.BaseLib">
    <skipped/>
  </testcase> <!-- finish -->
  <testcase name="finish" classname="com.lmg_dubai.sahlastore.library.BaseLib">
    <skipped/>
  </testcase> <!-- finish -->
  <testcase name="finish" classname="com.lmg_dubai.sahlastore.library.BaseLib">
    <skipped/>
  </testcase> <!-- finish -->
  <testcase name="finish" classname="com.lmg_dubai.sahlastore.library.BaseLib">
    <skipped/>
  </testcase> <!-- finish -->
  <testcase name="finish" classname="com.lmg_dubai.sahlastore.library.BaseLib">
    <skipped/>
  </testcase> <!-- finish -->
  <testcase name="finish" classname="com.lmg_dubai.sahlastore.library.BaseLib">
    <skipped/>
  </testcase> <!-- finish -->
  <testcase name="finish" classname="com.lmg_dubai.sahlastore.library.BaseLib">
    <skipped/>
  </testcase> <!-- finish -->
  <testcase name="finish" classname="com.lmg_dubai.sahlastore.library.BaseLib">
    <skipped/>
  </testcase> <!-- finish -->
  <testcase name="finish" classname="com.lmg_dubai.sahlastore.library.BaseLib">
    <skipped/>
  </testcase> <!-- finish -->
  <testcase name="finish" classname="com.lmg_dubai.sahlastore.library.BaseLib">
    <skipped/>
  </testcase> <!-- finish -->
  <testcase name="finish" classname="com.lmg_dubai.sahlastore.library.BaseLib">
    <skipped/>
  </testcase> <!-- finish -->
  <testcase name="finish" classname="com.lmg_dubai.sahlastore.library.BaseLib">
    <skipped/>
  </testcase> <!-- finish -->
  <testcase name="finish" classname="com.lmg_dubai.sahlastore.library.BaseLib">
    <skipped/>
  </testcase> <!-- finish -->
  <testcase name="finish" classname="com.lmg_dubai.sahlastore.library.BaseLib">
    <skipped/>
  </testcase> <!-- finish -->
  <testcase name="finish" classname="com.lmg_dubai.sahlastore.library.BaseLib">
    <skipped/>
  </testcase> <!-- finish -->
  <testcase name="finish" classname="com.lmg_dubai.sahlastore.library.BaseLib">
    <skipped/>
  </testcase> <!-- finish -->
  <testcase name="finish" classname="com.lmg_dubai.sahlastore.library.BaseLib">
    <skipped/>
  </testcase> <!-- finish -->
  <testcase name="finish" classname="com.lmg_dubai.sahlastore.library.BaseLib">
    <skipped/>
  </testcase> <!-- finish -->
  <testcase name="finish" classname="com.lmg_dubai.sahlastore.library.BaseLib">
    <skipped/>
  </testcase> <!-- finish -->
  <testcase name="finish" classname="com.lmg_dubai.sahlastore.library.BaseLib">
    <skipped/>
  </testcase> <!-- finish -->
  <testcase name="finish" classname="com.lmg_dubai.sahlastore.library.BaseLib">
    <skipped/>
  </testcase> <!-- finish -->
  <testcase name="finish" classname="com.lmg_dubai.sahlastore.library.BaseLib">
    <skipped/>
  </testcase> <!-- finish -->
  <testcase name="finish" classname="com.lmg_dubai.sahlastore.library.BaseLib">
    <skipped/>
  </testcase> <!-- finish -->
  <testcase name="finish" classname="com.lmg_dubai.sahlastore.library.BaseLib">
    <skipped/>
  </testcase> <!-- finish -->
  <testcase name="createSheet" classname="com.lmg_dubai.sahlastore.library.BaseLib">
    <skipped/>
  </testcase> <!-- createSheet -->
  <testcase name="createSheet" classname="com.lmg_dubai.sahlastore.library.BaseLib">
    <skipped/>
  </testcase> <!-- createSheet -->
  <testcase name="createSheet" classname="com.lmg_dubai.sahlastore.library.BaseLib">
    <skipped/>
  </testcase> <!-- createSheet -->
  <testcase name="createSheet" classname="com.lmg_dubai.sahlastore.library.BaseLib">
    <skipped/>
  </testcase> <!-- createSheet -->
  <testcase name="createSheet" classname="com.lmg_dubai.sahlastore.library.BaseLib">
    <skipped/>
  </testcase> <!-- createSheet -->
  <testcase name="createSheet" classname="com.lmg_dubai.sahlastore.library.BaseLib">
    <skipped/>
  </testcase> <!-- createSheet -->
  <testcase name="createSheet" classname="com.lmg_dubai.sahlastore.library.BaseLib">
    <skipped/>
  </testcase> <!-- createSheet -->
  <testcase name="createSheet" classname="com.lmg_dubai.sahlastore.library.BaseLib">
    <skipped/>
  </testcase> <!-- createSheet -->
  <testcase name="createSheet" classname="com.lmg_dubai.sahlastore.library.BaseLib">
    <skipped/>
  </testcase> <!-- createSheet -->
  <testcase name="createSheet" classname="com.lmg_dubai.sahlastore.library.BaseLib">
    <skipped/>
  </testcase> <!-- createSheet -->
  <testcase name="createSheet" classname="com.lmg_dubai.sahlastore.library.BaseLib">
    <skipped/>
  </testcase> <!-- createSheet -->
  <testcase name="createSheet" classname="com.lmg_dubai.sahlastore.library.BaseLib">
    <skipped/>
  </testcase> <!-- createSheet -->
  <testcase name="createSheet" classname="com.lmg_dubai.sahlastore.library.BaseLib">
    <skipped/>
  </testcase> <!-- createSheet -->
  <testcase name="createSheet" classname="com.lmg_dubai.sahlastore.library.BaseLib">
    <skipped/>
  </testcase> <!-- createSheet -->
  <testcase name="createSheet" classname="com.lmg_dubai.sahlastore.library.BaseLib">
    <skipped/>
  </testcase> <!-- createSheet -->
  <testcase name="createSheet" classname="com.lmg_dubai.sahlastore.library.BaseLib">
    <skipped/>
  </testcase> <!-- createSheet -->
  <testcase name="createSheet" classname="com.lmg_dubai.sahlastore.library.BaseLib">
    <skipped/>
  </testcase> <!-- createSheet -->
  <testcase name="createSheet" classname="com.lmg_dubai.sahlastore.library.BaseLib">
    <skipped/>
  </testcase> <!-- createSheet -->
  <testcase name="createSheet" classname="com.lmg_dubai.sahlastore.library.BaseLib">
    <skipped/>
  </testcase> <!-- createSheet -->
  <testcase name="createSheet" classname="com.lmg_dubai.sahlastore.library.BaseLib">
    <skipped/>
  </testcase> <!-- createSheet -->
  <testcase name="createSheet" classname="com.lmg_dubai.sahlastore.library.BaseLib">
    <skipped/>
  </testcase> <!-- createSheet -->
  <testcase name="createSheet" classname="com.lmg_dubai.sahlastore.library.BaseLib">
    <skipped/>
  </testcase> <!-- createSheet -->
  <testcase name="createSheet" classname="com.lmg_dubai.sahlastore.library.BaseLib">
    <skipped/>
  </testcase> <!-- createSheet -->
  <testcase name="createSheet" classname="com.lmg_dubai.sahlastore.library.BaseLib">
    <skipped/>
  </testcase> <!-- createSheet -->
  <testcase name="createSheet" classname="com.lmg_dubai.sahlastore.library.BaseLib">
    <skipped/>
  </testcase> <!-- createSheet -->
  <testcase name="createSheet" classname="com.lmg_dubai.sahlastore.library.BaseLib">
    <skipped/>
  </testcase> <!-- createSheet -->
  <testcase name="createSheet" classname="com.lmg_dubai.sahlastore.library.BaseLib">
    <skipped/>
  </testcase> <!-- createSheet -->
  <testcase name="createSheet" classname="com.lmg_dubai.sahlastore.library.BaseLib">
    <skipped/>
  </testcase> <!-- createSheet -->
  <testcase name="createSheet" classname="com.lmg_dubai.sahlastore.library.BaseLib">
    <skipped/>
  </testcase> <!-- createSheet -->
  <testcase name="createSheet" classname="com.lmg_dubai.sahlastore.library.BaseLib">
    <skipped/>
  </testcase> <!-- createSheet -->
  <testcase name="createSheet" classname="com.lmg_dubai.sahlastore.library.BaseLib">
    <skipped/>
  </testcase> <!-- createSheet -->
  <testcase name="createSheet" classname="com.lmg_dubai.sahlastore.library.BaseLib">
    <skipped/>
  </testcase> <!-- createSheet -->
  <testcase name="createSheet" classname="com.lmg_dubai.sahlastore.library.BaseLib">
    <skipped/>
  </testcase> <!-- createSheet -->
  <testcase name="createSheet" classname="com.lmg_dubai.sahlastore.library.BaseLib">
    <skipped/>
  </testcase> <!-- createSheet -->
  <testcase name="createSheet" classname="com.lmg_dubai.sahlastore.library.BaseLib">
    <skipped/>
  </testcase> <!-- createSheet -->
  <testcase name="createSheet" classname="com.lmg_dubai.sahlastore.library.BaseLib">
    <skipped/>
  </testcase> <!-- createSheet -->
  <testcase name="createSheet" classname="com.lmg_dubai.sahlastore.library.BaseLib">
    <skipped/>
  </testcase> <!-- createSheet -->
  <testcase name="createSheet" classname="com.lmg_dubai.sahlastore.library.BaseLib">
    <skipped/>
  </testcase> <!-- createSheet -->
  <testcase name="createSheet" classname="com.lmg_dubai.sahlastore.library.BaseLib">
    <skipped/>
  </testcase> <!-- createSheet -->
  <testcase name="createSheet" classname="com.lmg_dubai.sahlastore.library.BaseLib">
    <skipped/>
  </testcase> <!-- createSheet -->
  <testcase name="createSheet" classname="com.lmg_dubai.sahlastore.library.BaseLib">
    <skipped/>
  </testcase> <!-- createSheet -->
  <testcase name="createSheet" classname="com.lmg_dubai.sahlastore.library.BaseLib">
    <skipped/>
  </testcase> <!-- createSheet -->
  <testcase name="createSheet" classname="com.lmg_dubai.sahlastore.library.BaseLib">
    <skipped/>
  </testcase> <!-- createSheet -->
  <testcase name="createSheet" classname="com.lmg_dubai.sahlastore.library.BaseLib">
    <skipped/>
  </testcase> <!-- createSheet -->
  <testcase name="createSheet" classname="com.lmg_dubai.sahlastore.library.BaseLib">
    <skipped/>
  </testcase> <!-- createSheet -->
  <testcase name="createSheet" classname="com.lmg_dubai.sahlastore.library.BaseLib">
    <skipped/>
  </testcase> <!-- createSheet -->
  <testcase name="createSheet" classname="com.lmg_dubai.sahlastore.library.BaseLib">
    <skipped/>
  </testcase> <!-- createSheet -->
  <testcase name="createSheet" classname="com.lmg_dubai.sahlastore.library.BaseLib">
    <skipped/>
  </testcase> <!-- createSheet -->
  <testcase name="createSheet" classname="com.lmg_dubai.sahlastore.library.BaseLib">
    <skipped/>
  </testcase> <!-- createSheet -->
  <testcase name="createSheet" classname="com.lmg_dubai.sahlastore.library.BaseLib">
    <skipped/>
  </testcase> <!-- createSheet -->
  <testcase name="createSheet" classname="com.lmg_dubai.sahlastore.library.BaseLib">
    <skipped/>
  </testcase> <!-- createSheet -->
  <testcase name="createSheet" classname="com.lmg_dubai.sahlastore.library.BaseLib">
    <skipped/>
  </testcase> <!-- createSheet -->
  <testcase name="createSheet" classname="com.lmg_dubai.sahlastore.library.BaseLib">
    <skipped/>
  </testcase> <!-- createSheet -->
  <testcase name="createSheet" classname="com.lmg_dubai.sahlastore.library.BaseLib">
    <skipped/>
  </testcase> <!-- createSheet -->
  <testcase name="createSheet" classname="com.lmg_dubai.sahlastore.library.BaseLib">
    <skipped/>
  </testcase> <!-- createSheet -->
  <testcase name="createSheet" classname="com.lmg_dubai.sahlastore.library.BaseLib">
    <skipped/>
  </testcase> <!-- createSheet -->
  <testcase name="createSheet" classname="com.lmg_dubai.sahlastore.library.BaseLib">
    <skipped/>
  </testcase> <!-- createSheet -->
  <testcase name="createSheet" classname="com.lmg_dubai.sahlastore.library.BaseLib">
    <skipped/>
  </testcase> <!-- createSheet -->
  <testcase name="createSheet" classname="com.lmg_dubai.sahlastore.library.BaseLib">
    <skipped/>
  </testcase> <!-- createSheet -->
  <testcase name="createSheet" classname="com.lmg_dubai.sahlastore.library.BaseLib">
    <skipped/>
  </testcase> <!-- createSheet -->
  <testcase name="createSheet" classname="com.lmg_dubai.sahlastore.library.BaseLib">
    <skipped/>
  </testcase> <!-- createSheet -->
  <testcase name="createSheet" classname="com.lmg_dubai.sahlastore.library.BaseLib">
    <skipped/>
  </testcase> <!-- createSheet -->
  <testcase name="createSheet" classname="com.lmg_dubai.sahlastore.library.BaseLib">
    <skipped/>
  </testcase> <!-- createSheet -->
  <testcase name="createSheet" classname="com.lmg_dubai.sahlastore.library.BaseLib">
    <skipped/>
  </testcase> <!-- createSheet -->
  <testcase name="createSheet" classname="com.lmg_dubai.sahlastore.library.BaseLib">
    <skipped/>
  </testcase> <!-- createSheet -->
  <testcase name="createSheet" classname="com.lmg_dubai.sahlastore.library.BaseLib">
    <skipped/>
  </testcase> <!-- createSheet -->
  <testcase name="createSheet" classname="com.lmg_dubai.sahlastore.library.BaseLib">
    <skipped/>
  </testcase> <!-- createSheet -->
  <testcase name="createSheet" classname="com.lmg_dubai.sahlastore.library.BaseLib">
    <skipped/>
  </testcase> <!-- createSheet -->
  <testcase name="createSheet" classname="com.lmg_dubai.sahlastore.library.BaseLib">
    <skipped/>
  </testcase> <!-- createSheet -->
  <testcase name="createSheet" classname="com.lmg_dubai.sahlastore.library.BaseLib">
    <skipped/>
  </testcase> <!-- createSheet -->
  <testcase name="createSheet" classname="com.lmg_dubai.sahlastore.library.BaseLib">
    <skipped/>
  </testcase> <!-- createSheet -->
  <testcase name="createSheet" classname="com.lmg_dubai.sahlastore.library.BaseLib">
    <skipped/>
  </testcase> <!-- createSheet -->
  <testcase name="createSheet" classname="com.lmg_dubai.sahlastore.library.BaseLib">
    <skipped/>
  </testcase> <!-- createSheet -->
  <testcase name="createSheet" classname="com.lmg_dubai.sahlastore.library.BaseLib">
    <skipped/>
  </testcase> <!-- createSheet -->
  <testcase name="createSheet" classname="com.lmg_dubai.sahlastore.library.BaseLib">
    <skipped/>
  </testcase> <!-- createSheet -->
  <testcase name="createSheet" classname="com.lmg_dubai.sahlastore.library.BaseLib">
    <skipped/>
  </testcase> <!-- createSheet -->
  <testcase name="createSheet" classname="com.lmg_dubai.sahlastore.library.BaseLib">
    <skipped/>
  </testcase> <!-- createSheet -->
  <testcase name="createSheet" classname="com.lmg_dubai.sahlastore.library.BaseLib">
    <skipped/>
  </testcase> <!-- createSheet -->
  <testcase name="createSheet" classname="com.lmg_dubai.sahlastore.library.BaseLib">
    <skipped/>
  </testcase> <!-- createSheet -->
  <testcase name="createSheet" classname="com.lmg_dubai.sahlastore.library.BaseLib">
    <skipped/>
  </testcase> <!-- createSheet -->
  <testcase name="createSheet" classname="com.lmg_dubai.sahlastore.library.BaseLib">
    <skipped/>
  </testcase> <!-- createSheet -->
  <testcase name="createSheet" classname="com.lmg_dubai.sahlastore.library.BaseLib">
    <skipped/>
  </testcase> <!-- createSheet -->
  <testcase name="createSheet" classname="com.lmg_dubai.sahlastore.library.BaseLib">
    <skipped/>
  </testcase> <!-- createSheet -->
  <testcase name="createSheet" classname="com.lmg_dubai.sahlastore.library.BaseLib">
    <skipped/>
  </testcase> <!-- createSheet -->
  <testcase name="createSheet" classname="com.lmg_dubai.sahlastore.library.BaseLib">
    <skipped/>
  </testcase> <!-- createSheet -->
  <testcase name="createSheet" classname="com.lmg_dubai.sahlastore.library.BaseLib">
    <skipped/>
  </testcase> <!-- createSheet -->
  <testcase name="createSheet" classname="com.lmg_dubai.sahlastore.library.BaseLib">
    <skipped/>
  </testcase> <!-- createSheet -->
  <testcase name="createSheet" classname="com.lmg_dubai.sahlastore.library.BaseLib">
    <skipped/>
  </testcase> <!-- createSheet -->
  <testcase name="createSheet" classname="com.lmg_dubai.sahlastore.library.BaseLib">
    <skipped/>
  </testcase> <!-- createSheet -->
  <testcase name="createSheet" classname="com.lmg_dubai.sahlastore.library.BaseLib">
    <skipped/>
  </testcase> <!-- createSheet -->
  <testcase name="createSheet" classname="com.lmg_dubai.sahlastore.library.BaseLib">
    <skipped/>
  </testcase> <!-- createSheet -->
  <testcase name="createSheet" classname="com.lmg_dubai.sahlastore.library.BaseLib">
    <skipped/>
  </testcase> <!-- createSheet -->
  <testcase name="createSheet" classname="com.lmg_dubai.sahlastore.library.BaseLib">
    <skipped/>
  </testcase> <!-- createSheet -->
  <testcase name="createSheet" classname="com.lmg_dubai.sahlastore.library.BaseLib">
    <skipped/>
  </testcase> <!-- createSheet -->
  <testcase name="createSheet" classname="com.lmg_dubai.sahlastore.library.BaseLib">
    <skipped/>
  </testcase> <!-- createSheet -->
  <testcase name="createSheet" classname="com.lmg_dubai.sahlastore.library.BaseLib">
    <skipped/>
  </testcase> <!-- createSheet -->
  <testcase name="createSheet" classname="com.lmg_dubai.sahlastore.library.BaseLib">
    <skipped/>
  </testcase> <!-- createSheet -->
  <testcase name="createSheet" classname="com.lmg_dubai.sahlastore.library.BaseLib">
    <skipped/>
  </testcase> <!-- createSheet -->
  <testcase name="createSheet" classname="com.lmg_dubai.sahlastore.library.BaseLib">
    <skipped/>
  </testcase> <!-- createSheet -->
  <testcase name="createSheet" classname="com.lmg_dubai.sahlastore.library.BaseLib">
    <skipped/>
  </testcase> <!-- createSheet -->
  <testcase name="createSheet" classname="com.lmg_dubai.sahlastore.library.BaseLib">
    <skipped/>
  </testcase> <!-- createSheet -->
  <testcase name="createSheet" classname="com.lmg_dubai.sahlastore.library.BaseLib">
    <skipped/>
  </testcase> <!-- createSheet -->
  <testcase name="createSheet" classname="com.lmg_dubai.sahlastore.library.BaseLib">
    <skipped/>
  </testcase> <!-- createSheet -->
  <testcase name="createSheet" classname="com.lmg_dubai.sahlastore.library.BaseLib">
    <skipped/>
  </testcase> <!-- createSheet -->
  <testcase name="createSheet" classname="com.lmg_dubai.sahlastore.library.BaseLib">
    <skipped/>
  </testcase> <!-- createSheet -->
  <testcase name="createSheet" classname="com.lmg_dubai.sahlastore.library.BaseLib">
    <skipped/>
  </testcase> <!-- createSheet -->
  <testcase name="createSheet" classname="com.lmg_dubai.sahlastore.library.BaseLib">
    <skipped/>
  </testcase> <!-- createSheet -->
  <testcase name="createSheet" classname="com.lmg_dubai.sahlastore.library.BaseLib">
    <skipped/>
  </testcase> <!-- createSheet -->
  <testcase name="createSheet" classname="com.lmg_dubai.sahlastore.library.BaseLib">
    <skipped/>
  </testcase> <!-- createSheet -->
  <testcase name="createSheet" classname="com.lmg_dubai.sahlastore.library.BaseLib">
    <skipped/>
  </testcase> <!-- createSheet -->
  <testcase name="createSheet" classname="com.lmg_dubai.sahlastore.library.BaseLib">
    <skipped/>
  </testcase> <!-- createSheet -->
  <testcase name="createSheet" classname="com.lmg_dubai.sahlastore.library.BaseLib">
    <skipped/>
  </testcase> <!-- createSheet -->
  <testcase name="createSheet" classname="com.lmg_dubai.sahlastore.library.BaseLib">
    <skipped/>
  </testcase> <!-- createSheet -->
  <testcase name="createSheet" classname="com.lmg_dubai.sahlastore.library.BaseLib">
    <skipped/>
  </testcase> <!-- createSheet -->
  <testcase name="createSheet" classname="com.lmg_dubai.sahlastore.library.BaseLib">
    <skipped/>
  </testcase> <!-- createSheet -->
  <testcase name="createSheet" classname="com.lmg_dubai.sahlastore.library.BaseLib">
    <skipped/>
  </testcase> <!-- createSheet -->
  <testcase name="createSheet" classname="com.lmg_dubai.sahlastore.library.BaseLib">
    <skipped/>
  </testcase> <!-- createSheet -->
  <testcase name="createSheet" classname="com.lmg_dubai.sahlastore.library.BaseLib">
    <skipped/>
  </testcase> <!-- createSheet -->
  <testcase name="createSheet" classname="com.lmg_dubai.sahlastore.library.BaseLib">
    <skipped/>
  </testcase> <!-- createSheet -->
  <testcase name="createSheet" classname="com.lmg_dubai.sahlastore.library.BaseLib">
    <skipped/>
  </testcase> <!-- createSheet -->
  <testcase name="createSheet" classname="com.lmg_dubai.sahlastore.library.BaseLib">
    <skipped/>
  </testcase> <!-- createSheet -->
  <testcase name="createSheet" classname="com.lmg_dubai.sahlastore.library.BaseLib">
    <skipped/>
  </testcase> <!-- createSheet -->
  <testcase name="createSheet" classname="com.lmg_dubai.sahlastore.library.BaseLib">
    <skipped/>
  </testcase> <!-- createSheet -->
  <testcase name="createSheet" classname="com.lmg_dubai.sahlastore.library.BaseLib">
    <skipped/>
  </testcase> <!-- createSheet -->
  <testcase name="createSheet" classname="com.lmg_dubai.sahlastore.library.BaseLib">
    <skipped/>
  </testcase> <!-- createSheet -->
  <testcase name="createSheet" classname="com.lmg_dubai.sahlastore.library.BaseLib">
    <skipped/>
  </testcase> <!-- createSheet -->
  <testcase name="createSheet" classname="com.lmg_dubai.sahlastore.library.BaseLib">
    <skipped/>
  </testcase> <!-- createSheet -->
  <testcase name="createSheet" classname="com.lmg_dubai.sahlastore.library.BaseLib">
    <skipped/>
  </testcase> <!-- createSheet -->
</testsuite> <!-- com.lmg_dubai.sahlastore.inventory.SStore_TS058_Inventory_TransferIn -->
