<?xml version="1.0" encoding="UTF-8"?>
<!-- Generated by org.testng.reporters.JUnitReportReporter -->
<testsuite skipped="0" hostname="LAPTOP-2H3V8ME1" name="com.lmg_dibai.sahlastore.inventory.Inventory_Send_StoreTransfered_STC001" tests="1" failures="0" timestamp="2020-04-04T23:26:36 IST" time="47.864" errors="0">
  <testcase name="stc001" time="47.864" classname="com.lmg_dibai.sahlastore.inventory.Inventory_Send_StoreTransfered_STC001"/>
  <system-out/>
</testsuite> <!-- com.lmg_dibai.sahlastore.inventory.Inventory_Send_StoreTransfered_STC001 -->
