<?xml version="1.0" encoding="UTF-8"?>
<!-- Generated by org.testng.reporters.JUnitReportReporter -->
<testsuite name="com.lmg_dubai.sahlastore.inventory.SStore_TS0003_Inventory_Consolidate" tests="1" time="71.839" ignored="0" failures="0" timestamp="20 Oct 2020 12:13:22 GMT" skipped="0" hostname="LAPTOP-38LR7550" errors="0">
  <testcase name="ts0002" time="71.839" classname="com.lmg_dubai.sahlastore.inventory.SStore_TS0003_Inventory_Consolidate"/>
</testsuite> <!-- com.lmg_dubai.sahlastore.inventory.SStore_TS0003_Inventory_Consolidate -->
