<?xml version="1.0" encoding="UTF-8"?>
<!-- Generated by org.testng.reporters.JUnitReportReporter -->
<testsuite skipped="0" hostname="LAPTOP-2H3V8ME1" name="com.lmg_dubai.sahlastore.customer.Customer_GlobalSearchShukran_KTC018" tests="1" failures="0" timestamp="2020-04-16T14:52:51 IST" time="275.921" errors="0">
  <testcase name="ktc018" time="275.921" classname="com.lmg_dubai.sahlastore.customer.Customer_GlobalSearchShukran_KTC018"/>
  <system-out/>
</testsuite> <!-- com.lmg_dubai.sahlastore.customer.Customer_GlobalSearchShukran_KTC018 -->
