<?xml version="1.0" encoding="UTF-8"?>
<!-- Generated by org.testng.reporters.JUnitReportReporter -->
<testsuite skipped="0" hostname="LAPTOP-2H3V8ME1" name="com.lmg_dubai.sahlastore.dashboard.Dashboard_Orders_ATC026" tests="1" failures="0" timestamp="2020-04-14T18:49:30 IST" time="65.494" errors="0">
  <testcase name="testAtc026" time="65.494" classname="com.lmg_dubai.sahlastore.dashboard.Dashboard_Orders_ATC026"/>
  <system-out>
6:29 PM, April 14, 2020  </system-out>
</testsuite> <!-- com.lmg_dubai.sahlastore.dashboard.Dashboard_Orders_ATC026 -->
