<?xml version="1.0" encoding="UTF-8"?>
<!-- Generated by org.testng.reporters.JUnitReportReporter -->
<testsuite skipped="0" hostname="LAPTOP-2H3V8ME1" name="com.lmg_dubai.sahlastore.dashboard.Dashboard_Sales_ATC012" tests="1" failures="0" timestamp="2020-04-22T10:21:37 IST" time="38.119" errors="0">
  <testcase name="testAtc012" time="38.119" classname="com.lmg_dubai.sahlastore.dashboard.Dashboard_Sales_ATC012"/>
  <system-out/>
</testsuite> <!-- com.lmg_dubai.sahlastore.dashboard.Dashboard_Sales_ATC012 -->
