<?xml version="1.0" encoding="UTF-8"?>
<!-- Generated by org.testng.reporters.JUnitReportReporter -->
<testsuite skipped="0" hostname="LAPTOP-2H3V8ME1" name="com.lmg_dubai.sahlastore.inventory.Inventory_Receive_WHDelivery_STC015" tests="1" failures="0" timestamp="2020-04-20T13:35:21 IST" time="203.972" errors="0">
  <testcase name="stc015" time="203.972" classname="com.lmg_dubai.sahlastore.inventory.Inventory_Receive_WHDelivery_STC015"/>
  <system-out/>
</testsuite> <!-- com.lmg_dubai.sahlastore.inventory.Inventory_Receive_WHDelivery_STC015 -->
