<?xml version="1.0" encoding="UTF-8"?>
<!-- Generated by org.testng.reporters.JUnitReportReporter -->
<testsuite skipped="0" hostname="LAPTOP-2H3V8ME1" name="com.lmg_dubai.sahlastore.customer.KTC004" tests="1" failures="0" timestamp="2020-04-12T16:05:25 IST" time="121.081" errors="0">
  <testcase name="ktc004" time="121.081" classname="com.lmg_dubai.sahlastore.customer.KTC004"/>
  <system-out/>
</testsuite> <!-- com.lmg_dubai.sahlastore.customer.KTC004 -->
