<?xml version="1.0" encoding="UTF-8"?>
<!-- Generated by org.testng.reporters.JUnitReportReporter -->
<testsuite skipped="0" hostname="LAPTOP-2H3V8ME1" name="com.lmg_dubai.sahlastore.order.Order_Pick_Filtering_KTC023" tests="1" failures="0" timestamp="2020-04-05T22:31:00 IST" time="48.230" errors="0">
  <testcase name="ktc023" time="48.230" classname="com.lmg_dubai.sahlastore.order.Order_Pick_Filtering_KTC023"/>
  <system-out/>
</testsuite> <!-- com.lmg_dubai.sahlastore.order.Order_Pick_Filtering_KTC023 -->
