<?xml version="1.0" encoding="UTF-8"?>
<!-- Generated by org.testng.reporters.JUnitReportReporter -->
<testsuite skipped="0" hostname="LAPTOP-2H3V8ME1" name="com.lmg_dubai.sahlastore.customer.Customer_GlobalSearchShukran_KTC017" tests="1" failures="0" timestamp="2020-04-22T10:21:37 IST" time="115.540" errors="0">
  <testcase name="test" time="115.540" classname="com.lmg_dubai.sahlastore.customer.Customer_GlobalSearchShukran_KTC017"/>
  <system-out/>
</testsuite> <!-- com.lmg_dubai.sahlastore.customer.Customer_GlobalSearchShukran_KTC017 -->
