<?xml version="1.0" encoding="UTF-8"?>
<!-- Generated by org.testng.reporters.JUnitReportReporter -->
<testsuite skipped="0" hostname="TYSS-4F-33" name="com.appium.training.tests.LoginTest" tests="1" failures="0" timestamp="2020-03-11T12:12:14 IST" time="136.130" errors="0">
  <testcase name="login" time="136.130" classname="com.appium.training.tests.LoginTest"/>
</testsuite> <!-- com.appium.training.tests.LoginTest -->
