<?xml version="1.0" encoding="UTF-8"?>
<!-- Generated by org.testng.reporters.JUnitReportReporter -->
<testsuite name="com.lmg_dubai.sahlastore.item.SStore_TS039_ITEM_PrintLabel" tests="1" time="155.967" ignored="0" failures="0" timestamp="26 Oct 2020 04:25:39 GMT" skipped="0" hostname="LAPTOP-38LR7550" errors="0">
  <testcase name="ts039" time="155.967" classname="com.lmg_dubai.sahlastore.item.SStore_TS039_ITEM_PrintLabel"/>
</testsuite> <!-- com.lmg_dubai.sahlastore.item.SStore_TS039_ITEM_PrintLabel -->
