<?xml version="1.0" encoding="UTF-8"?>
<!-- Generated by org.testng.reporters.JUnitReportReporter -->
<testsuite name="com.lmg_dubai.sahlastore.inventory.SStore_TS51886_Inventory_Consolidate" tests="1" time="344.345" ignored="0" failures="0" timestamp="24 Oct 2020 09:16:36 GMT" skipped="0" hostname="LAPTOP-38LR7550" errors="0">
  <testcase name="ts51886" time="344.345" classname="com.lmg_dubai.sahlastore.inventory.SStore_TS51886_Inventory_Consolidate"/>
</testsuite> <!-- com.lmg_dubai.sahlastore.inventory.SStore_TS51886_Inventory_Consolidate -->
