<?xml version="1.0" encoding="UTF-8"?>
<!-- Generated by org.testng.reporters.JUnitReportReporter -->
<testsuite name="com.lmg_dubai.sahlastore.inventory.SStore_TS067_Inventory_WhDelivery" tests="1" time="244.898" ignored="256" failures="1" timestamp="19 Oct 2020 21:44:21 GMT" skipped="0" hostname="LAPTOP-38LR7550" errors="0">
  <testcase name="ts067" time="244.898" classname="com.lmg_dubai.sahlastore.inventory.SStore_TS067_Inventory_WhDelivery">
    <failure type="java.lang.AssertionError" message="unable to Click on &#039;Back Button&#039;">
      <![CDATA[java.lang.AssertionError: unable to Click on 'Back Button'
	at org.testng.Assert.fail(Assert.java:94)
	at com.lmg_dubai.sahlastore.util.MobileActionUtil.clickElement(MobileActionUtil.java:248)
	at com.lmg_dubai.sahlastore.pages.InventoryReceiveWHDeliveryPage.tapOnBackBtn(InventoryReceiveWHDeliveryPage.java:132)
	at com.lmg_dubai.sahlastore.inventory.SStore_TS067_Inventory_WhDelivery.ts067(SStore_TS067_Inventory_WhDelivery.java:35)
	at sun.reflect.NativeMethodAccessorImpl.invoke0(Native Method)
	at sun.reflect.NativeMethodAccessorImpl.invoke(Unknown Source)
	at sun.reflect.DelegatingMethodAccessorImpl.invoke(Unknown Source)
	at java.lang.reflect.Method.invoke(Unknown Source)
	at org.testng.internal.MethodInvocationHelper.invokeMethod(MethodInvocationHelper.java:104)
	at org.testng.internal.Invoker.invokeMethod(Invoker.java:645)
	at org.testng.internal.Invoker.invokeTestMethod(Invoker.java:851)
	at org.testng.internal.Invoker.invokeTestMethods(Invoker.java:1177)
	at org.testng.internal.TestMethodWorker.invokeTestMethods(TestMethodWorker.java:129)
	at org.testng.internal.TestMethodWorker.run(TestMethodWorker.java:112)
	at org.testng.TestRunner.privateRun(TestRunner.java:756)
	at org.testng.TestRunner.run(TestRunner.java:610)
	at org.testng.SuiteRunner.runTest(SuiteRunner.java:387)
	at org.testng.SuiteRunner.runSequentially(SuiteRunner.java:382)
	at org.testng.SuiteRunner.privateRun(SuiteRunner.java:340)
	at org.testng.SuiteRunner.run(SuiteRunner.java:289)
	at org.testng.SuiteRunnerWorker.runSuite(SuiteRunnerWorker.java:52)
	at org.testng.SuiteRunnerWorker.run(SuiteRunnerWorker.java:86)
	at org.testng.TestNG.runSuitesSequentially(TestNG.java:1293)
	at org.testng.TestNG.runSuitesLocally(TestNG.java:1218)
	at org.testng.TestNG.runSuites(TestNG.java:1133)
	at org.testng.TestNG.run(TestNG.java:1104)
	at org.testng.remote.AbstractRemoteTestNG.run(AbstractRemoteTestNG.java:115)
	at org.testng.remote.RemoteTestNG.initAndRun(RemoteTestNG.java:251)
	at org.testng.remote.RemoteTestNG.main(RemoteTestNG.java:77)
]]>
    </failure>
  </testcase> <!-- ts067 -->
  <testcase name="finish" classname="com.lmg_dubai.sahlastore.library.BaseLib">
    <skipped/>
  </testcase> <!-- finish -->
  <testcase name="finish" classname="com.lmg_dubai.sahlastore.library.BaseLib">
    <skipped/>
  </testcase> <!-- finish -->
  <testcase name="finish" classname="com.lmg_dubai.sahlastore.library.BaseLib">
    <skipped/>
  </testcase> <!-- finish -->
  <testcase name="finish" classname="com.lmg_dubai.sahlastore.library.BaseLib">
    <skipped/>
  </testcase> <!-- finish -->
  <testcase name="finish" classname="com.lmg_dubai.sahlastore.library.BaseLib">
    <skipped/>
  </testcase> <!-- finish -->
  <testcase name="finish" classname="com.lmg_dubai.sahlastore.library.BaseLib">
    <skipped/>
  </testcase> <!-- finish -->
  <testcase name="finish" classname="com.lmg_dubai.sahlastore.library.BaseLib">
    <skipped/>
  </testcase> <!-- finish -->
  <testcase name="finish" classname="com.lmg_dubai.sahlastore.library.BaseLib">
    <skipped/>
  </testcase> <!-- finish -->
  <testcase name="finish" classname="com.lmg_dubai.sahlastore.library.BaseLib">
    <skipped/>
  </testcase> <!-- finish -->
  <testcase name="finish" classname="com.lmg_dubai.sahlastore.library.BaseLib">
    <skipped/>
  </testcase> <!-- finish -->
  <testcase name="finish" classname="com.lmg_dubai.sahlastore.library.BaseLib">
    <skipped/>
  </testcase> <!-- finish -->
  <testcase name="finish" classname="com.lmg_dubai.sahlastore.library.BaseLib">
    <skipped/>
  </testcase> <!-- finish -->
  <testcase name="finish" classname="com.lmg_dubai.sahlastore.library.BaseLib">
    <skipped/>
  </testcase> <!-- finish -->
  <testcase name="finish" classname="com.lmg_dubai.sahlastore.library.BaseLib">
    <skipped/>
  </testcase> <!-- finish -->
  <testcase name="finish" classname="com.lmg_dubai.sahlastore.library.BaseLib">
    <skipped/>
  </testcase> <!-- finish -->
  <testcase name="finish" classname="com.lmg_dubai.sahlastore.library.BaseLib">
    <skipped/>
  </testcase> <!-- finish -->
  <testcase name="finish" classname="com.lmg_dubai.sahlastore.library.BaseLib">
    <skipped/>
  </testcase> <!-- finish -->
  <testcase name="finish" classname="com.lmg_dubai.sahlastore.library.BaseLib">
    <skipped/>
  </testcase> <!-- finish -->
  <testcase name="finish" classname="com.lmg_dubai.sahlastore.library.BaseLib">
    <skipped/>
  </testcase> <!-- finish -->
  <testcase name="finish" classname="com.lmg_dubai.sahlastore.library.BaseLib">
    <skipped/>
  </testcase> <!-- finish -->
  <testcase name="finish" classname="com.lmg_dubai.sahlastore.library.BaseLib">
    <skipped/>
  </testcase> <!-- finish -->
  <testcase name="finish" classname="com.lmg_dubai.sahlastore.library.BaseLib">
    <skipped/>
  </testcase> <!-- finish -->
  <testcase name="finish" classname="com.lmg_dubai.sahlastore.library.BaseLib">
    <skipped/>
  </testcase> <!-- finish -->
  <testcase name="finish" classname="com.lmg_dubai.sahlastore.library.BaseLib">
    <skipped/>
  </testcase> <!-- finish -->
  <testcase name="finish" classname="com.lmg_dubai.sahlastore.library.BaseLib">
    <skipped/>
  </testcase> <!-- finish -->
  <testcase name="finish" classname="com.lmg_dubai.sahlastore.library.BaseLib">
    <skipped/>
  </testcase> <!-- finish -->
  <testcase name="finish" classname="com.lmg_dubai.sahlastore.library.BaseLib">
    <skipped/>
  </testcase> <!-- finish -->
  <testcase name="finish" classname="com.lmg_dubai.sahlastore.library.BaseLib">
    <skipped/>
  </testcase> <!-- finish -->
  <testcase name="finish" classname="com.lmg_dubai.sahlastore.library.BaseLib">
    <skipped/>
  </testcase> <!-- finish -->
  <testcase name="finish" classname="com.lmg_dubai.sahlastore.library.BaseLib">
    <skipped/>
  </testcase> <!-- finish -->
  <testcase name="finish" classname="com.lmg_dubai.sahlastore.library.BaseLib">
    <skipped/>
  </testcase> <!-- finish -->
  <testcase name="finish" classname="com.lmg_dubai.sahlastore.library.BaseLib">
    <skipped/>
  </testcase> <!-- finish -->
  <testcase name="finish" classname="com.lmg_dubai.sahlastore.library.BaseLib">
    <skipped/>
  </testcase> <!-- finish -->
  <testcase name="finish" classname="com.lmg_dubai.sahlastore.library.BaseLib">
    <skipped/>
  </testcase> <!-- finish -->
  <testcase name="finish" classname="com.lmg_dubai.sahlastore.library.BaseLib">
    <skipped/>
  </testcase> <!-- finish -->
  <testcase name="finish" classname="com.lmg_dubai.sahlastore.library.BaseLib">
    <skipped/>
  </testcase> <!-- finish -->
  <testcase name="finish" classname="com.lmg_dubai.sahlastore.library.BaseLib">
    <skipped/>
  </testcase> <!-- finish -->
  <testcase name="finish" classname="com.lmg_dubai.sahlastore.library.BaseLib">
    <skipped/>
  </testcase> <!-- finish -->
  <testcase name="finish" classname="com.lmg_dubai.sahlastore.library.BaseLib">
    <skipped/>
  </testcase> <!-- finish -->
  <testcase name="finish" classname="com.lmg_dubai.sahlastore.library.BaseLib">
    <skipped/>
  </testcase> <!-- finish -->
  <testcase name="finish" classname="com.lmg_dubai.sahlastore.library.BaseLib">
    <skipped/>
  </testcase> <!-- finish -->
  <testcase name="finish" classname="com.lmg_dubai.sahlastore.library.BaseLib">
    <skipped/>
  </testcase> <!-- finish -->
  <testcase name="finish" classname="com.lmg_dubai.sahlastore.library.BaseLib">
    <skipped/>
  </testcase> <!-- finish -->
  <testcase name="finish" classname="com.lmg_dubai.sahlastore.library.BaseLib">
    <skipped/>
  </testcase> <!-- finish -->
  <testcase name="finish" classname="com.lmg_dubai.sahlastore.library.BaseLib">
    <skipped/>
  </testcase> <!-- finish -->
  <testcase name="finish" classname="com.lmg_dubai.sahlastore.library.BaseLib">
    <skipped/>
  </testcase> <!-- finish -->
  <testcase name="finish" classname="com.lmg_dubai.sahlastore.library.BaseLib">
    <skipped/>
  </testcase> <!-- finish -->
  <testcase name="finish" classname="com.lmg_dubai.sahlastore.library.BaseLib">
    <skipped/>
  </testcase> <!-- finish -->
  <testcase name="finish" classname="com.lmg_dubai.sahlastore.library.BaseLib">
    <skipped/>
  </testcase> <!-- finish -->
  <testcase name="finish" classname="com.lmg_dubai.sahlastore.library.BaseLib">
    <skipped/>
  </testcase> <!-- finish -->
  <testcase name="finish" classname="com.lmg_dubai.sahlastore.library.BaseLib">
    <skipped/>
  </testcase> <!-- finish -->
  <testcase name="finish" classname="com.lmg_dubai.sahlastore.library.BaseLib">
    <skipped/>
  </testcase> <!-- finish -->
  <testcase name="finish" classname="com.lmg_dubai.sahlastore.library.BaseLib">
    <skipped/>
  </testcase> <!-- finish -->
  <testcase name="finish" classname="com.lmg_dubai.sahlastore.library.BaseLib">
    <skipped/>
  </testcase> <!-- finish -->
  <testcase name="finish" classname="com.lmg_dubai.sahlastore.library.BaseLib">
    <skipped/>
  </testcase> <!-- finish -->
  <testcase name="finish" classname="com.lmg_dubai.sahlastore.library.BaseLib">
    <skipped/>
  </testcase> <!-- finish -->
  <testcase name="finish" classname="com.lmg_dubai.sahlastore.library.BaseLib">
    <skipped/>
  </testcase> <!-- finish -->
  <testcase name="finish" classname="com.lmg_dubai.sahlastore.library.BaseLib">
    <skipped/>
  </testcase> <!-- finish -->
  <testcase name="finish" classname="com.lmg_dubai.sahlastore.library.BaseLib">
    <skipped/>
  </testcase> <!-- finish -->
  <testcase name="finish" classname="com.lmg_dubai.sahlastore.library.BaseLib">
    <skipped/>
  </testcase> <!-- finish -->
  <testcase name="finish" classname="com.lmg_dubai.sahlastore.library.BaseLib">
    <skipped/>
  </testcase> <!-- finish -->
  <testcase name="finish" classname="com.lmg_dubai.sahlastore.library.BaseLib">
    <skipped/>
  </testcase> <!-- finish -->
  <testcase name="finish" classname="com.lmg_dubai.sahlastore.library.BaseLib">
    <skipped/>
  </testcase> <!-- finish -->
  <testcase name="finish" classname="com.lmg_dubai.sahlastore.library.BaseLib">
    <skipped/>
  </testcase> <!-- finish -->
  <testcase name="finish" classname="com.lmg_dubai.sahlastore.library.BaseLib">
    <skipped/>
  </testcase> <!-- finish -->
  <testcase name="finish" classname="com.lmg_dubai.sahlastore.library.BaseLib">
    <skipped/>
  </testcase> <!-- finish -->
  <testcase name="finish" classname="com.lmg_dubai.sahlastore.library.BaseLib">
    <skipped/>
  </testcase> <!-- finish -->
  <testcase name="finish" classname="com.lmg_dubai.sahlastore.library.BaseLib">
    <skipped/>
  </testcase> <!-- finish -->
  <testcase name="finish" classname="com.lmg_dubai.sahlastore.library.BaseLib">
    <skipped/>
  </testcase> <!-- finish -->
  <testcase name="finish" classname="com.lmg_dubai.sahlastore.library.BaseLib">
    <skipped/>
  </testcase> <!-- finish -->
  <testcase name="finish" classname="com.lmg_dubai.sahlastore.library.BaseLib">
    <skipped/>
  </testcase> <!-- finish -->
  <testcase name="finish" classname="com.lmg_dubai.sahlastore.library.BaseLib">
    <skipped/>
  </testcase> <!-- finish -->
  <testcase name="finish" classname="com.lmg_dubai.sahlastore.library.BaseLib">
    <skipped/>
  </testcase> <!-- finish -->
  <testcase name="finish" classname="com.lmg_dubai.sahlastore.library.BaseLib">
    <skipped/>
  </testcase> <!-- finish -->
  <testcase name="finish" classname="com.lmg_dubai.sahlastore.library.BaseLib">
    <skipped/>
  </testcase> <!-- finish -->
  <testcase name="finish" classname="com.lmg_dubai.sahlastore.library.BaseLib">
    <skipped/>
  </testcase> <!-- finish -->
  <testcase name="finish" classname="com.lmg_dubai.sahlastore.library.BaseLib">
    <skipped/>
  </testcase> <!-- finish -->
  <testcase name="finish" classname="com.lmg_dubai.sahlastore.library.BaseLib">
    <skipped/>
  </testcase> <!-- finish -->
  <testcase name="finish" classname="com.lmg_dubai.sahlastore.library.BaseLib">
    <skipped/>
  </testcase> <!-- finish -->
  <testcase name="finish" classname="com.lmg_dubai.sahlastore.library.BaseLib">
    <skipped/>
  </testcase> <!-- finish -->
  <testcase name="finish" classname="com.lmg_dubai.sahlastore.library.BaseLib">
    <skipped/>
  </testcase> <!-- finish -->
  <testcase name="finish" classname="com.lmg_dubai.sahlastore.library.BaseLib">
    <skipped/>
  </testcase> <!-- finish -->
  <testcase name="finish" classname="com.lmg_dubai.sahlastore.library.BaseLib">
    <skipped/>
  </testcase> <!-- finish -->
  <testcase name="finish" classname="com.lmg_dubai.sahlastore.library.BaseLib">
    <skipped/>
  </testcase> <!-- finish -->
  <testcase name="finish" classname="com.lmg_dubai.sahlastore.library.BaseLib">
    <skipped/>
  </testcase> <!-- finish -->
  <testcase name="finish" classname="com.lmg_dubai.sahlastore.library.BaseLib">
    <skipped/>
  </testcase> <!-- finish -->
  <testcase name="finish" classname="com.lmg_dubai.sahlastore.library.BaseLib">
    <skipped/>
  </testcase> <!-- finish -->
  <testcase name="finish" classname="com.lmg_dubai.sahlastore.library.BaseLib">
    <skipped/>
  </testcase> <!-- finish -->
  <testcase name="finish" classname="com.lmg_dubai.sahlastore.library.BaseLib">
    <skipped/>
  </testcase> <!-- finish -->
  <testcase name="finish" classname="com.lmg_dubai.sahlastore.library.BaseLib">
    <skipped/>
  </testcase> <!-- finish -->
  <testcase name="finish" classname="com.lmg_dubai.sahlastore.library.BaseLib">
    <skipped/>
  </testcase> <!-- finish -->
  <testcase name="finish" classname="com.lmg_dubai.sahlastore.library.BaseLib">
    <skipped/>
  </testcase> <!-- finish -->
  <testcase name="finish" classname="com.lmg_dubai.sahlastore.library.BaseLib">
    <skipped/>
  </testcase> <!-- finish -->
  <testcase name="finish" classname="com.lmg_dubai.sahlastore.library.BaseLib">
    <skipped/>
  </testcase> <!-- finish -->
  <testcase name="finish" classname="com.lmg_dubai.sahlastore.library.BaseLib">
    <skipped/>
  </testcase> <!-- finish -->
  <testcase name="finish" classname="com.lmg_dubai.sahlastore.library.BaseLib">
    <skipped/>
  </testcase> <!-- finish -->
  <testcase name="finish" classname="com.lmg_dubai.sahlastore.library.BaseLib">
    <skipped/>
  </testcase> <!-- finish -->
  <testcase name="finish" classname="com.lmg_dubai.sahlastore.library.BaseLib">
    <skipped/>
  </testcase> <!-- finish -->
  <testcase name="finish" classname="com.lmg_dubai.sahlastore.library.BaseLib">
    <skipped/>
  </testcase> <!-- finish -->
  <testcase name="finish" classname="com.lmg_dubai.sahlastore.library.BaseLib">
    <skipped/>
  </testcase> <!-- finish -->
  <testcase name="finish" classname="com.lmg_dubai.sahlastore.library.BaseLib">
    <skipped/>
  </testcase> <!-- finish -->
  <testcase name="finish" classname="com.lmg_dubai.sahlastore.library.BaseLib">
    <skipped/>
  </testcase> <!-- finish -->
  <testcase name="finish" classname="com.lmg_dubai.sahlastore.library.BaseLib">
    <skipped/>
  </testcase> <!-- finish -->
  <testcase name="finish" classname="com.lmg_dubai.sahlastore.library.BaseLib">
    <skipped/>
  </testcase> <!-- finish -->
  <testcase name="finish" classname="com.lmg_dubai.sahlastore.library.BaseLib">
    <skipped/>
  </testcase> <!-- finish -->
  <testcase name="finish" classname="com.lmg_dubai.sahlastore.library.BaseLib">
    <skipped/>
  </testcase> <!-- finish -->
  <testcase name="finish" classname="com.lmg_dubai.sahlastore.library.BaseLib">
    <skipped/>
  </testcase> <!-- finish -->
  <testcase name="finish" classname="com.lmg_dubai.sahlastore.library.BaseLib">
    <skipped/>
  </testcase> <!-- finish -->
  <testcase name="finish" classname="com.lmg_dubai.sahlastore.library.BaseLib">
    <skipped/>
  </testcase> <!-- finish -->
  <testcase name="finish" classname="com.lmg_dubai.sahlastore.library.BaseLib">
    <skipped/>
  </testcase> <!-- finish -->
  <testcase name="finish" classname="com.lmg_dubai.sahlastore.library.BaseLib">
    <skipped/>
  </testcase> <!-- finish -->
  <testcase name="finish" classname="com.lmg_dubai.sahlastore.library.BaseLib">
    <skipped/>
  </testcase> <!-- finish -->
  <testcase name="finish" classname="com.lmg_dubai.sahlastore.library.BaseLib">
    <skipped/>
  </testcase> <!-- finish -->
  <testcase name="finish" classname="com.lmg_dubai.sahlastore.library.BaseLib">
    <skipped/>
  </testcase> <!-- finish -->
  <testcase name="finish" classname="com.lmg_dubai.sahlastore.library.BaseLib">
    <skipped/>
  </testcase> <!-- finish -->
  <testcase name="finish" classname="com.lmg_dubai.sahlastore.library.BaseLib">
    <skipped/>
  </testcase> <!-- finish -->
  <testcase name="finish" classname="com.lmg_dubai.sahlastore.library.BaseLib">
    <skipped/>
  </testcase> <!-- finish -->
  <testcase name="finish" classname="com.lmg_dubai.sahlastore.library.BaseLib">
    <skipped/>
  </testcase> <!-- finish -->
  <testcase name="finish" classname="com.lmg_dubai.sahlastore.library.BaseLib">
    <skipped/>
  </testcase> <!-- finish -->
  <testcase name="finish" classname="com.lmg_dubai.sahlastore.library.BaseLib">
    <skipped/>
  </testcase> <!-- finish -->
  <testcase name="finish" classname="com.lmg_dubai.sahlastore.library.BaseLib">
    <skipped/>
  </testcase> <!-- finish -->
  <testcase name="finish" classname="com.lmg_dubai.sahlastore.library.BaseLib">
    <skipped/>
  </testcase> <!-- finish -->
  <testcase name="finish" classname="com.lmg_dubai.sahlastore.library.BaseLib">
    <skipped/>
  </testcase> <!-- finish -->
  <testcase name="finish" classname="com.lmg_dubai.sahlastore.library.BaseLib">
    <skipped/>
  </testcase> <!-- finish -->
  <testcase name="finish" classname="com.lmg_dubai.sahlastore.library.BaseLib">
    <skipped/>
  </testcase> <!-- finish -->
  <testcase name="finish" classname="com.lmg_dubai.sahlastore.library.BaseLib">
    <skipped/>
  </testcase> <!-- finish -->
  <testcase name="finish" classname="com.lmg_dubai.sahlastore.library.BaseLib">
    <skipped/>
  </testcase> <!-- finish -->
  <testcase name="finish" classname="com.lmg_dubai.sahlastore.library.BaseLib">
    <skipped/>
  </testcase> <!-- finish -->
  <testcase name="createSheet" classname="com.lmg_dubai.sahlastore.library.BaseLib">
    <skipped/>
  </testcase> <!-- createSheet -->
  <testcase name="createSheet" classname="com.lmg_dubai.sahlastore.library.BaseLib">
    <skipped/>
  </testcase> <!-- createSheet -->
  <testcase name="createSheet" classname="com.lmg_dubai.sahlastore.library.BaseLib">
    <skipped/>
  </testcase> <!-- createSheet -->
  <testcase name="createSheet" classname="com.lmg_dubai.sahlastore.library.BaseLib">
    <skipped/>
  </testcase> <!-- createSheet -->
  <testcase name="createSheet" classname="com.lmg_dubai.sahlastore.library.BaseLib">
    <skipped/>
  </testcase> <!-- createSheet -->
  <testcase name="createSheet" classname="com.lmg_dubai.sahlastore.library.BaseLib">
    <skipped/>
  </testcase> <!-- createSheet -->
  <testcase name="createSheet" classname="com.lmg_dubai.sahlastore.library.BaseLib">
    <skipped/>
  </testcase> <!-- createSheet -->
  <testcase name="createSheet" classname="com.lmg_dubai.sahlastore.library.BaseLib">
    <skipped/>
  </testcase> <!-- createSheet -->
  <testcase name="createSheet" classname="com.lmg_dubai.sahlastore.library.BaseLib">
    <skipped/>
  </testcase> <!-- createSheet -->
  <testcase name="createSheet" classname="com.lmg_dubai.sahlastore.library.BaseLib">
    <skipped/>
  </testcase> <!-- createSheet -->
  <testcase name="createSheet" classname="com.lmg_dubai.sahlastore.library.BaseLib">
    <skipped/>
  </testcase> <!-- createSheet -->
  <testcase name="createSheet" classname="com.lmg_dubai.sahlastore.library.BaseLib">
    <skipped/>
  </testcase> <!-- createSheet -->
  <testcase name="createSheet" classname="com.lmg_dubai.sahlastore.library.BaseLib">
    <skipped/>
  </testcase> <!-- createSheet -->
  <testcase name="createSheet" classname="com.lmg_dubai.sahlastore.library.BaseLib">
    <skipped/>
  </testcase> <!-- createSheet -->
  <testcase name="createSheet" classname="com.lmg_dubai.sahlastore.library.BaseLib">
    <skipped/>
  </testcase> <!-- createSheet -->
  <testcase name="createSheet" classname="com.lmg_dubai.sahlastore.library.BaseLib">
    <skipped/>
  </testcase> <!-- createSheet -->
  <testcase name="createSheet" classname="com.lmg_dubai.sahlastore.library.BaseLib">
    <skipped/>
  </testcase> <!-- createSheet -->
  <testcase name="createSheet" classname="com.lmg_dubai.sahlastore.library.BaseLib">
    <skipped/>
  </testcase> <!-- createSheet -->
  <testcase name="createSheet" classname="com.lmg_dubai.sahlastore.library.BaseLib">
    <skipped/>
  </testcase> <!-- createSheet -->
  <testcase name="createSheet" classname="com.lmg_dubai.sahlastore.library.BaseLib">
    <skipped/>
  </testcase> <!-- createSheet -->
  <testcase name="createSheet" classname="com.lmg_dubai.sahlastore.library.BaseLib">
    <skipped/>
  </testcase> <!-- createSheet -->
  <testcase name="createSheet" classname="com.lmg_dubai.sahlastore.library.BaseLib">
    <skipped/>
  </testcase> <!-- createSheet -->
  <testcase name="createSheet" classname="com.lmg_dubai.sahlastore.library.BaseLib">
    <skipped/>
  </testcase> <!-- createSheet -->
  <testcase name="createSheet" classname="com.lmg_dubai.sahlastore.library.BaseLib">
    <skipped/>
  </testcase> <!-- createSheet -->
  <testcase name="createSheet" classname="com.lmg_dubai.sahlastore.library.BaseLib">
    <skipped/>
  </testcase> <!-- createSheet -->
  <testcase name="createSheet" classname="com.lmg_dubai.sahlastore.library.BaseLib">
    <skipped/>
  </testcase> <!-- createSheet -->
  <testcase name="createSheet" classname="com.lmg_dubai.sahlastore.library.BaseLib">
    <skipped/>
  </testcase> <!-- createSheet -->
  <testcase name="createSheet" classname="com.lmg_dubai.sahlastore.library.BaseLib">
    <skipped/>
  </testcase> <!-- createSheet -->
  <testcase name="createSheet" classname="com.lmg_dubai.sahlastore.library.BaseLib">
    <skipped/>
  </testcase> <!-- createSheet -->
  <testcase name="createSheet" classname="com.lmg_dubai.sahlastore.library.BaseLib">
    <skipped/>
  </testcase> <!-- createSheet -->
  <testcase name="createSheet" classname="com.lmg_dubai.sahlastore.library.BaseLib">
    <skipped/>
  </testcase> <!-- createSheet -->
  <testcase name="createSheet" classname="com.lmg_dubai.sahlastore.library.BaseLib">
    <skipped/>
  </testcase> <!-- createSheet -->
  <testcase name="createSheet" classname="com.lmg_dubai.sahlastore.library.BaseLib">
    <skipped/>
  </testcase> <!-- createSheet -->
  <testcase name="createSheet" classname="com.lmg_dubai.sahlastore.library.BaseLib">
    <skipped/>
  </testcase> <!-- createSheet -->
  <testcase name="createSheet" classname="com.lmg_dubai.sahlastore.library.BaseLib">
    <skipped/>
  </testcase> <!-- createSheet -->
  <testcase name="createSheet" classname="com.lmg_dubai.sahlastore.library.BaseLib">
    <skipped/>
  </testcase> <!-- createSheet -->
  <testcase name="createSheet" classname="com.lmg_dubai.sahlastore.library.BaseLib">
    <skipped/>
  </testcase> <!-- createSheet -->
  <testcase name="createSheet" classname="com.lmg_dubai.sahlastore.library.BaseLib">
    <skipped/>
  </testcase> <!-- createSheet -->
  <testcase name="createSheet" classname="com.lmg_dubai.sahlastore.library.BaseLib">
    <skipped/>
  </testcase> <!-- createSheet -->
  <testcase name="createSheet" classname="com.lmg_dubai.sahlastore.library.BaseLib">
    <skipped/>
  </testcase> <!-- createSheet -->
  <testcase name="createSheet" classname="com.lmg_dubai.sahlastore.library.BaseLib">
    <skipped/>
  </testcase> <!-- createSheet -->
  <testcase name="createSheet" classname="com.lmg_dubai.sahlastore.library.BaseLib">
    <skipped/>
  </testcase> <!-- createSheet -->
  <testcase name="createSheet" classname="com.lmg_dubai.sahlastore.library.BaseLib">
    <skipped/>
  </testcase> <!-- createSheet -->
  <testcase name="createSheet" classname="com.lmg_dubai.sahlastore.library.BaseLib">
    <skipped/>
  </testcase> <!-- createSheet -->
  <testcase name="createSheet" classname="com.lmg_dubai.sahlastore.library.BaseLib">
    <skipped/>
  </testcase> <!-- createSheet -->
  <testcase name="createSheet" classname="com.lmg_dubai.sahlastore.library.BaseLib">
    <skipped/>
  </testcase> <!-- createSheet -->
  <testcase name="createSheet" classname="com.lmg_dubai.sahlastore.library.BaseLib">
    <skipped/>
  </testcase> <!-- createSheet -->
  <testcase name="createSheet" classname="com.lmg_dubai.sahlastore.library.BaseLib">
    <skipped/>
  </testcase> <!-- createSheet -->
  <testcase name="createSheet" classname="com.lmg_dubai.sahlastore.library.BaseLib">
    <skipped/>
  </testcase> <!-- createSheet -->
  <testcase name="createSheet" classname="com.lmg_dubai.sahlastore.library.BaseLib">
    <skipped/>
  </testcase> <!-- createSheet -->
  <testcase name="createSheet" classname="com.lmg_dubai.sahlastore.library.BaseLib">
    <skipped/>
  </testcase> <!-- createSheet -->
  <testcase name="createSheet" classname="com.lmg_dubai.sahlastore.library.BaseLib">
    <skipped/>
  </testcase> <!-- createSheet -->
  <testcase name="createSheet" classname="com.lmg_dubai.sahlastore.library.BaseLib">
    <skipped/>
  </testcase> <!-- createSheet -->
  <testcase name="createSheet" classname="com.lmg_dubai.sahlastore.library.BaseLib">
    <skipped/>
  </testcase> <!-- createSheet -->
  <testcase name="createSheet" classname="com.lmg_dubai.sahlastore.library.BaseLib">
    <skipped/>
  </testcase> <!-- createSheet -->
  <testcase name="createSheet" classname="com.lmg_dubai.sahlastore.library.BaseLib">
    <skipped/>
  </testcase> <!-- createSheet -->
  <testcase name="createSheet" classname="com.lmg_dubai.sahlastore.library.BaseLib">
    <skipped/>
  </testcase> <!-- createSheet -->
  <testcase name="createSheet" classname="com.lmg_dubai.sahlastore.library.BaseLib">
    <skipped/>
  </testcase> <!-- createSheet -->
  <testcase name="createSheet" classname="com.lmg_dubai.sahlastore.library.BaseLib">
    <skipped/>
  </testcase> <!-- createSheet -->
  <testcase name="createSheet" classname="com.lmg_dubai.sahlastore.library.BaseLib">
    <skipped/>
  </testcase> <!-- createSheet -->
  <testcase name="createSheet" classname="com.lmg_dubai.sahlastore.library.BaseLib">
    <skipped/>
  </testcase> <!-- createSheet -->
  <testcase name="createSheet" classname="com.lmg_dubai.sahlastore.library.BaseLib">
    <skipped/>
  </testcase> <!-- createSheet -->
  <testcase name="createSheet" classname="com.lmg_dubai.sahlastore.library.BaseLib">
    <skipped/>
  </testcase> <!-- createSheet -->
  <testcase name="createSheet" classname="com.lmg_dubai.sahlastore.library.BaseLib">
    <skipped/>
  </testcase> <!-- createSheet -->
  <testcase name="createSheet" classname="com.lmg_dubai.sahlastore.library.BaseLib">
    <skipped/>
  </testcase> <!-- createSheet -->
  <testcase name="createSheet" classname="com.lmg_dubai.sahlastore.library.BaseLib">
    <skipped/>
  </testcase> <!-- createSheet -->
  <testcase name="createSheet" classname="com.lmg_dubai.sahlastore.library.BaseLib">
    <skipped/>
  </testcase> <!-- createSheet -->
  <testcase name="createSheet" classname="com.lmg_dubai.sahlastore.library.BaseLib">
    <skipped/>
  </testcase> <!-- createSheet -->
  <testcase name="createSheet" classname="com.lmg_dubai.sahlastore.library.BaseLib">
    <skipped/>
  </testcase> <!-- createSheet -->
  <testcase name="createSheet" classname="com.lmg_dubai.sahlastore.library.BaseLib">
    <skipped/>
  </testcase> <!-- createSheet -->
  <testcase name="createSheet" classname="com.lmg_dubai.sahlastore.library.BaseLib">
    <skipped/>
  </testcase> <!-- createSheet -->
  <testcase name="createSheet" classname="com.lmg_dubai.sahlastore.library.BaseLib">
    <skipped/>
  </testcase> <!-- createSheet -->
  <testcase name="createSheet" classname="com.lmg_dubai.sahlastore.library.BaseLib">
    <skipped/>
  </testcase> <!-- createSheet -->
  <testcase name="createSheet" classname="com.lmg_dubai.sahlastore.library.BaseLib">
    <skipped/>
  </testcase> <!-- createSheet -->
  <testcase name="createSheet" classname="com.lmg_dubai.sahlastore.library.BaseLib">
    <skipped/>
  </testcase> <!-- createSheet -->
  <testcase name="createSheet" classname="com.lmg_dubai.sahlastore.library.BaseLib">
    <skipped/>
  </testcase> <!-- createSheet -->
  <testcase name="createSheet" classname="com.lmg_dubai.sahlastore.library.BaseLib">
    <skipped/>
  </testcase> <!-- createSheet -->
  <testcase name="createSheet" classname="com.lmg_dubai.sahlastore.library.BaseLib">
    <skipped/>
  </testcase> <!-- createSheet -->
  <testcase name="createSheet" classname="com.lmg_dubai.sahlastore.library.BaseLib">
    <skipped/>
  </testcase> <!-- createSheet -->
  <testcase name="createSheet" classname="com.lmg_dubai.sahlastore.library.BaseLib">
    <skipped/>
  </testcase> <!-- createSheet -->
  <testcase name="createSheet" classname="com.lmg_dubai.sahlastore.library.BaseLib">
    <skipped/>
  </testcase> <!-- createSheet -->
  <testcase name="createSheet" classname="com.lmg_dubai.sahlastore.library.BaseLib">
    <skipped/>
  </testcase> <!-- createSheet -->
  <testcase name="createSheet" classname="com.lmg_dubai.sahlastore.library.BaseLib">
    <skipped/>
  </testcase> <!-- createSheet -->
  <testcase name="createSheet" classname="com.lmg_dubai.sahlastore.library.BaseLib">
    <skipped/>
  </testcase> <!-- createSheet -->
  <testcase name="createSheet" classname="com.lmg_dubai.sahlastore.library.BaseLib">
    <skipped/>
  </testcase> <!-- createSheet -->
  <testcase name="createSheet" classname="com.lmg_dubai.sahlastore.library.BaseLib">
    <skipped/>
  </testcase> <!-- createSheet -->
  <testcase name="createSheet" classname="com.lmg_dubai.sahlastore.library.BaseLib">
    <skipped/>
  </testcase> <!-- createSheet -->
  <testcase name="createSheet" classname="com.lmg_dubai.sahlastore.library.BaseLib">
    <skipped/>
  </testcase> <!-- createSheet -->
  <testcase name="createSheet" classname="com.lmg_dubai.sahlastore.library.BaseLib">
    <skipped/>
  </testcase> <!-- createSheet -->
  <testcase name="createSheet" classname="com.lmg_dubai.sahlastore.library.BaseLib">
    <skipped/>
  </testcase> <!-- createSheet -->
  <testcase name="createSheet" classname="com.lmg_dubai.sahlastore.library.BaseLib">
    <skipped/>
  </testcase> <!-- createSheet -->
  <testcase name="createSheet" classname="com.lmg_dubai.sahlastore.library.BaseLib">
    <skipped/>
  </testcase> <!-- createSheet -->
  <testcase name="createSheet" classname="com.lmg_dubai.sahlastore.library.BaseLib">
    <skipped/>
  </testcase> <!-- createSheet -->
  <testcase name="createSheet" classname="com.lmg_dubai.sahlastore.library.BaseLib">
    <skipped/>
  </testcase> <!-- createSheet -->
  <testcase name="createSheet" classname="com.lmg_dubai.sahlastore.library.BaseLib">
    <skipped/>
  </testcase> <!-- createSheet -->
  <testcase name="createSheet" classname="com.lmg_dubai.sahlastore.library.BaseLib">
    <skipped/>
  </testcase> <!-- createSheet -->
  <testcase name="createSheet" classname="com.lmg_dubai.sahlastore.library.BaseLib">
    <skipped/>
  </testcase> <!-- createSheet -->
  <testcase name="createSheet" classname="com.lmg_dubai.sahlastore.library.BaseLib">
    <skipped/>
  </testcase> <!-- createSheet -->
  <testcase name="createSheet" classname="com.lmg_dubai.sahlastore.library.BaseLib">
    <skipped/>
  </testcase> <!-- createSheet -->
  <testcase name="createSheet" classname="com.lmg_dubai.sahlastore.library.BaseLib">
    <skipped/>
  </testcase> <!-- createSheet -->
  <testcase name="createSheet" classname="com.lmg_dubai.sahlastore.library.BaseLib">
    <skipped/>
  </testcase> <!-- createSheet -->
  <testcase name="createSheet" classname="com.lmg_dubai.sahlastore.library.BaseLib">
    <skipped/>
  </testcase> <!-- createSheet -->
  <testcase name="createSheet" classname="com.lmg_dubai.sahlastore.library.BaseLib">
    <skipped/>
  </testcase> <!-- createSheet -->
  <testcase name="createSheet" classname="com.lmg_dubai.sahlastore.library.BaseLib">
    <skipped/>
  </testcase> <!-- createSheet -->
  <testcase name="createSheet" classname="com.lmg_dubai.sahlastore.library.BaseLib">
    <skipped/>
  </testcase> <!-- createSheet -->
  <testcase name="createSheet" classname="com.lmg_dubai.sahlastore.library.BaseLib">
    <skipped/>
  </testcase> <!-- createSheet -->
  <testcase name="createSheet" classname="com.lmg_dubai.sahlastore.library.BaseLib">
    <skipped/>
  </testcase> <!-- createSheet -->
  <testcase name="createSheet" classname="com.lmg_dubai.sahlastore.library.BaseLib">
    <skipped/>
  </testcase> <!-- createSheet -->
  <testcase name="createSheet" classname="com.lmg_dubai.sahlastore.library.BaseLib">
    <skipped/>
  </testcase> <!-- createSheet -->
  <testcase name="createSheet" classname="com.lmg_dubai.sahlastore.library.BaseLib">
    <skipped/>
  </testcase> <!-- createSheet -->
  <testcase name="createSheet" classname="com.lmg_dubai.sahlastore.library.BaseLib">
    <skipped/>
  </testcase> <!-- createSheet -->
  <testcase name="createSheet" classname="com.lmg_dubai.sahlastore.library.BaseLib">
    <skipped/>
  </testcase> <!-- createSheet -->
  <testcase name="createSheet" classname="com.lmg_dubai.sahlastore.library.BaseLib">
    <skipped/>
  </testcase> <!-- createSheet -->
  <testcase name="createSheet" classname="com.lmg_dubai.sahlastore.library.BaseLib">
    <skipped/>
  </testcase> <!-- createSheet -->
  <testcase name="createSheet" classname="com.lmg_dubai.sahlastore.library.BaseLib">
    <skipped/>
  </testcase> <!-- createSheet -->
  <testcase name="createSheet" classname="com.lmg_dubai.sahlastore.library.BaseLib">
    <skipped/>
  </testcase> <!-- createSheet -->
  <testcase name="createSheet" classname="com.lmg_dubai.sahlastore.library.BaseLib">
    <skipped/>
  </testcase> <!-- createSheet -->
  <testcase name="createSheet" classname="com.lmg_dubai.sahlastore.library.BaseLib">
    <skipped/>
  </testcase> <!-- createSheet -->
  <testcase name="createSheet" classname="com.lmg_dubai.sahlastore.library.BaseLib">
    <skipped/>
  </testcase> <!-- createSheet -->
  <testcase name="createSheet" classname="com.lmg_dubai.sahlastore.library.BaseLib">
    <skipped/>
  </testcase> <!-- createSheet -->
  <testcase name="createSheet" classname="com.lmg_dubai.sahlastore.library.BaseLib">
    <skipped/>
  </testcase> <!-- createSheet -->
  <testcase name="createSheet" classname="com.lmg_dubai.sahlastore.library.BaseLib">
    <skipped/>
  </testcase> <!-- createSheet -->
  <testcase name="createSheet" classname="com.lmg_dubai.sahlastore.library.BaseLib">
    <skipped/>
  </testcase> <!-- createSheet -->
  <testcase name="createSheet" classname="com.lmg_dubai.sahlastore.library.BaseLib">
    <skipped/>
  </testcase> <!-- createSheet -->
  <testcase name="createSheet" classname="com.lmg_dubai.sahlastore.library.BaseLib">
    <skipped/>
  </testcase> <!-- createSheet -->
  <testcase name="createSheet" classname="com.lmg_dubai.sahlastore.library.BaseLib">
    <skipped/>
  </testcase> <!-- createSheet -->
  <testcase name="createSheet" classname="com.lmg_dubai.sahlastore.library.BaseLib">
    <skipped/>
  </testcase> <!-- createSheet -->
  <testcase name="createSheet" classname="com.lmg_dubai.sahlastore.library.BaseLib">
    <skipped/>
  </testcase> <!-- createSheet -->
</testsuite> <!-- com.lmg_dubai.sahlastore.inventory.SStore_TS067_Inventory_WhDelivery -->
