<?xml version="1.0" encoding="UTF-8"?>
<!-- Generated by org.testng.reporters.JUnitReportReporter -->
<testsuite name="com.lmg_dubai.sahlastore.inventory.SStore_TS00009_Inventory_Consolidate" tests="1" time="82.174" ignored="0" failures="0" timestamp="21 Oct 2020 06:34:16 GMT" skipped="0" hostname="LAPTOP-38LR7550" errors="0">
  <testcase name="ts0002" time="82.174" classname="com.lmg_dubai.sahlastore.inventory.SStore_TS00009_Inventory_Consolidate"/>
</testsuite> <!-- com.lmg_dubai.sahlastore.inventory.SStore_TS00009_Inventory_Consolidate -->
