<?xml version="1.0" encoding="UTF-8"?>
<!-- Generated by org.testng.reporters.JUnitReportReporter -->
<testsuite name="com.lmg_dubai.sahlastore.order.SStore_TS00019_Order_Pack" tests="1" time="134.215" ignored="0" failures="0" timestamp="26 Oct 2020 16:16:29 GMT" skipped="0" hostname="LAPTOP-38LR7550" errors="0">
  <testcase name="ts00019" time="134.215" classname="com.lmg_dubai.sahlastore.order.SStore_TS00019_Order_Pack"/>
</testsuite> <!-- com.lmg_dubai.sahlastore.order.SStore_TS00019_Order_Pack -->
