<?xml version="1.0" encoding="UTF-8"?>
<!-- Generated by org.testng.reporters.JUnitReportReporter -->
<testsuite skipped="0" hostname="LAPTOP-2H3V8ME1" name="com.lmg_dubai.sahlastore.dashboard.Dashboard_Sales_ATC025" tests="1" failures="0" timestamp="2020-04-14T18:49:30 IST" time="188.612" errors="0">
  <testcase name="testAtc025" time="188.612" classname="com.lmg_dubai.sahlastore.dashboard.Dashboard_Sales_ATC025"/>
  <system-out>
ATV YTD value: 171.22 ATV YTD Percentage value: 0% ATV YTD Target: 0 ATV QTD: 171.22 ATV MTD: 182.45 ATV WTD: 256.61 UPT YTD value: 3.97 UPT YTD Percentage value: 0% UPT YTD Target: 0 UPT QTD: 3.97 UPT MTD: 4.14 UPT WTD: 6.49  </system-out>
</testsuite> <!-- com.lmg_dubai.sahlastore.dashboard.Dashboard_Sales_ATC025 -->
