<?xml version="1.0" encoding="UTF-8"?>
<!-- Generated by org.testng.reporters.JUnitReportReporter -->
<testsuite name="com.lmg_dubai.sahlastore.customer.SStore_TS017_Customer_GlobalSearchShukran" tests="1" time="201.439" ignored="194" failures="0" timestamp="10 Jun 2020 18:52:43 GMT" skipped="0" hostname="LAPTOP-2H3V8ME1" errors="0">
  <testcase name="ts017" time="201.439" classname="com.lmg_dubai.sahlastore.customer.SStore_TS017_Customer_GlobalSearchShukran"/>
  <testcase name="finish" classname="com.lmg_dubai.sahlastore.library.BaseLib">
    <skipped/>
  </testcase> <!-- finish -->
  <testcase name="finish" classname="com.lmg_dubai.sahlastore.library.BaseLib">
    <skipped/>
  </testcase> <!-- finish -->
  <testcase name="finish" classname="com.lmg_dubai.sahlastore.library.BaseLib">
    <skipped/>
  </testcase> <!-- finish -->
  <testcase name="finish" classname="com.lmg_dubai.sahlastore.library.BaseLib">
    <skipped/>
  </testcase> <!-- finish -->
  <testcase name="finish" classname="com.lmg_dubai.sahlastore.library.BaseLib">
    <skipped/>
  </testcase> <!-- finish -->
  <testcase name="finish" classname="com.lmg_dubai.sahlastore.library.BaseLib">
    <skipped/>
  </testcase> <!-- finish -->
  <testcase name="finish" classname="com.lmg_dubai.sahlastore.library.BaseLib">
    <skipped/>
  </testcase> <!-- finish -->
  <testcase name="finish" classname="com.lmg_dubai.sahlastore.library.BaseLib">
    <skipped/>
  </testcase> <!-- finish -->
  <testcase name="finish" classname="com.lmg_dubai.sahlastore.library.BaseLib">
    <skipped/>
  </testcase> <!-- finish -->
  <testcase name="finish" classname="com.lmg_dubai.sahlastore.library.BaseLib">
    <skipped/>
  </testcase> <!-- finish -->
  <testcase name="finish" classname="com.lmg_dubai.sahlastore.library.BaseLib">
    <skipped/>
  </testcase> <!-- finish -->
  <testcase name="finish" classname="com.lmg_dubai.sahlastore.library.BaseLib">
    <skipped/>
  </testcase> <!-- finish -->
  <testcase name="finish" classname="com.lmg_dubai.sahlastore.library.BaseLib">
    <skipped/>
  </testcase> <!-- finish -->
  <testcase name="finish" classname="com.lmg_dubai.sahlastore.library.BaseLib">
    <skipped/>
  </testcase> <!-- finish -->
  <testcase name="finish" classname="com.lmg_dubai.sahlastore.library.BaseLib">
    <skipped/>
  </testcase> <!-- finish -->
  <testcase name="finish" classname="com.lmg_dubai.sahlastore.library.BaseLib">
    <skipped/>
  </testcase> <!-- finish -->
  <testcase name="finish" classname="com.lmg_dubai.sahlastore.library.BaseLib">
    <skipped/>
  </testcase> <!-- finish -->
  <testcase name="finish" classname="com.lmg_dubai.sahlastore.library.BaseLib">
    <skipped/>
  </testcase> <!-- finish -->
  <testcase name="finish" classname="com.lmg_dubai.sahlastore.library.BaseLib">
    <skipped/>
  </testcase> <!-- finish -->
  <testcase name="finish" classname="com.lmg_dubai.sahlastore.library.BaseLib">
    <skipped/>
  </testcase> <!-- finish -->
  <testcase name="finish" classname="com.lmg_dubai.sahlastore.library.BaseLib">
    <skipped/>
  </testcase> <!-- finish -->
  <testcase name="finish" classname="com.lmg_dubai.sahlastore.library.BaseLib">
    <skipped/>
  </testcase> <!-- finish -->
  <testcase name="finish" classname="com.lmg_dubai.sahlastore.library.BaseLib">
    <skipped/>
  </testcase> <!-- finish -->
  <testcase name="finish" classname="com.lmg_dubai.sahlastore.library.BaseLib">
    <skipped/>
  </testcase> <!-- finish -->
  <testcase name="finish" classname="com.lmg_dubai.sahlastore.library.BaseLib">
    <skipped/>
  </testcase> <!-- finish -->
  <testcase name="finish" classname="com.lmg_dubai.sahlastore.library.BaseLib">
    <skipped/>
  </testcase> <!-- finish -->
  <testcase name="finish" classname="com.lmg_dubai.sahlastore.library.BaseLib">
    <skipped/>
  </testcase> <!-- finish -->
  <testcase name="finish" classname="com.lmg_dubai.sahlastore.library.BaseLib">
    <skipped/>
  </testcase> <!-- finish -->
  <testcase name="finish" classname="com.lmg_dubai.sahlastore.library.BaseLib">
    <skipped/>
  </testcase> <!-- finish -->
  <testcase name="finish" classname="com.lmg_dubai.sahlastore.library.BaseLib">
    <skipped/>
  </testcase> <!-- finish -->
  <testcase name="finish" classname="com.lmg_dubai.sahlastore.library.BaseLib">
    <skipped/>
  </testcase> <!-- finish -->
  <testcase name="finish" classname="com.lmg_dubai.sahlastore.library.BaseLib">
    <skipped/>
  </testcase> <!-- finish -->
  <testcase name="finish" classname="com.lmg_dubai.sahlastore.library.BaseLib">
    <skipped/>
  </testcase> <!-- finish -->
  <testcase name="finish" classname="com.lmg_dubai.sahlastore.library.BaseLib">
    <skipped/>
  </testcase> <!-- finish -->
  <testcase name="finish" classname="com.lmg_dubai.sahlastore.library.BaseLib">
    <skipped/>
  </testcase> <!-- finish -->
  <testcase name="finish" classname="com.lmg_dubai.sahlastore.library.BaseLib">
    <skipped/>
  </testcase> <!-- finish -->
  <testcase name="finish" classname="com.lmg_dubai.sahlastore.library.BaseLib">
    <skipped/>
  </testcase> <!-- finish -->
  <testcase name="finish" classname="com.lmg_dubai.sahlastore.library.BaseLib">
    <skipped/>
  </testcase> <!-- finish -->
  <testcase name="finish" classname="com.lmg_dubai.sahlastore.library.BaseLib">
    <skipped/>
  </testcase> <!-- finish -->
  <testcase name="finish" classname="com.lmg_dubai.sahlastore.library.BaseLib">
    <skipped/>
  </testcase> <!-- finish -->
  <testcase name="finish" classname="com.lmg_dubai.sahlastore.library.BaseLib">
    <skipped/>
  </testcase> <!-- finish -->
  <testcase name="finish" classname="com.lmg_dubai.sahlastore.library.BaseLib">
    <skipped/>
  </testcase> <!-- finish -->
  <testcase name="finish" classname="com.lmg_dubai.sahlastore.library.BaseLib">
    <skipped/>
  </testcase> <!-- finish -->
  <testcase name="finish" classname="com.lmg_dubai.sahlastore.library.BaseLib">
    <skipped/>
  </testcase> <!-- finish -->
  <testcase name="finish" classname="com.lmg_dubai.sahlastore.library.BaseLib">
    <skipped/>
  </testcase> <!-- finish -->
  <testcase name="finish" classname="com.lmg_dubai.sahlastore.library.BaseLib">
    <skipped/>
  </testcase> <!-- finish -->
  <testcase name="finish" classname="com.lmg_dubai.sahlastore.library.BaseLib">
    <skipped/>
  </testcase> <!-- finish -->
  <testcase name="finish" classname="com.lmg_dubai.sahlastore.library.BaseLib">
    <skipped/>
  </testcase> <!-- finish -->
  <testcase name="finish" classname="com.lmg_dubai.sahlastore.library.BaseLib">
    <skipped/>
  </testcase> <!-- finish -->
  <testcase name="finish" classname="com.lmg_dubai.sahlastore.library.BaseLib">
    <skipped/>
  </testcase> <!-- finish -->
  <testcase name="finish" classname="com.lmg_dubai.sahlastore.library.BaseLib">
    <skipped/>
  </testcase> <!-- finish -->
  <testcase name="finish" classname="com.lmg_dubai.sahlastore.library.BaseLib">
    <skipped/>
  </testcase> <!-- finish -->
  <testcase name="finish" classname="com.lmg_dubai.sahlastore.library.BaseLib">
    <skipped/>
  </testcase> <!-- finish -->
  <testcase name="finish" classname="com.lmg_dubai.sahlastore.library.BaseLib">
    <skipped/>
  </testcase> <!-- finish -->
  <testcase name="finish" classname="com.lmg_dubai.sahlastore.library.BaseLib">
    <skipped/>
  </testcase> <!-- finish -->
  <testcase name="finish" classname="com.lmg_dubai.sahlastore.library.BaseLib">
    <skipped/>
  </testcase> <!-- finish -->
  <testcase name="finish" classname="com.lmg_dubai.sahlastore.library.BaseLib">
    <skipped/>
  </testcase> <!-- finish -->
  <testcase name="finish" classname="com.lmg_dubai.sahlastore.library.BaseLib">
    <skipped/>
  </testcase> <!-- finish -->
  <testcase name="finish" classname="com.lmg_dubai.sahlastore.library.BaseLib">
    <skipped/>
  </testcase> <!-- finish -->
  <testcase name="finish" classname="com.lmg_dubai.sahlastore.library.BaseLib">
    <skipped/>
  </testcase> <!-- finish -->
  <testcase name="finish" classname="com.lmg_dubai.sahlastore.library.BaseLib">
    <skipped/>
  </testcase> <!-- finish -->
  <testcase name="finish" classname="com.lmg_dubai.sahlastore.library.BaseLib">
    <skipped/>
  </testcase> <!-- finish -->
  <testcase name="finish" classname="com.lmg_dubai.sahlastore.library.BaseLib">
    <skipped/>
  </testcase> <!-- finish -->
  <testcase name="finish" classname="com.lmg_dubai.sahlastore.library.BaseLib">
    <skipped/>
  </testcase> <!-- finish -->
  <testcase name="finish" classname="com.lmg_dubai.sahlastore.library.BaseLib">
    <skipped/>
  </testcase> <!-- finish -->
  <testcase name="finish" classname="com.lmg_dubai.sahlastore.library.BaseLib">
    <skipped/>
  </testcase> <!-- finish -->
  <testcase name="finish" classname="com.lmg_dubai.sahlastore.library.BaseLib">
    <skipped/>
  </testcase> <!-- finish -->
  <testcase name="finish" classname="com.lmg_dubai.sahlastore.library.BaseLib">
    <skipped/>
  </testcase> <!-- finish -->
  <testcase name="finish" classname="com.lmg_dubai.sahlastore.library.BaseLib">
    <skipped/>
  </testcase> <!-- finish -->
  <testcase name="finish" classname="com.lmg_dubai.sahlastore.library.BaseLib">
    <skipped/>
  </testcase> <!-- finish -->
  <testcase name="finish" classname="com.lmg_dubai.sahlastore.library.BaseLib">
    <skipped/>
  </testcase> <!-- finish -->
  <testcase name="finish" classname="com.lmg_dubai.sahlastore.library.BaseLib">
    <skipped/>
  </testcase> <!-- finish -->
  <testcase name="finish" classname="com.lmg_dubai.sahlastore.library.BaseLib">
    <skipped/>
  </testcase> <!-- finish -->
  <testcase name="finish" classname="com.lmg_dubai.sahlastore.library.BaseLib">
    <skipped/>
  </testcase> <!-- finish -->
  <testcase name="finish" classname="com.lmg_dubai.sahlastore.library.BaseLib">
    <skipped/>
  </testcase> <!-- finish -->
  <testcase name="finish" classname="com.lmg_dubai.sahlastore.library.BaseLib">
    <skipped/>
  </testcase> <!-- finish -->
  <testcase name="finish" classname="com.lmg_dubai.sahlastore.library.BaseLib">
    <skipped/>
  </testcase> <!-- finish -->
  <testcase name="finish" classname="com.lmg_dubai.sahlastore.library.BaseLib">
    <skipped/>
  </testcase> <!-- finish -->
  <testcase name="finish" classname="com.lmg_dubai.sahlastore.library.BaseLib">
    <skipped/>
  </testcase> <!-- finish -->
  <testcase name="finish" classname="com.lmg_dubai.sahlastore.library.BaseLib">
    <skipped/>
  </testcase> <!-- finish -->
  <testcase name="finish" classname="com.lmg_dubai.sahlastore.library.BaseLib">
    <skipped/>
  </testcase> <!-- finish -->
  <testcase name="finish" classname="com.lmg_dubai.sahlastore.library.BaseLib">
    <skipped/>
  </testcase> <!-- finish -->
  <testcase name="finish" classname="com.lmg_dubai.sahlastore.library.BaseLib">
    <skipped/>
  </testcase> <!-- finish -->
  <testcase name="finish" classname="com.lmg_dubai.sahlastore.library.BaseLib">
    <skipped/>
  </testcase> <!-- finish -->
  <testcase name="finish" classname="com.lmg_dubai.sahlastore.library.BaseLib">
    <skipped/>
  </testcase> <!-- finish -->
  <testcase name="finish" classname="com.lmg_dubai.sahlastore.library.BaseLib">
    <skipped/>
  </testcase> <!-- finish -->
  <testcase name="finish" classname="com.lmg_dubai.sahlastore.library.BaseLib">
    <skipped/>
  </testcase> <!-- finish -->
  <testcase name="finish" classname="com.lmg_dubai.sahlastore.library.BaseLib">
    <skipped/>
  </testcase> <!-- finish -->
  <testcase name="finish" classname="com.lmg_dubai.sahlastore.library.BaseLib">
    <skipped/>
  </testcase> <!-- finish -->
  <testcase name="finish" classname="com.lmg_dubai.sahlastore.library.BaseLib">
    <skipped/>
  </testcase> <!-- finish -->
  <testcase name="finish" classname="com.lmg_dubai.sahlastore.library.BaseLib">
    <skipped/>
  </testcase> <!-- finish -->
  <testcase name="finish" classname="com.lmg_dubai.sahlastore.library.BaseLib">
    <skipped/>
  </testcase> <!-- finish -->
  <testcase name="finish" classname="com.lmg_dubai.sahlastore.library.BaseLib">
    <skipped/>
  </testcase> <!-- finish -->
  <testcase name="finish" classname="com.lmg_dubai.sahlastore.library.BaseLib">
    <skipped/>
  </testcase> <!-- finish -->
  <testcase name="finish" classname="com.lmg_dubai.sahlastore.library.BaseLib">
    <skipped/>
  </testcase> <!-- finish -->
  <testcase name="finish" classname="com.lmg_dubai.sahlastore.library.BaseLib">
    <skipped/>
  </testcase> <!-- finish -->
  <testcase name="finish" classname="com.lmg_dubai.sahlastore.library.BaseLib">
    <skipped/>
  </testcase> <!-- finish -->
  <testcase name="createSheet" classname="com.lmg_dubai.sahlastore.library.BaseLib">
    <skipped/>
  </testcase> <!-- createSheet -->
  <testcase name="createSheet" classname="com.lmg_dubai.sahlastore.library.BaseLib">
    <skipped/>
  </testcase> <!-- createSheet -->
  <testcase name="createSheet" classname="com.lmg_dubai.sahlastore.library.BaseLib">
    <skipped/>
  </testcase> <!-- createSheet -->
  <testcase name="createSheet" classname="com.lmg_dubai.sahlastore.library.BaseLib">
    <skipped/>
  </testcase> <!-- createSheet -->
  <testcase name="createSheet" classname="com.lmg_dubai.sahlastore.library.BaseLib">
    <skipped/>
  </testcase> <!-- createSheet -->
  <testcase name="createSheet" classname="com.lmg_dubai.sahlastore.library.BaseLib">
    <skipped/>
  </testcase> <!-- createSheet -->
  <testcase name="createSheet" classname="com.lmg_dubai.sahlastore.library.BaseLib">
    <skipped/>
  </testcase> <!-- createSheet -->
  <testcase name="createSheet" classname="com.lmg_dubai.sahlastore.library.BaseLib">
    <skipped/>
  </testcase> <!-- createSheet -->
  <testcase name="createSheet" classname="com.lmg_dubai.sahlastore.library.BaseLib">
    <skipped/>
  </testcase> <!-- createSheet -->
  <testcase name="createSheet" classname="com.lmg_dubai.sahlastore.library.BaseLib">
    <skipped/>
  </testcase> <!-- createSheet -->
  <testcase name="createSheet" classname="com.lmg_dubai.sahlastore.library.BaseLib">
    <skipped/>
  </testcase> <!-- createSheet -->
  <testcase name="createSheet" classname="com.lmg_dubai.sahlastore.library.BaseLib">
    <skipped/>
  </testcase> <!-- createSheet -->
  <testcase name="createSheet" classname="com.lmg_dubai.sahlastore.library.BaseLib">
    <skipped/>
  </testcase> <!-- createSheet -->
  <testcase name="createSheet" classname="com.lmg_dubai.sahlastore.library.BaseLib">
    <skipped/>
  </testcase> <!-- createSheet -->
  <testcase name="createSheet" classname="com.lmg_dubai.sahlastore.library.BaseLib">
    <skipped/>
  </testcase> <!-- createSheet -->
  <testcase name="createSheet" classname="com.lmg_dubai.sahlastore.library.BaseLib">
    <skipped/>
  </testcase> <!-- createSheet -->
  <testcase name="createSheet" classname="com.lmg_dubai.sahlastore.library.BaseLib">
    <skipped/>
  </testcase> <!-- createSheet -->
  <testcase name="createSheet" classname="com.lmg_dubai.sahlastore.library.BaseLib">
    <skipped/>
  </testcase> <!-- createSheet -->
  <testcase name="createSheet" classname="com.lmg_dubai.sahlastore.library.BaseLib">
    <skipped/>
  </testcase> <!-- createSheet -->
  <testcase name="createSheet" classname="com.lmg_dubai.sahlastore.library.BaseLib">
    <skipped/>
  </testcase> <!-- createSheet -->
  <testcase name="createSheet" classname="com.lmg_dubai.sahlastore.library.BaseLib">
    <skipped/>
  </testcase> <!-- createSheet -->
  <testcase name="createSheet" classname="com.lmg_dubai.sahlastore.library.BaseLib">
    <skipped/>
  </testcase> <!-- createSheet -->
  <testcase name="createSheet" classname="com.lmg_dubai.sahlastore.library.BaseLib">
    <skipped/>
  </testcase> <!-- createSheet -->
  <testcase name="createSheet" classname="com.lmg_dubai.sahlastore.library.BaseLib">
    <skipped/>
  </testcase> <!-- createSheet -->
  <testcase name="createSheet" classname="com.lmg_dubai.sahlastore.library.BaseLib">
    <skipped/>
  </testcase> <!-- createSheet -->
  <testcase name="createSheet" classname="com.lmg_dubai.sahlastore.library.BaseLib">
    <skipped/>
  </testcase> <!-- createSheet -->
  <testcase name="createSheet" classname="com.lmg_dubai.sahlastore.library.BaseLib">
    <skipped/>
  </testcase> <!-- createSheet -->
  <testcase name="createSheet" classname="com.lmg_dubai.sahlastore.library.BaseLib">
    <skipped/>
  </testcase> <!-- createSheet -->
  <testcase name="createSheet" classname="com.lmg_dubai.sahlastore.library.BaseLib">
    <skipped/>
  </testcase> <!-- createSheet -->
  <testcase name="createSheet" classname="com.lmg_dubai.sahlastore.library.BaseLib">
    <skipped/>
  </testcase> <!-- createSheet -->
  <testcase name="createSheet" classname="com.lmg_dubai.sahlastore.library.BaseLib">
    <skipped/>
  </testcase> <!-- createSheet -->
  <testcase name="createSheet" classname="com.lmg_dubai.sahlastore.library.BaseLib">
    <skipped/>
  </testcase> <!-- createSheet -->
  <testcase name="createSheet" classname="com.lmg_dubai.sahlastore.library.BaseLib">
    <skipped/>
  </testcase> <!-- createSheet -->
  <testcase name="createSheet" classname="com.lmg_dubai.sahlastore.library.BaseLib">
    <skipped/>
  </testcase> <!-- createSheet -->
  <testcase name="createSheet" classname="com.lmg_dubai.sahlastore.library.BaseLib">
    <skipped/>
  </testcase> <!-- createSheet -->
  <testcase name="createSheet" classname="com.lmg_dubai.sahlastore.library.BaseLib">
    <skipped/>
  </testcase> <!-- createSheet -->
  <testcase name="createSheet" classname="com.lmg_dubai.sahlastore.library.BaseLib">
    <skipped/>
  </testcase> <!-- createSheet -->
  <testcase name="createSheet" classname="com.lmg_dubai.sahlastore.library.BaseLib">
    <skipped/>
  </testcase> <!-- createSheet -->
  <testcase name="createSheet" classname="com.lmg_dubai.sahlastore.library.BaseLib">
    <skipped/>
  </testcase> <!-- createSheet -->
  <testcase name="createSheet" classname="com.lmg_dubai.sahlastore.library.BaseLib">
    <skipped/>
  </testcase> <!-- createSheet -->
  <testcase name="createSheet" classname="com.lmg_dubai.sahlastore.library.BaseLib">
    <skipped/>
  </testcase> <!-- createSheet -->
  <testcase name="createSheet" classname="com.lmg_dubai.sahlastore.library.BaseLib">
    <skipped/>
  </testcase> <!-- createSheet -->
  <testcase name="createSheet" classname="com.lmg_dubai.sahlastore.library.BaseLib">
    <skipped/>
  </testcase> <!-- createSheet -->
  <testcase name="createSheet" classname="com.lmg_dubai.sahlastore.library.BaseLib">
    <skipped/>
  </testcase> <!-- createSheet -->
  <testcase name="createSheet" classname="com.lmg_dubai.sahlastore.library.BaseLib">
    <skipped/>
  </testcase> <!-- createSheet -->
  <testcase name="createSheet" classname="com.lmg_dubai.sahlastore.library.BaseLib">
    <skipped/>
  </testcase> <!-- createSheet -->
  <testcase name="createSheet" classname="com.lmg_dubai.sahlastore.library.BaseLib">
    <skipped/>
  </testcase> <!-- createSheet -->
  <testcase name="createSheet" classname="com.lmg_dubai.sahlastore.library.BaseLib">
    <skipped/>
  </testcase> <!-- createSheet -->
  <testcase name="createSheet" classname="com.lmg_dubai.sahlastore.library.BaseLib">
    <skipped/>
  </testcase> <!-- createSheet -->
  <testcase name="createSheet" classname="com.lmg_dubai.sahlastore.library.BaseLib">
    <skipped/>
  </testcase> <!-- createSheet -->
  <testcase name="createSheet" classname="com.lmg_dubai.sahlastore.library.BaseLib">
    <skipped/>
  </testcase> <!-- createSheet -->
  <testcase name="createSheet" classname="com.lmg_dubai.sahlastore.library.BaseLib">
    <skipped/>
  </testcase> <!-- createSheet -->
  <testcase name="createSheet" classname="com.lmg_dubai.sahlastore.library.BaseLib">
    <skipped/>
  </testcase> <!-- createSheet -->
  <testcase name="createSheet" classname="com.lmg_dubai.sahlastore.library.BaseLib">
    <skipped/>
  </testcase> <!-- createSheet -->
  <testcase name="createSheet" classname="com.lmg_dubai.sahlastore.library.BaseLib">
    <skipped/>
  </testcase> <!-- createSheet -->
  <testcase name="createSheet" classname="com.lmg_dubai.sahlastore.library.BaseLib">
    <skipped/>
  </testcase> <!-- createSheet -->
  <testcase name="createSheet" classname="com.lmg_dubai.sahlastore.library.BaseLib">
    <skipped/>
  </testcase> <!-- createSheet -->
  <testcase name="createSheet" classname="com.lmg_dubai.sahlastore.library.BaseLib">
    <skipped/>
  </testcase> <!-- createSheet -->
  <testcase name="createSheet" classname="com.lmg_dubai.sahlastore.library.BaseLib">
    <skipped/>
  </testcase> <!-- createSheet -->
  <testcase name="createSheet" classname="com.lmg_dubai.sahlastore.library.BaseLib">
    <skipped/>
  </testcase> <!-- createSheet -->
  <testcase name="createSheet" classname="com.lmg_dubai.sahlastore.library.BaseLib">
    <skipped/>
  </testcase> <!-- createSheet -->
  <testcase name="createSheet" classname="com.lmg_dubai.sahlastore.library.BaseLib">
    <skipped/>
  </testcase> <!-- createSheet -->
  <testcase name="createSheet" classname="com.lmg_dubai.sahlastore.library.BaseLib">
    <skipped/>
  </testcase> <!-- createSheet -->
  <testcase name="createSheet" classname="com.lmg_dubai.sahlastore.library.BaseLib">
    <skipped/>
  </testcase> <!-- createSheet -->
  <testcase name="createSheet" classname="com.lmg_dubai.sahlastore.library.BaseLib">
    <skipped/>
  </testcase> <!-- createSheet -->
  <testcase name="createSheet" classname="com.lmg_dubai.sahlastore.library.BaseLib">
    <skipped/>
  </testcase> <!-- createSheet -->
  <testcase name="createSheet" classname="com.lmg_dubai.sahlastore.library.BaseLib">
    <skipped/>
  </testcase> <!-- createSheet -->
  <testcase name="createSheet" classname="com.lmg_dubai.sahlastore.library.BaseLib">
    <skipped/>
  </testcase> <!-- createSheet -->
  <testcase name="createSheet" classname="com.lmg_dubai.sahlastore.library.BaseLib">
    <skipped/>
  </testcase> <!-- createSheet -->
  <testcase name="createSheet" classname="com.lmg_dubai.sahlastore.library.BaseLib">
    <skipped/>
  </testcase> <!-- createSheet -->
  <testcase name="createSheet" classname="com.lmg_dubai.sahlastore.library.BaseLib">
    <skipped/>
  </testcase> <!-- createSheet -->
  <testcase name="createSheet" classname="com.lmg_dubai.sahlastore.library.BaseLib">
    <skipped/>
  </testcase> <!-- createSheet -->
  <testcase name="createSheet" classname="com.lmg_dubai.sahlastore.library.BaseLib">
    <skipped/>
  </testcase> <!-- createSheet -->
  <testcase name="createSheet" classname="com.lmg_dubai.sahlastore.library.BaseLib">
    <skipped/>
  </testcase> <!-- createSheet -->
  <testcase name="createSheet" classname="com.lmg_dubai.sahlastore.library.BaseLib">
    <skipped/>
  </testcase> <!-- createSheet -->
  <testcase name="createSheet" classname="com.lmg_dubai.sahlastore.library.BaseLib">
    <skipped/>
  </testcase> <!-- createSheet -->
  <testcase name="createSheet" classname="com.lmg_dubai.sahlastore.library.BaseLib">
    <skipped/>
  </testcase> <!-- createSheet -->
  <testcase name="createSheet" classname="com.lmg_dubai.sahlastore.library.BaseLib">
    <skipped/>
  </testcase> <!-- createSheet -->
  <testcase name="createSheet" classname="com.lmg_dubai.sahlastore.library.BaseLib">
    <skipped/>
  </testcase> <!-- createSheet -->
  <testcase name="createSheet" classname="com.lmg_dubai.sahlastore.library.BaseLib">
    <skipped/>
  </testcase> <!-- createSheet -->
  <testcase name="createSheet" classname="com.lmg_dubai.sahlastore.library.BaseLib">
    <skipped/>
  </testcase> <!-- createSheet -->
  <testcase name="createSheet" classname="com.lmg_dubai.sahlastore.library.BaseLib">
    <skipped/>
  </testcase> <!-- createSheet -->
  <testcase name="createSheet" classname="com.lmg_dubai.sahlastore.library.BaseLib">
    <skipped/>
  </testcase> <!-- createSheet -->
  <testcase name="createSheet" classname="com.lmg_dubai.sahlastore.library.BaseLib">
    <skipped/>
  </testcase> <!-- createSheet -->
  <testcase name="createSheet" classname="com.lmg_dubai.sahlastore.library.BaseLib">
    <skipped/>
  </testcase> <!-- createSheet -->
  <testcase name="createSheet" classname="com.lmg_dubai.sahlastore.library.BaseLib">
    <skipped/>
  </testcase> <!-- createSheet -->
  <testcase name="createSheet" classname="com.lmg_dubai.sahlastore.library.BaseLib">
    <skipped/>
  </testcase> <!-- createSheet -->
  <testcase name="createSheet" classname="com.lmg_dubai.sahlastore.library.BaseLib">
    <skipped/>
  </testcase> <!-- createSheet -->
  <testcase name="createSheet" classname="com.lmg_dubai.sahlastore.library.BaseLib">
    <skipped/>
  </testcase> <!-- createSheet -->
  <testcase name="createSheet" classname="com.lmg_dubai.sahlastore.library.BaseLib">
    <skipped/>
  </testcase> <!-- createSheet -->
  <testcase name="createSheet" classname="com.lmg_dubai.sahlastore.library.BaseLib">
    <skipped/>
  </testcase> <!-- createSheet -->
  <testcase name="createSheet" classname="com.lmg_dubai.sahlastore.library.BaseLib">
    <skipped/>
  </testcase> <!-- createSheet -->
  <testcase name="createSheet" classname="com.lmg_dubai.sahlastore.library.BaseLib">
    <skipped/>
  </testcase> <!-- createSheet -->
  <testcase name="createSheet" classname="com.lmg_dubai.sahlastore.library.BaseLib">
    <skipped/>
  </testcase> <!-- createSheet -->
  <testcase name="createSheet" classname="com.lmg_dubai.sahlastore.library.BaseLib">
    <skipped/>
  </testcase> <!-- createSheet -->
  <testcase name="createSheet" classname="com.lmg_dubai.sahlastore.library.BaseLib">
    <skipped/>
  </testcase> <!-- createSheet -->
  <testcase name="createSheet" classname="com.lmg_dubai.sahlastore.library.BaseLib">
    <skipped/>
  </testcase> <!-- createSheet -->
</testsuite> <!-- com.lmg_dubai.sahlastore.customer.SStore_TS017_Customer_GlobalSearchShukran -->
