<?xml version="1.0" encoding="UTF-8"?>
<!-- Generated by org.testng.reporters.JUnitReportReporter -->
<testsuite skipped="0" hostname="LAPTOP-2H3V8ME1" name="com.lmg_dubai.sahlastore.dashboard.ATC004" tests="1" failures="0" timestamp="2020-04-05T22:31:00 IST" time="74.501" errors="0">
  <testcase name="testAtc004" time="74.501" classname="com.lmg_dubai.sahlastore.dashboard.ATC004"/>
  <system-out/>
</testsuite> <!-- com.lmg_dubai.sahlastore.dashboard.ATC004 -->
