<?xml version="1.0" encoding="UTF-8"?>
<!-- Generated by org.testng.reporters.JUnitReportReporter -->
<testsuite skipped="0" hostname="LAPTOP-2H3V8ME1" name="com.lmg_dibai.sahlastore.inventory.Inventory_Send_StoreTransfered_STC003" tests="1" failures="0" timestamp="2020-04-04T23:26:35 IST" time="74.393" errors="0">
  <testcase name="stc003" time="74.393" classname="com.lmg_dibai.sahlastore.inventory.Inventory_Send_StoreTransfered_STC003"/>
  <system-out/>
</testsuite> <!-- com.lmg_dibai.sahlastore.inventory.Inventory_Send_StoreTransfered_STC003 -->
