<?xml version="1.0" encoding="UTF-8"?>
<!-- Generated by org.testng.reporters.JUnitReportReporter -->
<testsuite skipped="0" hostname="LAPTOP-2H3V8ME1" name="com.lmg_dubai.sahlastore.inventory.Inventory_Receive_TransferIN_STC014" tests="1" failures="0" timestamp="2020-04-22T16:07:21 IST" time="55.822" errors="0">
  <testcase name="inventory_Receive_TransferIN" time="55.822" classname="com.lmg_dubai.sahlastore.inventory.Inventory_Receive_TransferIN_STC014"/>
  <system-out/>
</testsuite> <!-- com.lmg_dubai.sahlastore.inventory.Inventory_Receive_TransferIN_STC014 -->
