<?xml version="1.0" encoding="UTF-8"?>
<!-- Generated by org.testng.reporters.JUnitReportReporter -->
<testsuite name="com.lmg_dubai.sahlastore.inventory.SStore_TS51888_Inventory_Consolidate" tests="1" time="143.932" ignored="0" failures="0" timestamp="25 Oct 2020 09:38:59 GMT" skipped="0" hostname="LAPTOP-38LR7550" errors="0">
  <testcase name="ts51888" time="143.932" classname="com.lmg_dubai.sahlastore.inventory.SStore_TS51888_Inventory_Consolidate"/>
</testsuite> <!-- com.lmg_dubai.sahlastore.inventory.SStore_TS51888_Inventory_Consolidate -->
