<?xml version="1.0" encoding="UTF-8"?>
<!-- Generated by org.testng.reporters.JUnitReportReporter -->
<testsuite name="com.lmg_dubai.sahlastore.inventory.SStore_TS000014_Inventory_Consolidate" tests="1" time="157.732" ignored="0" failures="0" timestamp="21 Oct 2020 11:33:20 GMT" skipped="0" hostname="LAPTOP-38LR7550" errors="0">
  <testcase name="ts00014" time="157.732" classname="com.lmg_dubai.sahlastore.inventory.SStore_TS000014_Inventory_Consolidate"/>
</testsuite> <!-- com.lmg_dubai.sahlastore.inventory.SStore_TS000014_Inventory_Consolidate -->
