<?xml version="1.0" encoding="UTF-8"?>
<!-- Generated by org.testng.reporters.JUnitReportReporter -->
<testsuite name="com.lmg_dubai.sahlastore.customer.Test1" tests="1" time="95.575" ignored="0" failures="0" timestamp="08 Jun 2020 12:19:33 GMT" skipped="0" hostname="LAPTOP-2H3V8ME1" errors="0">
  <testcase name="test1" time="95.575" classname="com.lmg_dubai.sahlastore.customer.Test1"/>
</testsuite> <!-- com.lmg_dubai.sahlastore.customer.Test1 -->
