<?xml version="1.0" encoding="UTF-8"?>
<!-- Generated by org.testng.reporters.JUnitReportReporter -->
<testsuite skipped="0" hostname="LAPTOP-2H3V8ME1" name="com.lmg_dubai.sahlastore.dashboard.Dashboard_TopFlop_Top_ATC001" tests="1" failures="0" timestamp="2020-04-22T13:23:46 IST" time="73.196" errors="0">
  <testcase name="testAtc001" time="73.196" classname="com.lmg_dubai.sahlastore.dashboard.Dashboard_TopFlop_Top_ATC001"/>
  <system-out/>
</testsuite> <!-- com.lmg_dubai.sahlastore.dashboard.Dashboard_TopFlop_Top_ATC001 -->
