<?xml version="1.0" encoding="UTF-8"?>
<!-- Generated by org.testng.reporters.JUnitReportReporter -->
<testsuite name="com.lmg_dubai.sahlastore.order.SStore_TS00023_Order_Pack" tests="1" time="182.767" ignored="0" failures="0" timestamp="27 Oct 2020 05:58:16 GMT" skipped="0" hostname="LAPTOP-38LR7550" errors="0">
  <testcase name="ts00023" time="182.767" classname="com.lmg_dubai.sahlastore.order.SStore_TS00023_Order_Pack"/>
</testsuite> <!-- com.lmg_dubai.sahlastore.order.SStore_TS00023_Order_Pack -->
