<?xml version="1.0" encoding="UTF-8"?>
<!-- Generated by org.testng.reporters.JUnitReportReporter -->
<testsuite skipped="0" hostname="TYSS-CL" name="com.lmg_dubai.sahlastore.customer.Customer_GlobalSearchShukran_KTC019" tests="1" failures="0" timestamp="2020-04-15T21:14:51 IST" time="203.795" errors="0">
  <testcase name="ktc019" time="203.795" classname="com.lmg_dubai.sahlastore.customer.Customer_GlobalSearchShukran_KTC019"/>
  <system-out/>
</testsuite> <!-- com.lmg_dubai.sahlastore.customer.Customer_GlobalSearchShukran_KTC019 -->
