<?xml version="1.0" encoding="UTF-8"?>
<!-- Generated by org.testng.reporters.JUnitReportReporter -->
<testsuite skipped="0" hostname="LAPTOP-2H3V8ME1" name="com.lmg_dubai.sahlastore.inventory.Inventory_Receive_TransferIN_Shipment_STC017" tests="1" failures="0" timestamp="2020-04-05T22:31:00 IST" time="35.979" errors="1">
  <testcase name="STC017" time="35.979" classname="com.lmg_dubai.sahlastore.inventory.Inventory_Receive_TransferIN_Shipment_STC017">
    <error type="org.openqa.selenium.NoSuchElementException" message="An element could not be located on the page using the given search parameters.
For documentation on this error, please visit: http://seleniumhq.org/exceptions/no_such_element.html
Build info: version: &#039;3.4.0&#039;, revision: &#039;unknown&#039;, time: &#039;unknown&#039;
System info: host: &#039;LAPTOP-2H3V8ME1&#039;, ip: &#039;192.168.43.195&#039;, os.name: &#039;Windows 10&#039;, os.arch: &#039;amd64&#039;, os.version: &#039;10.0&#039;, java.version: &#039;1.8.0_162&#039;
Driver info: io.appium.java_client.android.AndroidDriver
Capabilities [{appPackage=com.landmarkgroup.sahla, statBarHeight=80.0, noReset=false, viewportRect={top=80.0, left=0.0, width=1080.0, height=2050.0}, deviceName=93b1e6e1, fullReset=false, platform=ANDROID, deviceUDID=93b1e6e1, desired={app=D:\MPOS_LMG_Dubai_SahlaStore/src\test\resources\app\Sahla Store_com.landmarkgroup.sahla_2.24(127).apk, noReset=false, allowDenyPermission=true, deviceName=Samsung, fullReset=false, platform=ANDROID, newCommandTimeout=1200.0, platformVersion=9.0, adbExecTimeout=30000.0, automationName=UiAutomator2, autoGrantPermissions=true, autoAcceptAlert=true, platformName=Android, udid=93b1e6e1}, newCommandTimeout=1200.0, platformVersion=9, webStorageEnabled=false, automationName=UiAutomator2, takesScreenshot=true, javascriptEnabled=true, autoAcceptAlert=true, platformName=Android, udid=93b1e6e1, deviceApiLevel=28.0, deviceManufacturer=Xiaomi, app=D:\MPOS_LMG_Dubai_SahlaStore/src\test\resources\app\Sahla Store_com.landmarkgroup.sahla_2.24(127).apk, deviceScreenSize=1080x2340, networkConnectionEnabled=true, allowDenyPermission=true, warnings={}, databaseEnabled=false, adbExecTimeout=30000.0, pixelRatio=2.75, locationContextEnabled=false, autoGrantPermissions=true, deviceScreenDensity=440.0, deviceModel=Redmi Note 8}]
Session ID: 9b113eae-416a-4ee6-8b78-11b6b6ec8807
*** Element info: {Using=xpath, value=//android.widget.TextView[@content-desc=&#039;ASNNumberLabel&#039;]}">
      <![CDATA[org.openqa.selenium.NoSuchElementException: An element could not be located on the page using the given search parameters.
For documentation on this error, please visit: http://seleniumhq.org/exceptions/no_such_element.html
Build info: version: '3.4.0', revision: 'unknown', time: 'unknown'
System info: host: 'LAPTOP-2H3V8ME1', ip: '192.168.43.195', os.name: 'Windows 10', os.arch: 'amd64', os.version: '10.0', java.version: '1.8.0_162'
Driver info: io.appium.java_client.android.AndroidDriver
Capabilities [{appPackage=com.landmarkgroup.sahla, statBarHeight=80.0, noReset=false, viewportRect={top=80.0, left=0.0, width=1080.0, height=2050.0}, deviceName=93b1e6e1, fullReset=false, platform=ANDROID, deviceUDID=93b1e6e1, desired={app=D:\MPOS_LMG_Dubai_SahlaStore/src\test\resources\app\Sahla Store_com.landmarkgroup.sahla_2.24(127).apk, noReset=false, allowDenyPermission=true, deviceName=Samsung, fullReset=false, platform=ANDROID, newCommandTimeout=1200.0, platformVersion=9.0, adbExecTimeout=30000.0, automationName=UiAutomator2, autoGrantPermissions=true, autoAcceptAlert=true, platformName=Android, udid=93b1e6e1}, newCommandTimeout=1200.0, platformVersion=9, webStorageEnabled=false, automationName=UiAutomator2, takesScreenshot=true, javascriptEnabled=true, autoAcceptAlert=true, platformName=Android, udid=93b1e6e1, deviceApiLevel=28.0, deviceManufacturer=Xiaomi, app=D:\MPOS_LMG_Dubai_SahlaStore/src\test\resources\app\Sahla Store_com.landmarkgroup.sahla_2.24(127).apk, deviceScreenSize=1080x2340, networkConnectionEnabled=true, allowDenyPermission=true, warnings={}, databaseEnabled=false, adbExecTimeout=30000.0, pixelRatio=2.75, locationContextEnabled=false, autoGrantPermissions=true, deviceScreenDensity=440.0, deviceModel=Redmi Note 8}]
Session ID: 9b113eae-416a-4ee6-8b78-11b6b6ec8807
*** Element info: {Using=xpath, value=//android.widget.TextView[@content-desc='ASNNumberLabel']}
at sun.reflect.GeneratedConstructorAccessor58.newInstance(Unknown Source)
at sun.reflect.DelegatingConstructorAccessorImpl.newInstance(Unknown Source)
at java.lang.reflect.Constructor.newInstance(Unknown Source)
at org.openqa.selenium.remote.http.W3CHttpResponseCodec.createException(W3CHttpResponseCodec.java:150)
at org.openqa.selenium.remote.http.W3CHttpResponseCodec.decode(W3CHttpResponseCodec.java:115)
at org.openqa.selenium.remote.http.W3CHttpResponseCodec.decode(W3CHttpResponseCodec.java:45)
at org.openqa.selenium.remote.HttpCommandExecutor.execute(HttpCommandExecutor.java:164)
at io.appium.java_client.remote.AppiumCommandExecutor.execute(AppiumCommandExecutor.java:69)
at org.openqa.selenium.remote.RemoteWebDriver.execute(RemoteWebDriver.java:637)
at io.appium.java_client.DefaultGenericMobileDriver.execute(DefaultGenericMobileDriver.java:40)
at io.appium.java_client.AppiumDriver.execute(AppiumDriver.java:1)
at io.appium.java_client.android.AndroidDriver.execute(AndroidDriver.java:1)
at org.openqa.selenium.remote.RemoteWebDriver.findElement(RemoteWebDriver.java:410)
at io.appium.java_client.DefaultGenericMobileDriver.findElement(DefaultGenericMobileDriver.java:56)
at io.appium.java_client.AppiumDriver.findElement(AppiumDriver.java:1)
at io.appium.java_client.android.AndroidDriver.findElement(AndroidDriver.java:1)
at org.openqa.selenium.remote.RemoteWebDriver.findElementByXPath(RemoteWebDriver.java:509)
at io.appium.java_client.DefaultGenericMobileDriver.findElementByXPath(DefaultGenericMobileDriver.java:134)
at io.appium.java_client.AppiumDriver.findElementByXPath(AppiumDriver.java:1)
at io.appium.java_client.android.AndroidDriver.findElementByXPath(AndroidDriver.java:1)
at org.openqa.selenium.By$ByXPath.findElement(By.java:361)
at org.openqa.selenium.remote.RemoteWebDriver.findElement(RemoteWebDriver.java:402)
at io.appium.java_client.DefaultGenericMobileDriver.findElement(DefaultGenericMobileDriver.java:52)
at io.appium.java_client.AppiumDriver.findElement(AppiumDriver.java:1)
at io.appium.java_client.android.AndroidDriver.findElement(AndroidDriver.java:1)
at org.openqa.selenium.support.pagefactory.DefaultElementLocator.findElement(DefaultElementLocator.java:69)
at org.openqa.selenium.support.pagefactory.internal.LocatingElementHandler.invoke(LocatingElementHandler.java:38)
at com.sun.proxy.$Proxy6.getText(Unknown Source)
at com.lmg_dubai.sahlasell.pages.InventoryReceiveTransferINPage.tapOnTransferViewShipment(InventoryReceiveTransferINPage.java:186)
at com.lmg_dubai.sahlastore.inventory.Inventory_Receive_TransferIN_Shipment_STC017.STC017(Inventory_Receive_TransferIN_Shipment_STC017.java:19)
at sun.reflect.NativeMethodAccessorImpl.invoke0(Native Method)
at sun.reflect.NativeMethodAccessorImpl.invoke(Unknown Source)
at sun.reflect.DelegatingMethodAccessorImpl.invoke(Unknown Source)
at java.lang.reflect.Method.invoke(Unknown Source)
at org.testng.internal.MethodInvocationHelper.invokeMethod(MethodInvocationHelper.java:134)
at org.testng.internal.TestInvoker.invokeMethod(TestInvoker.java:597)
at org.testng.internal.TestInvoker.invokeTestMethod(TestInvoker.java:173)
at org.testng.internal.MethodRunner.runInSequence(MethodRunner.java:46)
at org.testng.internal.TestInvoker$MethodInvocationAgent.invoke(TestInvoker.java:816)
at org.testng.internal.TestInvoker.invokeTestMethods(TestInvoker.java:146)
at org.testng.internal.TestMethodWorker.invokeTestMethods(TestMethodWorker.java:146)
at org.testng.internal.TestMethodWorker.run(TestMethodWorker.java:128)
at java.util.ArrayList.forEach(Unknown Source)
at org.testng.TestRunner.privateRun(TestRunner.java:766)
at org.testng.TestRunner.run(TestRunner.java:587)
at org.testng.SuiteRunner.runTest(SuiteRunner.java:384)
at org.testng.SuiteRunner.access$000(SuiteRunner.java:28)
at org.testng.SuiteRunner$SuiteWorker.run(SuiteRunner.java:425)
at org.testng.internal.thread.ThreadUtil.lambda$execute$0(ThreadUtil.java:68)
at java.util.concurrent.FutureTask.run(Unknown Source)
at java.util.concurrent.ThreadPoolExecutor.runWorker(Unknown Source)
at java.util.concurrent.ThreadPoolExecutor$Worker.run(Unknown Source)
at java.lang.Thread.run(Unknown Source)
]]>
    </error>
  </testcase> <!-- STC017 -->
  <system-out/>
</testsuite> <!-- com.lmg_dubai.sahlastore.inventory.Inventory_Receive_TransferIN_Shipment_STC017 -->
