<?xml version="1.0" encoding="UTF-8"?>
<!-- Generated by org.testng.reporters.JUnitReportReporter -->
<testsuite skipped="0" hostname="Tyss-PT-Sunil" name="com.appium.training.MobileGestures" tests="1" failures="0" timestamp="30 Jan 2020 08:16:28 GMT" time="50.598" errors="0">
  <testcase name="TC_001" time="50.598" classname="com.appium.training.MobileGestures"/>
</testsuite> <!-- com.appium.training.MobileGestures -->
