<?xml version="1.0" encoding="UTF-8"?>
<!-- Generated by org.testng.reporters.JUnitReportReporter -->
<testsuite skipped="0" hostname="LAPTOP-2H3V8ME1" name="com.lmg_dubai.sahlastore.inventory.Inventory_Send_StoreTransfered_STC001" tests="1" failures="0" timestamp="2020-05-02T18:00:53 IST" time="69.517" errors="0">
  <testcase name="stc001" time="69.517" classname="com.lmg_dubai.sahlastore.inventory.Inventory_Send_StoreTransfered_STC001"/>
  <system-out/>
</testsuite> <!-- com.lmg_dubai.sahlastore.inventory.Inventory_Send_StoreTransfered_STC001 -->
