<?xml version="1.0" encoding="UTF-8"?>
<!-- Generated by org.testng.reporters.JUnitReportReporter -->
<testsuite name="com.lmg_dubai.sahlastore.inventory.SStore_TS045_Inventory_SendStoreTransfer" tests="1" time="150.917" ignored="256" failures="0" timestamp="19 Oct 2020 21:44:21 GMT" skipped="0" hostname="LAPTOP-38LR7550" errors="0">
  <testcase name="ts045" time="150.917" classname="com.lmg_dubai.sahlastore.inventory.SStore_TS045_Inventory_SendStoreTransfer"/>
  <testcase name="finish" classname="com.lmg_dubai.sahlastore.library.BaseLib">
    <skipped/>
  </testcase> <!-- finish -->
  <testcase name="finish" classname="com.lmg_dubai.sahlastore.library.BaseLib">
    <skipped/>
  </testcase> <!-- finish -->
  <testcase name="finish" classname="com.lmg_dubai.sahlastore.library.BaseLib">
    <skipped/>
  </testcase> <!-- finish -->
  <testcase name="finish" classname="com.lmg_dubai.sahlastore.library.BaseLib">
    <skipped/>
  </testcase> <!-- finish -->
  <testcase name="finish" classname="com.lmg_dubai.sahlastore.library.BaseLib">
    <skipped/>
  </testcase> <!-- finish -->
  <testcase name="finish" classname="com.lmg_dubai.sahlastore.library.BaseLib">
    <skipped/>
  </testcase> <!-- finish -->
  <testcase name="finish" classname="com.lmg_dubai.sahlastore.library.BaseLib">
    <skipped/>
  </testcase> <!-- finish -->
  <testcase name="finish" classname="com.lmg_dubai.sahlastore.library.BaseLib">
    <skipped/>
  </testcase> <!-- finish -->
  <testcase name="finish" classname="com.lmg_dubai.sahlastore.library.BaseLib">
    <skipped/>
  </testcase> <!-- finish -->
  <testcase name="finish" classname="com.lmg_dubai.sahlastore.library.BaseLib">
    <skipped/>
  </testcase> <!-- finish -->
  <testcase name="finish" classname="com.lmg_dubai.sahlastore.library.BaseLib">
    <skipped/>
  </testcase> <!-- finish -->
  <testcase name="finish" classname="com.lmg_dubai.sahlastore.library.BaseLib">
    <skipped/>
  </testcase> <!-- finish -->
  <testcase name="finish" classname="com.lmg_dubai.sahlastore.library.BaseLib">
    <skipped/>
  </testcase> <!-- finish -->
  <testcase name="finish" classname="com.lmg_dubai.sahlastore.library.BaseLib">
    <skipped/>
  </testcase> <!-- finish -->
  <testcase name="finish" classname="com.lmg_dubai.sahlastore.library.BaseLib">
    <skipped/>
  </testcase> <!-- finish -->
  <testcase name="finish" classname="com.lmg_dubai.sahlastore.library.BaseLib">
    <skipped/>
  </testcase> <!-- finish -->
  <testcase name="finish" classname="com.lmg_dubai.sahlastore.library.BaseLib">
    <skipped/>
  </testcase> <!-- finish -->
  <testcase name="finish" classname="com.lmg_dubai.sahlastore.library.BaseLib">
    <skipped/>
  </testcase> <!-- finish -->
  <testcase name="finish" classname="com.lmg_dubai.sahlastore.library.BaseLib">
    <skipped/>
  </testcase> <!-- finish -->
  <testcase name="finish" classname="com.lmg_dubai.sahlastore.library.BaseLib">
    <skipped/>
  </testcase> <!-- finish -->
  <testcase name="finish" classname="com.lmg_dubai.sahlastore.library.BaseLib">
    <skipped/>
  </testcase> <!-- finish -->
  <testcase name="finish" classname="com.lmg_dubai.sahlastore.library.BaseLib">
    <skipped/>
  </testcase> <!-- finish -->
  <testcase name="finish" classname="com.lmg_dubai.sahlastore.library.BaseLib">
    <skipped/>
  </testcase> <!-- finish -->
  <testcase name="finish" classname="com.lmg_dubai.sahlastore.library.BaseLib">
    <skipped/>
  </testcase> <!-- finish -->
  <testcase name="finish" classname="com.lmg_dubai.sahlastore.library.BaseLib">
    <skipped/>
  </testcase> <!-- finish -->
  <testcase name="finish" classname="com.lmg_dubai.sahlastore.library.BaseLib">
    <skipped/>
  </testcase> <!-- finish -->
  <testcase name="finish" classname="com.lmg_dubai.sahlastore.library.BaseLib">
    <skipped/>
  </testcase> <!-- finish -->
  <testcase name="finish" classname="com.lmg_dubai.sahlastore.library.BaseLib">
    <skipped/>
  </testcase> <!-- finish -->
  <testcase name="finish" classname="com.lmg_dubai.sahlastore.library.BaseLib">
    <skipped/>
  </testcase> <!-- finish -->
  <testcase name="finish" classname="com.lmg_dubai.sahlastore.library.BaseLib">
    <skipped/>
  </testcase> <!-- finish -->
  <testcase name="finish" classname="com.lmg_dubai.sahlastore.library.BaseLib">
    <skipped/>
  </testcase> <!-- finish -->
  <testcase name="finish" classname="com.lmg_dubai.sahlastore.library.BaseLib">
    <skipped/>
  </testcase> <!-- finish -->
  <testcase name="finish" classname="com.lmg_dubai.sahlastore.library.BaseLib">
    <skipped/>
  </testcase> <!-- finish -->
  <testcase name="finish" classname="com.lmg_dubai.sahlastore.library.BaseLib">
    <skipped/>
  </testcase> <!-- finish -->
  <testcase name="finish" classname="com.lmg_dubai.sahlastore.library.BaseLib">
    <skipped/>
  </testcase> <!-- finish -->
  <testcase name="finish" classname="com.lmg_dubai.sahlastore.library.BaseLib">
    <skipped/>
  </testcase> <!-- finish -->
  <testcase name="finish" classname="com.lmg_dubai.sahlastore.library.BaseLib">
    <skipped/>
  </testcase> <!-- finish -->
  <testcase name="finish" classname="com.lmg_dubai.sahlastore.library.BaseLib">
    <skipped/>
  </testcase> <!-- finish -->
  <testcase name="finish" classname="com.lmg_dubai.sahlastore.library.BaseLib">
    <skipped/>
  </testcase> <!-- finish -->
  <testcase name="finish" classname="com.lmg_dubai.sahlastore.library.BaseLib">
    <skipped/>
  </testcase> <!-- finish -->
  <testcase name="finish" classname="com.lmg_dubai.sahlastore.library.BaseLib">
    <skipped/>
  </testcase> <!-- finish -->
  <testcase name="finish" classname="com.lmg_dubai.sahlastore.library.BaseLib">
    <skipped/>
  </testcase> <!-- finish -->
  <testcase name="finish" classname="com.lmg_dubai.sahlastore.library.BaseLib">
    <skipped/>
  </testcase> <!-- finish -->
  <testcase name="finish" classname="com.lmg_dubai.sahlastore.library.BaseLib">
    <skipped/>
  </testcase> <!-- finish -->
  <testcase name="finish" classname="com.lmg_dubai.sahlastore.library.BaseLib">
    <skipped/>
  </testcase> <!-- finish -->
  <testcase name="finish" classname="com.lmg_dubai.sahlastore.library.BaseLib">
    <skipped/>
  </testcase> <!-- finish -->
  <testcase name="finish" classname="com.lmg_dubai.sahlastore.library.BaseLib">
    <skipped/>
  </testcase> <!-- finish -->
  <testcase name="finish" classname="com.lmg_dubai.sahlastore.library.BaseLib">
    <skipped/>
  </testcase> <!-- finish -->
  <testcase name="finish" classname="com.lmg_dubai.sahlastore.library.BaseLib">
    <skipped/>
  </testcase> <!-- finish -->
  <testcase name="finish" classname="com.lmg_dubai.sahlastore.library.BaseLib">
    <skipped/>
  </testcase> <!-- finish -->
  <testcase name="finish" classname="com.lmg_dubai.sahlastore.library.BaseLib">
    <skipped/>
  </testcase> <!-- finish -->
  <testcase name="finish" classname="com.lmg_dubai.sahlastore.library.BaseLib">
    <skipped/>
  </testcase> <!-- finish -->
  <testcase name="finish" classname="com.lmg_dubai.sahlastore.library.BaseLib">
    <skipped/>
  </testcase> <!-- finish -->
  <testcase name="finish" classname="com.lmg_dubai.sahlastore.library.BaseLib">
    <skipped/>
  </testcase> <!-- finish -->
  <testcase name="finish" classname="com.lmg_dubai.sahlastore.library.BaseLib">
    <skipped/>
  </testcase> <!-- finish -->
  <testcase name="finish" classname="com.lmg_dubai.sahlastore.library.BaseLib">
    <skipped/>
  </testcase> <!-- finish -->
  <testcase name="finish" classname="com.lmg_dubai.sahlastore.library.BaseLib">
    <skipped/>
  </testcase> <!-- finish -->
  <testcase name="finish" classname="com.lmg_dubai.sahlastore.library.BaseLib">
    <skipped/>
  </testcase> <!-- finish -->
  <testcase name="finish" classname="com.lmg_dubai.sahlastore.library.BaseLib">
    <skipped/>
  </testcase> <!-- finish -->
  <testcase name="finish" classname="com.lmg_dubai.sahlastore.library.BaseLib">
    <skipped/>
  </testcase> <!-- finish -->
  <testcase name="finish" classname="com.lmg_dubai.sahlastore.library.BaseLib">
    <skipped/>
  </testcase> <!-- finish -->
  <testcase name="finish" classname="com.lmg_dubai.sahlastore.library.BaseLib">
    <skipped/>
  </testcase> <!-- finish -->
  <testcase name="finish" classname="com.lmg_dubai.sahlastore.library.BaseLib">
    <skipped/>
  </testcase> <!-- finish -->
  <testcase name="finish" classname="com.lmg_dubai.sahlastore.library.BaseLib">
    <skipped/>
  </testcase> <!-- finish -->
  <testcase name="finish" classname="com.lmg_dubai.sahlastore.library.BaseLib">
    <skipped/>
  </testcase> <!-- finish -->
  <testcase name="finish" classname="com.lmg_dubai.sahlastore.library.BaseLib">
    <skipped/>
  </testcase> <!-- finish -->
  <testcase name="finish" classname="com.lmg_dubai.sahlastore.library.BaseLib">
    <skipped/>
  </testcase> <!-- finish -->
  <testcase name="finish" classname="com.lmg_dubai.sahlastore.library.BaseLib">
    <skipped/>
  </testcase> <!-- finish -->
  <testcase name="finish" classname="com.lmg_dubai.sahlastore.library.BaseLib">
    <skipped/>
  </testcase> <!-- finish -->
  <testcase name="finish" classname="com.lmg_dubai.sahlastore.library.BaseLib">
    <skipped/>
  </testcase> <!-- finish -->
  <testcase name="finish" classname="com.lmg_dubai.sahlastore.library.BaseLib">
    <skipped/>
  </testcase> <!-- finish -->
  <testcase name="finish" classname="com.lmg_dubai.sahlastore.library.BaseLib">
    <skipped/>
  </testcase> <!-- finish -->
  <testcase name="finish" classname="com.lmg_dubai.sahlastore.library.BaseLib">
    <skipped/>
  </testcase> <!-- finish -->
  <testcase name="finish" classname="com.lmg_dubai.sahlastore.library.BaseLib">
    <skipped/>
  </testcase> <!-- finish -->
  <testcase name="finish" classname="com.lmg_dubai.sahlastore.library.BaseLib">
    <skipped/>
  </testcase> <!-- finish -->
  <testcase name="finish" classname="com.lmg_dubai.sahlastore.library.BaseLib">
    <skipped/>
  </testcase> <!-- finish -->
  <testcase name="finish" classname="com.lmg_dubai.sahlastore.library.BaseLib">
    <skipped/>
  </testcase> <!-- finish -->
  <testcase name="finish" classname="com.lmg_dubai.sahlastore.library.BaseLib">
    <skipped/>
  </testcase> <!-- finish -->
  <testcase name="finish" classname="com.lmg_dubai.sahlastore.library.BaseLib">
    <skipped/>
  </testcase> <!-- finish -->
  <testcase name="finish" classname="com.lmg_dubai.sahlastore.library.BaseLib">
    <skipped/>
  </testcase> <!-- finish -->
  <testcase name="finish" classname="com.lmg_dubai.sahlastore.library.BaseLib">
    <skipped/>
  </testcase> <!-- finish -->
  <testcase name="finish" classname="com.lmg_dubai.sahlastore.library.BaseLib">
    <skipped/>
  </testcase> <!-- finish -->
  <testcase name="finish" classname="com.lmg_dubai.sahlastore.library.BaseLib">
    <skipped/>
  </testcase> <!-- finish -->
  <testcase name="finish" classname="com.lmg_dubai.sahlastore.library.BaseLib">
    <skipped/>
  </testcase> <!-- finish -->
  <testcase name="finish" classname="com.lmg_dubai.sahlastore.library.BaseLib">
    <skipped/>
  </testcase> <!-- finish -->
  <testcase name="finish" classname="com.lmg_dubai.sahlastore.library.BaseLib">
    <skipped/>
  </testcase> <!-- finish -->
  <testcase name="finish" classname="com.lmg_dubai.sahlastore.library.BaseLib">
    <skipped/>
  </testcase> <!-- finish -->
  <testcase name="finish" classname="com.lmg_dubai.sahlastore.library.BaseLib">
    <skipped/>
  </testcase> <!-- finish -->
  <testcase name="finish" classname="com.lmg_dubai.sahlastore.library.BaseLib">
    <skipped/>
  </testcase> <!-- finish -->
  <testcase name="finish" classname="com.lmg_dubai.sahlastore.library.BaseLib">
    <skipped/>
  </testcase> <!-- finish -->
  <testcase name="finish" classname="com.lmg_dubai.sahlastore.library.BaseLib">
    <skipped/>
  </testcase> <!-- finish -->
  <testcase name="finish" classname="com.lmg_dubai.sahlastore.library.BaseLib">
    <skipped/>
  </testcase> <!-- finish -->
  <testcase name="finish" classname="com.lmg_dubai.sahlastore.library.BaseLib">
    <skipped/>
  </testcase> <!-- finish -->
  <testcase name="finish" classname="com.lmg_dubai.sahlastore.library.BaseLib">
    <skipped/>
  </testcase> <!-- finish -->
  <testcase name="finish" classname="com.lmg_dubai.sahlastore.library.BaseLib">
    <skipped/>
  </testcase> <!-- finish -->
  <testcase name="finish" classname="com.lmg_dubai.sahlastore.library.BaseLib">
    <skipped/>
  </testcase> <!-- finish -->
  <testcase name="finish" classname="com.lmg_dubai.sahlastore.library.BaseLib">
    <skipped/>
  </testcase> <!-- finish -->
  <testcase name="finish" classname="com.lmg_dubai.sahlastore.library.BaseLib">
    <skipped/>
  </testcase> <!-- finish -->
  <testcase name="finish" classname="com.lmg_dubai.sahlastore.library.BaseLib">
    <skipped/>
  </testcase> <!-- finish -->
  <testcase name="finish" classname="com.lmg_dubai.sahlastore.library.BaseLib">
    <skipped/>
  </testcase> <!-- finish -->
  <testcase name="finish" classname="com.lmg_dubai.sahlastore.library.BaseLib">
    <skipped/>
  </testcase> <!-- finish -->
  <testcase name="finish" classname="com.lmg_dubai.sahlastore.library.BaseLib">
    <skipped/>
  </testcase> <!-- finish -->
  <testcase name="finish" classname="com.lmg_dubai.sahlastore.library.BaseLib">
    <skipped/>
  </testcase> <!-- finish -->
  <testcase name="finish" classname="com.lmg_dubai.sahlastore.library.BaseLib">
    <skipped/>
  </testcase> <!-- finish -->
  <testcase name="finish" classname="com.lmg_dubai.sahlastore.library.BaseLib">
    <skipped/>
  </testcase> <!-- finish -->
  <testcase name="finish" classname="com.lmg_dubai.sahlastore.library.BaseLib">
    <skipped/>
  </testcase> <!-- finish -->
  <testcase name="finish" classname="com.lmg_dubai.sahlastore.library.BaseLib">
    <skipped/>
  </testcase> <!-- finish -->
  <testcase name="finish" classname="com.lmg_dubai.sahlastore.library.BaseLib">
    <skipped/>
  </testcase> <!-- finish -->
  <testcase name="finish" classname="com.lmg_dubai.sahlastore.library.BaseLib">
    <skipped/>
  </testcase> <!-- finish -->
  <testcase name="finish" classname="com.lmg_dubai.sahlastore.library.BaseLib">
    <skipped/>
  </testcase> <!-- finish -->
  <testcase name="finish" classname="com.lmg_dubai.sahlastore.library.BaseLib">
    <skipped/>
  </testcase> <!-- finish -->
  <testcase name="finish" classname="com.lmg_dubai.sahlastore.library.BaseLib">
    <skipped/>
  </testcase> <!-- finish -->
  <testcase name="finish" classname="com.lmg_dubai.sahlastore.library.BaseLib">
    <skipped/>
  </testcase> <!-- finish -->
  <testcase name="finish" classname="com.lmg_dubai.sahlastore.library.BaseLib">
    <skipped/>
  </testcase> <!-- finish -->
  <testcase name="finish" classname="com.lmg_dubai.sahlastore.library.BaseLib">
    <skipped/>
  </testcase> <!-- finish -->
  <testcase name="finish" classname="com.lmg_dubai.sahlastore.library.BaseLib">
    <skipped/>
  </testcase> <!-- finish -->
  <testcase name="finish" classname="com.lmg_dubai.sahlastore.library.BaseLib">
    <skipped/>
  </testcase> <!-- finish -->
  <testcase name="finish" classname="com.lmg_dubai.sahlastore.library.BaseLib">
    <skipped/>
  </testcase> <!-- finish -->
  <testcase name="finish" classname="com.lmg_dubai.sahlastore.library.BaseLib">
    <skipped/>
  </testcase> <!-- finish -->
  <testcase name="finish" classname="com.lmg_dubai.sahlastore.library.BaseLib">
    <skipped/>
  </testcase> <!-- finish -->
  <testcase name="finish" classname="com.lmg_dubai.sahlastore.library.BaseLib">
    <skipped/>
  </testcase> <!-- finish -->
  <testcase name="finish" classname="com.lmg_dubai.sahlastore.library.BaseLib">
    <skipped/>
  </testcase> <!-- finish -->
  <testcase name="finish" classname="com.lmg_dubai.sahlastore.library.BaseLib">
    <skipped/>
  </testcase> <!-- finish -->
  <testcase name="finish" classname="com.lmg_dubai.sahlastore.library.BaseLib">
    <skipped/>
  </testcase> <!-- finish -->
  <testcase name="finish" classname="com.lmg_dubai.sahlastore.library.BaseLib">
    <skipped/>
  </testcase> <!-- finish -->
  <testcase name="finish" classname="com.lmg_dubai.sahlastore.library.BaseLib">
    <skipped/>
  </testcase> <!-- finish -->
  <testcase name="finish" classname="com.lmg_dubai.sahlastore.library.BaseLib">
    <skipped/>
  </testcase> <!-- finish -->
  <testcase name="finish" classname="com.lmg_dubai.sahlastore.library.BaseLib">
    <skipped/>
  </testcase> <!-- finish -->
  <testcase name="createSheet" classname="com.lmg_dubai.sahlastore.library.BaseLib">
    <skipped/>
  </testcase> <!-- createSheet -->
  <testcase name="createSheet" classname="com.lmg_dubai.sahlastore.library.BaseLib">
    <skipped/>
  </testcase> <!-- createSheet -->
  <testcase name="createSheet" classname="com.lmg_dubai.sahlastore.library.BaseLib">
    <skipped/>
  </testcase> <!-- createSheet -->
  <testcase name="createSheet" classname="com.lmg_dubai.sahlastore.library.BaseLib">
    <skipped/>
  </testcase> <!-- createSheet -->
  <testcase name="createSheet" classname="com.lmg_dubai.sahlastore.library.BaseLib">
    <skipped/>
  </testcase> <!-- createSheet -->
  <testcase name="createSheet" classname="com.lmg_dubai.sahlastore.library.BaseLib">
    <skipped/>
  </testcase> <!-- createSheet -->
  <testcase name="createSheet" classname="com.lmg_dubai.sahlastore.library.BaseLib">
    <skipped/>
  </testcase> <!-- createSheet -->
  <testcase name="createSheet" classname="com.lmg_dubai.sahlastore.library.BaseLib">
    <skipped/>
  </testcase> <!-- createSheet -->
  <testcase name="createSheet" classname="com.lmg_dubai.sahlastore.library.BaseLib">
    <skipped/>
  </testcase> <!-- createSheet -->
  <testcase name="createSheet" classname="com.lmg_dubai.sahlastore.library.BaseLib">
    <skipped/>
  </testcase> <!-- createSheet -->
  <testcase name="createSheet" classname="com.lmg_dubai.sahlastore.library.BaseLib">
    <skipped/>
  </testcase> <!-- createSheet -->
  <testcase name="createSheet" classname="com.lmg_dubai.sahlastore.library.BaseLib">
    <skipped/>
  </testcase> <!-- createSheet -->
  <testcase name="createSheet" classname="com.lmg_dubai.sahlastore.library.BaseLib">
    <skipped/>
  </testcase> <!-- createSheet -->
  <testcase name="createSheet" classname="com.lmg_dubai.sahlastore.library.BaseLib">
    <skipped/>
  </testcase> <!-- createSheet -->
  <testcase name="createSheet" classname="com.lmg_dubai.sahlastore.library.BaseLib">
    <skipped/>
  </testcase> <!-- createSheet -->
  <testcase name="createSheet" classname="com.lmg_dubai.sahlastore.library.BaseLib">
    <skipped/>
  </testcase> <!-- createSheet -->
  <testcase name="createSheet" classname="com.lmg_dubai.sahlastore.library.BaseLib">
    <skipped/>
  </testcase> <!-- createSheet -->
  <testcase name="createSheet" classname="com.lmg_dubai.sahlastore.library.BaseLib">
    <skipped/>
  </testcase> <!-- createSheet -->
  <testcase name="createSheet" classname="com.lmg_dubai.sahlastore.library.BaseLib">
    <skipped/>
  </testcase> <!-- createSheet -->
  <testcase name="createSheet" classname="com.lmg_dubai.sahlastore.library.BaseLib">
    <skipped/>
  </testcase> <!-- createSheet -->
  <testcase name="createSheet" classname="com.lmg_dubai.sahlastore.library.BaseLib">
    <skipped/>
  </testcase> <!-- createSheet -->
  <testcase name="createSheet" classname="com.lmg_dubai.sahlastore.library.BaseLib">
    <skipped/>
  </testcase> <!-- createSheet -->
  <testcase name="createSheet" classname="com.lmg_dubai.sahlastore.library.BaseLib">
    <skipped/>
  </testcase> <!-- createSheet -->
  <testcase name="createSheet" classname="com.lmg_dubai.sahlastore.library.BaseLib">
    <skipped/>
  </testcase> <!-- createSheet -->
  <testcase name="createSheet" classname="com.lmg_dubai.sahlastore.library.BaseLib">
    <skipped/>
  </testcase> <!-- createSheet -->
  <testcase name="createSheet" classname="com.lmg_dubai.sahlastore.library.BaseLib">
    <skipped/>
  </testcase> <!-- createSheet -->
  <testcase name="createSheet" classname="com.lmg_dubai.sahlastore.library.BaseLib">
    <skipped/>
  </testcase> <!-- createSheet -->
  <testcase name="createSheet" classname="com.lmg_dubai.sahlastore.library.BaseLib">
    <skipped/>
  </testcase> <!-- createSheet -->
  <testcase name="createSheet" classname="com.lmg_dubai.sahlastore.library.BaseLib">
    <skipped/>
  </testcase> <!-- createSheet -->
  <testcase name="createSheet" classname="com.lmg_dubai.sahlastore.library.BaseLib">
    <skipped/>
  </testcase> <!-- createSheet -->
  <testcase name="createSheet" classname="com.lmg_dubai.sahlastore.library.BaseLib">
    <skipped/>
  </testcase> <!-- createSheet -->
  <testcase name="createSheet" classname="com.lmg_dubai.sahlastore.library.BaseLib">
    <skipped/>
  </testcase> <!-- createSheet -->
  <testcase name="createSheet" classname="com.lmg_dubai.sahlastore.library.BaseLib">
    <skipped/>
  </testcase> <!-- createSheet -->
  <testcase name="createSheet" classname="com.lmg_dubai.sahlastore.library.BaseLib">
    <skipped/>
  </testcase> <!-- createSheet -->
  <testcase name="createSheet" classname="com.lmg_dubai.sahlastore.library.BaseLib">
    <skipped/>
  </testcase> <!-- createSheet -->
  <testcase name="createSheet" classname="com.lmg_dubai.sahlastore.library.BaseLib">
    <skipped/>
  </testcase> <!-- createSheet -->
  <testcase name="createSheet" classname="com.lmg_dubai.sahlastore.library.BaseLib">
    <skipped/>
  </testcase> <!-- createSheet -->
  <testcase name="createSheet" classname="com.lmg_dubai.sahlastore.library.BaseLib">
    <skipped/>
  </testcase> <!-- createSheet -->
  <testcase name="createSheet" classname="com.lmg_dubai.sahlastore.library.BaseLib">
    <skipped/>
  </testcase> <!-- createSheet -->
  <testcase name="createSheet" classname="com.lmg_dubai.sahlastore.library.BaseLib">
    <skipped/>
  </testcase> <!-- createSheet -->
  <testcase name="createSheet" classname="com.lmg_dubai.sahlastore.library.BaseLib">
    <skipped/>
  </testcase> <!-- createSheet -->
  <testcase name="createSheet" classname="com.lmg_dubai.sahlastore.library.BaseLib">
    <skipped/>
  </testcase> <!-- createSheet -->
  <testcase name="createSheet" classname="com.lmg_dubai.sahlastore.library.BaseLib">
    <skipped/>
  </testcase> <!-- createSheet -->
  <testcase name="createSheet" classname="com.lmg_dubai.sahlastore.library.BaseLib">
    <skipped/>
  </testcase> <!-- createSheet -->
  <testcase name="createSheet" classname="com.lmg_dubai.sahlastore.library.BaseLib">
    <skipped/>
  </testcase> <!-- createSheet -->
  <testcase name="createSheet" classname="com.lmg_dubai.sahlastore.library.BaseLib">
    <skipped/>
  </testcase> <!-- createSheet -->
  <testcase name="createSheet" classname="com.lmg_dubai.sahlastore.library.BaseLib">
    <skipped/>
  </testcase> <!-- createSheet -->
  <testcase name="createSheet" classname="com.lmg_dubai.sahlastore.library.BaseLib">
    <skipped/>
  </testcase> <!-- createSheet -->
  <testcase name="createSheet" classname="com.lmg_dubai.sahlastore.library.BaseLib">
    <skipped/>
  </testcase> <!-- createSheet -->
  <testcase name="createSheet" classname="com.lmg_dubai.sahlastore.library.BaseLib">
    <skipped/>
  </testcase> <!-- createSheet -->
  <testcase name="createSheet" classname="com.lmg_dubai.sahlastore.library.BaseLib">
    <skipped/>
  </testcase> <!-- createSheet -->
  <testcase name="createSheet" classname="com.lmg_dubai.sahlastore.library.BaseLib">
    <skipped/>
  </testcase> <!-- createSheet -->
  <testcase name="createSheet" classname="com.lmg_dubai.sahlastore.library.BaseLib">
    <skipped/>
  </testcase> <!-- createSheet -->
  <testcase name="createSheet" classname="com.lmg_dubai.sahlastore.library.BaseLib">
    <skipped/>
  </testcase> <!-- createSheet -->
  <testcase name="createSheet" classname="com.lmg_dubai.sahlastore.library.BaseLib">
    <skipped/>
  </testcase> <!-- createSheet -->
  <testcase name="createSheet" classname="com.lmg_dubai.sahlastore.library.BaseLib">
    <skipped/>
  </testcase> <!-- createSheet -->
  <testcase name="createSheet" classname="com.lmg_dubai.sahlastore.library.BaseLib">
    <skipped/>
  </testcase> <!-- createSheet -->
  <testcase name="createSheet" classname="com.lmg_dubai.sahlastore.library.BaseLib">
    <skipped/>
  </testcase> <!-- createSheet -->
  <testcase name="createSheet" classname="com.lmg_dubai.sahlastore.library.BaseLib">
    <skipped/>
  </testcase> <!-- createSheet -->
  <testcase name="createSheet" classname="com.lmg_dubai.sahlastore.library.BaseLib">
    <skipped/>
  </testcase> <!-- createSheet -->
  <testcase name="createSheet" classname="com.lmg_dubai.sahlastore.library.BaseLib">
    <skipped/>
  </testcase> <!-- createSheet -->
  <testcase name="createSheet" classname="com.lmg_dubai.sahlastore.library.BaseLib">
    <skipped/>
  </testcase> <!-- createSheet -->
  <testcase name="createSheet" classname="com.lmg_dubai.sahlastore.library.BaseLib">
    <skipped/>
  </testcase> <!-- createSheet -->
  <testcase name="createSheet" classname="com.lmg_dubai.sahlastore.library.BaseLib">
    <skipped/>
  </testcase> <!-- createSheet -->
  <testcase name="createSheet" classname="com.lmg_dubai.sahlastore.library.BaseLib">
    <skipped/>
  </testcase> <!-- createSheet -->
  <testcase name="createSheet" classname="com.lmg_dubai.sahlastore.library.BaseLib">
    <skipped/>
  </testcase> <!-- createSheet -->
  <testcase name="createSheet" classname="com.lmg_dubai.sahlastore.library.BaseLib">
    <skipped/>
  </testcase> <!-- createSheet -->
  <testcase name="createSheet" classname="com.lmg_dubai.sahlastore.library.BaseLib">
    <skipped/>
  </testcase> <!-- createSheet -->
  <testcase name="createSheet" classname="com.lmg_dubai.sahlastore.library.BaseLib">
    <skipped/>
  </testcase> <!-- createSheet -->
  <testcase name="createSheet" classname="com.lmg_dubai.sahlastore.library.BaseLib">
    <skipped/>
  </testcase> <!-- createSheet -->
  <testcase name="createSheet" classname="com.lmg_dubai.sahlastore.library.BaseLib">
    <skipped/>
  </testcase> <!-- createSheet -->
  <testcase name="createSheet" classname="com.lmg_dubai.sahlastore.library.BaseLib">
    <skipped/>
  </testcase> <!-- createSheet -->
  <testcase name="createSheet" classname="com.lmg_dubai.sahlastore.library.BaseLib">
    <skipped/>
  </testcase> <!-- createSheet -->
  <testcase name="createSheet" classname="com.lmg_dubai.sahlastore.library.BaseLib">
    <skipped/>
  </testcase> <!-- createSheet -->
  <testcase name="createSheet" classname="com.lmg_dubai.sahlastore.library.BaseLib">
    <skipped/>
  </testcase> <!-- createSheet -->
  <testcase name="createSheet" classname="com.lmg_dubai.sahlastore.library.BaseLib">
    <skipped/>
  </testcase> <!-- createSheet -->
  <testcase name="createSheet" classname="com.lmg_dubai.sahlastore.library.BaseLib">
    <skipped/>
  </testcase> <!-- createSheet -->
  <testcase name="createSheet" classname="com.lmg_dubai.sahlastore.library.BaseLib">
    <skipped/>
  </testcase> <!-- createSheet -->
  <testcase name="createSheet" classname="com.lmg_dubai.sahlastore.library.BaseLib">
    <skipped/>
  </testcase> <!-- createSheet -->
  <testcase name="createSheet" classname="com.lmg_dubai.sahlastore.library.BaseLib">
    <skipped/>
  </testcase> <!-- createSheet -->
  <testcase name="createSheet" classname="com.lmg_dubai.sahlastore.library.BaseLib">
    <skipped/>
  </testcase> <!-- createSheet -->
  <testcase name="createSheet" classname="com.lmg_dubai.sahlastore.library.BaseLib">
    <skipped/>
  </testcase> <!-- createSheet -->
  <testcase name="createSheet" classname="com.lmg_dubai.sahlastore.library.BaseLib">
    <skipped/>
  </testcase> <!-- createSheet -->
  <testcase name="createSheet" classname="com.lmg_dubai.sahlastore.library.BaseLib">
    <skipped/>
  </testcase> <!-- createSheet -->
  <testcase name="createSheet" classname="com.lmg_dubai.sahlastore.library.BaseLib">
    <skipped/>
  </testcase> <!-- createSheet -->
  <testcase name="createSheet" classname="com.lmg_dubai.sahlastore.library.BaseLib">
    <skipped/>
  </testcase> <!-- createSheet -->
  <testcase name="createSheet" classname="com.lmg_dubai.sahlastore.library.BaseLib">
    <skipped/>
  </testcase> <!-- createSheet -->
  <testcase name="createSheet" classname="com.lmg_dubai.sahlastore.library.BaseLib">
    <skipped/>
  </testcase> <!-- createSheet -->
  <testcase name="createSheet" classname="com.lmg_dubai.sahlastore.library.BaseLib">
    <skipped/>
  </testcase> <!-- createSheet -->
  <testcase name="createSheet" classname="com.lmg_dubai.sahlastore.library.BaseLib">
    <skipped/>
  </testcase> <!-- createSheet -->
  <testcase name="createSheet" classname="com.lmg_dubai.sahlastore.library.BaseLib">
    <skipped/>
  </testcase> <!-- createSheet -->
  <testcase name="createSheet" classname="com.lmg_dubai.sahlastore.library.BaseLib">
    <skipped/>
  </testcase> <!-- createSheet -->
  <testcase name="createSheet" classname="com.lmg_dubai.sahlastore.library.BaseLib">
    <skipped/>
  </testcase> <!-- createSheet -->
  <testcase name="createSheet" classname="com.lmg_dubai.sahlastore.library.BaseLib">
    <skipped/>
  </testcase> <!-- createSheet -->
  <testcase name="createSheet" classname="com.lmg_dubai.sahlastore.library.BaseLib">
    <skipped/>
  </testcase> <!-- createSheet -->
  <testcase name="createSheet" classname="com.lmg_dubai.sahlastore.library.BaseLib">
    <skipped/>
  </testcase> <!-- createSheet -->
  <testcase name="createSheet" classname="com.lmg_dubai.sahlastore.library.BaseLib">
    <skipped/>
  </testcase> <!-- createSheet -->
  <testcase name="createSheet" classname="com.lmg_dubai.sahlastore.library.BaseLib">
    <skipped/>
  </testcase> <!-- createSheet -->
  <testcase name="createSheet" classname="com.lmg_dubai.sahlastore.library.BaseLib">
    <skipped/>
  </testcase> <!-- createSheet -->
  <testcase name="createSheet" classname="com.lmg_dubai.sahlastore.library.BaseLib">
    <skipped/>
  </testcase> <!-- createSheet -->
  <testcase name="createSheet" classname="com.lmg_dubai.sahlastore.library.BaseLib">
    <skipped/>
  </testcase> <!-- createSheet -->
  <testcase name="createSheet" classname="com.lmg_dubai.sahlastore.library.BaseLib">
    <skipped/>
  </testcase> <!-- createSheet -->
  <testcase name="createSheet" classname="com.lmg_dubai.sahlastore.library.BaseLib">
    <skipped/>
  </testcase> <!-- createSheet -->
  <testcase name="createSheet" classname="com.lmg_dubai.sahlastore.library.BaseLib">
    <skipped/>
  </testcase> <!-- createSheet -->
  <testcase name="createSheet" classname="com.lmg_dubai.sahlastore.library.BaseLib">
    <skipped/>
  </testcase> <!-- createSheet -->
  <testcase name="createSheet" classname="com.lmg_dubai.sahlastore.library.BaseLib">
    <skipped/>
  </testcase> <!-- createSheet -->
  <testcase name="createSheet" classname="com.lmg_dubai.sahlastore.library.BaseLib">
    <skipped/>
  </testcase> <!-- createSheet -->
  <testcase name="createSheet" classname="com.lmg_dubai.sahlastore.library.BaseLib">
    <skipped/>
  </testcase> <!-- createSheet -->
  <testcase name="createSheet" classname="com.lmg_dubai.sahlastore.library.BaseLib">
    <skipped/>
  </testcase> <!-- createSheet -->
  <testcase name="createSheet" classname="com.lmg_dubai.sahlastore.library.BaseLib">
    <skipped/>
  </testcase> <!-- createSheet -->
  <testcase name="createSheet" classname="com.lmg_dubai.sahlastore.library.BaseLib">
    <skipped/>
  </testcase> <!-- createSheet -->
  <testcase name="createSheet" classname="com.lmg_dubai.sahlastore.library.BaseLib">
    <skipped/>
  </testcase> <!-- createSheet -->
  <testcase name="createSheet" classname="com.lmg_dubai.sahlastore.library.BaseLib">
    <skipped/>
  </testcase> <!-- createSheet -->
  <testcase name="createSheet" classname="com.lmg_dubai.sahlastore.library.BaseLib">
    <skipped/>
  </testcase> <!-- createSheet -->
  <testcase name="createSheet" classname="com.lmg_dubai.sahlastore.library.BaseLib">
    <skipped/>
  </testcase> <!-- createSheet -->
  <testcase name="createSheet" classname="com.lmg_dubai.sahlastore.library.BaseLib">
    <skipped/>
  </testcase> <!-- createSheet -->
  <testcase name="createSheet" classname="com.lmg_dubai.sahlastore.library.BaseLib">
    <skipped/>
  </testcase> <!-- createSheet -->
  <testcase name="createSheet" classname="com.lmg_dubai.sahlastore.library.BaseLib">
    <skipped/>
  </testcase> <!-- createSheet -->
  <testcase name="createSheet" classname="com.lmg_dubai.sahlastore.library.BaseLib">
    <skipped/>
  </testcase> <!-- createSheet -->
  <testcase name="createSheet" classname="com.lmg_dubai.sahlastore.library.BaseLib">
    <skipped/>
  </testcase> <!-- createSheet -->
  <testcase name="createSheet" classname="com.lmg_dubai.sahlastore.library.BaseLib">
    <skipped/>
  </testcase> <!-- createSheet -->
  <testcase name="createSheet" classname="com.lmg_dubai.sahlastore.library.BaseLib">
    <skipped/>
  </testcase> <!-- createSheet -->
  <testcase name="createSheet" classname="com.lmg_dubai.sahlastore.library.BaseLib">
    <skipped/>
  </testcase> <!-- createSheet -->
  <testcase name="createSheet" classname="com.lmg_dubai.sahlastore.library.BaseLib">
    <skipped/>
  </testcase> <!-- createSheet -->
  <testcase name="createSheet" classname="com.lmg_dubai.sahlastore.library.BaseLib">
    <skipped/>
  </testcase> <!-- createSheet -->
  <testcase name="createSheet" classname="com.lmg_dubai.sahlastore.library.BaseLib">
    <skipped/>
  </testcase> <!-- createSheet -->
  <testcase name="createSheet" classname="com.lmg_dubai.sahlastore.library.BaseLib">
    <skipped/>
  </testcase> <!-- createSheet -->
  <testcase name="createSheet" classname="com.lmg_dubai.sahlastore.library.BaseLib">
    <skipped/>
  </testcase> <!-- createSheet -->
</testsuite> <!-- com.lmg_dubai.sahlastore.inventory.SStore_TS045_Inventory_SendStoreTransfer -->
