<?xml version="1.0" encoding="UTF-8"?>
<!-- Generated by org.testng.reporters.JUnitReportReporter -->
<testsuite skipped="0" hostname="LAPTOP-2H3V8ME1" name="com.lmg_dubai.sahlastore.dashboard.ATC002" tests="1" failures="0" timestamp="2020-04-05T22:31:01 IST" time="88.395" errors="0">
  <testcase name="testAtc001" time="88.395" classname="com.lmg_dubai.sahlastore.dashboard.ATC002"/>
  <system-out/>
</testsuite> <!-- com.lmg_dubai.sahlastore.dashboard.ATC002 -->
