<?xml version="1.0" encoding="UTF-8"?>
<!-- Generated by org.testng.reporters.JUnitReportReporter -->
<testsuite skipped="0" hostname="TYSS-CL" name="com.lmg_dubai.sahlastore.customer.Customer_GlobalSearchMobile_KTC016" tests="1" failures="0" timestamp="2020-04-15T20:32:26 IST" time="187.011" errors="0">
  <testcase name="ktc016" time="187.011" classname="com.lmg_dubai.sahlastore.customer.Customer_GlobalSearchMobile_KTC016"/>
  <system-out/>
</testsuite> <!-- com.lmg_dubai.sahlastore.customer.Customer_GlobalSearchMobile_KTC016 -->
