<?xml version="1.0" encoding="UTF-8"?>
<!-- Generated by org.testng.reporters.JUnitReportReporter -->
<testsuite skipped="0" hostname="LAPTOP-2H3V8ME1" name="com.lmg_dubai.sahlastore.inventory.Inventory_Send_Return_STC007" tests="1" failures="0" timestamp="2020-05-02T18:00:53 IST" time="63.561" errors="0">
  <testcase name="stc007" time="63.561" classname="com.lmg_dubai.sahlastore.inventory.Inventory_Send_Return_STC007"/>
  <system-out/>
</testsuite> <!-- com.lmg_dubai.sahlastore.inventory.Inventory_Send_Return_STC007 -->
