<?xml version="1.0" encoding="UTF-8"?>
<!-- Generated by org.testng.reporters.JUnitReportReporter -->
<testsuite skipped="0" hostname="LAPTOP-2H3V8ME1" name="com.lmg_dubai.sahlastore.customer.KTC010" tests="1" failures="0" timestamp="2020-04-13T23:15:47 IST" time="189.641" errors="0">
  <testcase name="ktc010" time="189.641" classname="com.lmg_dubai.sahlastore.customer.KTC010"/>
  <system-out/>
</testsuite> <!-- com.lmg_dubai.sahlastore.customer.KTC010 -->
