<?xml version="1.0" encoding="UTF-8"?>
<!-- Generated by org.testng.reporters.JUnitReportReporter -->
<testsuite skipped="0" hostname="LAPTOP-2H3V8ME1" name="com.lmg_dubai.sahlastore.customer.Test4" tests="1" failures="0" timestamp="2020-05-03T17:57:42 IST" time="0.001" errors="0">
  <testcase name="test1" time="0.001" classname="com.lmg_dubai.sahlastore.customer.Test4"/>
  <system-out/>
</testsuite> <!-- com.lmg_dubai.sahlastore.customer.Test4 -->
