<?xml version="1.0" encoding="UTF-8"?>
<!-- Generated by org.testng.reporters.JUnitReportReporter -->
<testsuite skipped="0" hostname="LAPTOP-2H3V8ME1" name="com.lmg_dubai.sahlastore.dashboard.Dashboard_Sales_ATC024" tests="1" failures="0" timestamp="2020-04-22T10:21:37 IST" time="53.083" errors="1">
  <testcase name="testAtc024" time="53.083" classname="com.lmg_dubai.sahlastore.dashboard.Dashboard_Sales_ATC024">
    <error type="org.openqa.selenium.WebDriverException" message="An unknown server-side error occurred while processing the command. Original error: Could not proxy command to remote server. Original error: Error: socket hang up
Build info: version: &#039;3.4.0&#039;, revision: &#039;unknown&#039;, time: &#039;unknown&#039;
System info: host: &#039;LAPTOP-2H3V8ME1&#039;, ip: &#039;192.168.0.108&#039;, os.name: &#039;Windows 10&#039;, os.arch: &#039;amd64&#039;, os.version: &#039;10.0&#039;, java.version: &#039;1.8.0_162&#039;
Driver info: io.appium.java_client.android.AndroidDriver
Capabilities [{appPackage=com.landmarkgroup.sahla, statBarHeight=89.0, noReset=true, viewportRect={top=89.0, left=0.0, width=1080.0, height=1976.0}, deviceName=DRGID18082805715, fullReset=false, platform=ANDROID, deviceUDID=DRGID18082805715, desired={appPackage=com.landmarkgroup.sahla, noReset=true, allowDenyPermission=true, deviceName=Samsung, fullReset=false, platform=ANDROID, appActivity=crc646ee66886a7a00442.SplashScreen, newCommandTimeout=1200.0, platformVersion=10.0, adbExecTimeout=30000.0, automationName=UiAutomator2, autoGrantPermissions=true, autoAcceptAlert=true, platformName=Android, udid=DRGID18082805715}, newCommandTimeout=1200.0, platformVersion=10, webStorageEnabled=false, automationName=UiAutomator2, takesScreenshot=true, javascriptEnabled=true, autoAcceptAlert=true, platformName=Android, udid=DRGID18082805715, deviceApiLevel=29.0, deviceManufacturer=HMD Global, deviceScreenSize=1080x2280, networkConnectionEnabled=true, allowDenyPermission=true, warnings={}, databaseEnabled=false, appActivity=crc646ee66886a7a00442.SplashScreen, adbExecTimeout=30000.0, pixelRatio=2.625, locationContextEnabled=false, autoGrantPermissions=true, deviceScreenDensity=420.0, deviceModel=Nokia 6.1 Plus}]
Session ID: 95ed4703-a3a7-45bc-ac8a-85765e8c8f9d
*** Element info: {Using=xpath, value=//android.widget.ImageButton[@resource-id=&#039;android:id/prev&#039;]}">
      <![CDATA[org.openqa.selenium.WebDriverException: An unknown server-side error occurred while processing the command. Original error: Could not proxy command to remote server. Original error: Error: socket hang up
Build info: version: '3.4.0', revision: 'unknown', time: 'unknown'
System info: host: 'LAPTOP-2H3V8ME1', ip: '192.168.0.108', os.name: 'Windows 10', os.arch: 'amd64', os.version: '10.0', java.version: '1.8.0_162'
Driver info: io.appium.java_client.android.AndroidDriver
Capabilities [{appPackage=com.landmarkgroup.sahla, statBarHeight=89.0, noReset=true, viewportRect={top=89.0, left=0.0, width=1080.0, height=1976.0}, deviceName=DRGID18082805715, fullReset=false, platform=ANDROID, deviceUDID=DRGID18082805715, desired={appPackage=com.landmarkgroup.sahla, noReset=true, allowDenyPermission=true, deviceName=Samsung, fullReset=false, platform=ANDROID, appActivity=crc646ee66886a7a00442.SplashScreen, newCommandTimeout=1200.0, platformVersion=10.0, adbExecTimeout=30000.0, automationName=UiAutomator2, autoGrantPermissions=true, autoAcceptAlert=true, platformName=Android, udid=DRGID18082805715}, newCommandTimeout=1200.0, platformVersion=10, webStorageEnabled=false, automationName=UiAutomator2, takesScreenshot=true, javascriptEnabled=true, autoAcceptAlert=true, platformName=Android, udid=DRGID18082805715, deviceApiLevel=29.0, deviceManufacturer=HMD Global, deviceScreenSize=1080x2280, networkConnectionEnabled=true, allowDenyPermission=true, warnings={}, databaseEnabled=false, appActivity=crc646ee66886a7a00442.SplashScreen, adbExecTimeout=30000.0, pixelRatio=2.625, locationContextEnabled=false, autoGrantPermissions=true, deviceScreenDensity=420.0, deviceModel=Nokia 6.1 Plus}]
Session ID: 95ed4703-a3a7-45bc-ac8a-85765e8c8f9d
*** Element info: {Using=xpath, value=//android.widget.ImageButton[@resource-id='android:id/prev']}
at sun.reflect.GeneratedConstructorAccessor60.newInstance(Unknown Source)
at sun.reflect.DelegatingConstructorAccessorImpl.newInstance(Unknown Source)
at java.lang.reflect.Constructor.newInstance(Unknown Source)
at org.openqa.selenium.remote.http.W3CHttpResponseCodec.createException(W3CHttpResponseCodec.java:150)
at org.openqa.selenium.remote.http.W3CHttpResponseCodec.decode(W3CHttpResponseCodec.java:115)
at org.openqa.selenium.remote.http.W3CHttpResponseCodec.decode(W3CHttpResponseCodec.java:45)
at org.openqa.selenium.remote.HttpCommandExecutor.execute(HttpCommandExecutor.java:164)
at io.appium.java_client.remote.AppiumCommandExecutor.execute(AppiumCommandExecutor.java:69)
at org.openqa.selenium.remote.RemoteWebDriver.execute(RemoteWebDriver.java:637)
at io.appium.java_client.DefaultGenericMobileDriver.execute(DefaultGenericMobileDriver.java:40)
at io.appium.java_client.AppiumDriver.execute(AppiumDriver.java:1)
at io.appium.java_client.android.AndroidDriver.execute(AndroidDriver.java:1)
at org.openqa.selenium.remote.RemoteWebDriver.findElements(RemoteWebDriver.java:437)
at io.appium.java_client.DefaultGenericMobileDriver.findElements(DefaultGenericMobileDriver.java:48)
at io.appium.java_client.AppiumDriver.findElements(AppiumDriver.java:195)
at org.openqa.selenium.remote.RemoteWebDriver.findElementsByXPath(RemoteWebDriver.java:513)
at io.appium.java_client.DefaultGenericMobileDriver.findElementsByXPath(DefaultGenericMobileDriver.java:138)
at io.appium.java_client.AppiumDriver.findElementsByXPath(AppiumDriver.java:227)
at org.openqa.selenium.By$ByXPath.findElements(By.java:356)
at org.openqa.selenium.remote.RemoteWebDriver.findElements(RemoteWebDriver.java:398)
at io.appium.java_client.DefaultGenericMobileDriver.findElements(DefaultGenericMobileDriver.java:44)
at io.appium.java_client.AppiumDriver.findElements(AppiumDriver.java:191)
at org.openqa.selenium.support.ui.ExpectedConditions.findElement(ExpectedConditions.java:882)
at org.openqa.selenium.support.ui.ExpectedConditions.access$000(ExpectedConditions.java:44)
at org.openqa.selenium.support.ui.ExpectedConditions$6.apply(ExpectedConditions.java:183)
at org.openqa.selenium.support.ui.ExpectedConditions$6.apply(ExpectedConditions.java:180)
at org.openqa.selenium.support.ui.FluentWait.until(FluentWait.java:209)
at com.lmg_dubai.sahlasell.library.GenericLib.explicitWait(GenericLib.java:615)
at com.lmg_dubai.sahlasell.pages.DashboardSalesPage.selectPrevMonthDate(DashboardSalesPage.java:231)
at com.lmg_dubai.sahlastore.dashboard.Dashboard_Sales_ATC024.testAtc024(Dashboard_Sales_ATC024.java:18)
at sun.reflect.NativeMethodAccessorImpl.invoke0(Native Method)
at sun.reflect.NativeMethodAccessorImpl.invoke(Unknown Source)
at sun.reflect.DelegatingMethodAccessorImpl.invoke(Unknown Source)
at java.lang.reflect.Method.invoke(Unknown Source)
at org.testng.internal.MethodInvocationHelper.invokeMethod(MethodInvocationHelper.java:134)
at org.testng.internal.TestInvoker.invokeMethod(TestInvoker.java:597)
at org.testng.internal.TestInvoker.invokeTestMethod(TestInvoker.java:173)
at org.testng.internal.MethodRunner.runInSequence(MethodRunner.java:46)
at org.testng.internal.TestInvoker$MethodInvocationAgent.invoke(TestInvoker.java:816)
at org.testng.internal.TestInvoker.invokeTestMethods(TestInvoker.java:146)
at org.testng.internal.TestMethodWorker.invokeTestMethods(TestMethodWorker.java:146)
at org.testng.internal.TestMethodWorker.run(TestMethodWorker.java:128)
at java.util.ArrayList.forEach(Unknown Source)
at org.testng.TestRunner.privateRun(TestRunner.java:766)
at org.testng.TestRunner.run(TestRunner.java:587)
at org.testng.SuiteRunner.runTest(SuiteRunner.java:384)
at org.testng.SuiteRunner.runSequentially(SuiteRunner.java:378)
at org.testng.SuiteRunner.privateRun(SuiteRunner.java:337)
at org.testng.SuiteRunner.run(SuiteRunner.java:286)
at org.testng.SuiteRunnerWorker.runSuite(SuiteRunnerWorker.java:53)
at org.testng.SuiteRunnerWorker.run(SuiteRunnerWorker.java:96)
at org.testng.TestNG.runSuitesSequentially(TestNG.java:1187)
at org.testng.TestNG.runSuitesLocally(TestNG.java:1109)
at org.testng.TestNG.runSuites(TestNG.java:1039)
at org.testng.TestNG.run(TestNG.java:1007)
at org.testng.remote.AbstractRemoteTestNG.run(AbstractRemoteTestNG.java:115)
at org.testng.remote.RemoteTestNG.initAndRun(RemoteTestNG.java:251)
at org.testng.remote.RemoteTestNG.main(RemoteTestNG.java:77)
]]>
    </error>
  </testcase> <!-- testAtc024 -->
  <system-out/>
</testsuite> <!-- com.lmg_dubai.sahlastore.dashboard.Dashboard_Sales_ATC024 -->
