<?xml version="1.0" encoding="UTF-8"?>
<!-- Generated by org.testng.reporters.JUnitReportReporter -->
<testsuite name="com.lmg_dubai.sahlastore.inventory.SStore_TS000012_Inventory_Consolidate" tests="1" time="109.308" ignored="0" failures="0" timestamp="21 Oct 2020 12:27:30 GMT" skipped="0" hostname="LAPTOP-38LR7550" errors="0">
  <testcase name="ts00012" time="109.308" classname="com.lmg_dubai.sahlastore.inventory.SStore_TS000012_Inventory_Consolidate"/>
</testsuite> <!-- com.lmg_dubai.sahlastore.inventory.SStore_TS000012_Inventory_Consolidate -->
