<?xml version="1.0" encoding="UTF-8"?>
<!-- Generated by org.testng.reporters.JUnitReportReporter -->
<testsuite skipped="0" hostname="LAPTOP-2H3V8ME1" name="com.lmg_dubai.sahlastore.inventory.Inventory_Receive_WHDelivery_STC021" tests="1" failures="0" timestamp="2020-04-22T10:21:37 IST" time="39.485" errors="0">
  <testcase name="stc021" time="39.485" classname="com.lmg_dubai.sahlastore.inventory.Inventory_Receive_WHDelivery_STC021"/>
  <system-out/>
</testsuite> <!-- com.lmg_dubai.sahlastore.inventory.Inventory_Receive_WHDelivery_STC021 -->
