<?xml version="1.0" encoding="UTF-8"?>
<!-- Generated by org.testng.reporters.JUnitReportReporter -->
<testsuite skipped="0" hostname="LAPTOP-2H3V8ME1" name="com.lmg_dubai.sahlastore.dashboard.Dashboard_TopFlop_Top_ATC004" tests="1" failures="0" timestamp="2020-04-22T13:23:45 IST" time="81.393" errors="0">
  <testcase name="testAtc004" time="81.393" classname="com.lmg_dubai.sahlastore.dashboard.Dashboard_TopFlop_Top_ATC004"/>
  <system-out/>
</testsuite> <!-- com.lmg_dubai.sahlastore.dashboard.Dashboard_TopFlop_Top_ATC004 -->
