<?xml version="1.0" encoding="UTF-8"?>
<!-- Generated by org.testng.reporters.JUnitReportReporter -->
<testsuite skipped="0" hostname="LAPTOP-2H3V8ME1" name="com.lmg_dubai.sahlastore.customer.Customer_EnrollShukaranMember_KTC002" tests="1" failures="0" timestamp="2020-04-22T14:36:38 IST" time="257.287" errors="0">
  <testcase name="ktc002" time="257.287" classname="com.lmg_dubai.sahlastore.customer.Customer_EnrollShukaranMember_KTC002"/>
  <system-out/>
</testsuite> <!-- com.lmg_dubai.sahlastore.customer.Customer_EnrollShukaranMember_KTC002 -->
