<?xml version="1.0" encoding="UTF-8"?>
<!-- Generated by org.testng.reporters.JUnitReportReporter -->
<testsuite name="com.lmg_dubai.sahlastore.inventory.SStore_TS51882_Inventory_Consolidate" tests="1" time="60.227" ignored="0" failures="0" timestamp="22 Oct 2020 12:02:34 GMT" skipped="0" hostname="LAPTOP-38LR7550" errors="0">
  <testcase name="ts51882" time="60.227" classname="com.lmg_dubai.sahlastore.inventory.SStore_TS51882_Inventory_Consolidate"/>
</testsuite> <!-- com.lmg_dubai.sahlastore.inventory.SStore_TS51882_Inventory_Consolidate -->
