<?xml version="1.0" encoding="UTF-8"?>
<!-- Generated by org.testng.reporters.JUnitReportReporter -->
<testsuite name="com.lmg_dubai.sahlastore.inventory.SStore_TS000013_Inventory_Consolidate" tests="1" time="100.617" ignored="0" failures="0" timestamp="21 Oct 2020 07:49:26 GMT" skipped="0" hostname="LAPTOP-38LR7550" errors="0">
  <testcase name="ts00013" time="100.617" classname="com.lmg_dubai.sahlastore.inventory.SStore_TS000013_Inventory_Consolidate"/>
</testsuite> <!-- com.lmg_dubai.sahlastore.inventory.SStore_TS000013_Inventory_Consolidate -->
